{"obj": {"type": "AssignString", "path": ["sys", "name"], "value": "MLM_model"}, "version": 1}
{"obj": {"type": "AssignString", "path": ["sys", "description"], "value": ""}, "version": 2}
{"obj": {"type": "AssignString", "path": ["monitoring", "28b4c540", "hostname"], "value": "mikkel4c14"}, "version": 3}
{"obj": {"type": "AssignString", "path": ["sys", "hostname"], "value": "mikkel4c14"}, "version": 4}
{"obj": {"type": "AssignString", "path": ["monitoring", "28b4c540", "pid"], "value": "47852"}, "version": 5}
{"obj": {"type": "AssignString", "path": ["monitoring", "28b4c540", "tid"], "value": "140032643991360"}, "version": 6}
{"obj": {"type": "AssignBool", "path": ["sys", "failed"], "value": false}, "version": 7}
{"obj": {"type": "ClearStringLog", "path": ["monitoring", "28b4c540", "stdout"]}, "version": 8}
{"obj": {"type": "ClearStringLog", "path": ["monitoring", "28b4c540", "stderr"]}, "version": 9}
{"obj": {"type": "AssignString", "path": ["source_code", "entrypoint"], "value": "executeBehrtMLM.py"}, "version": 10}
{"obj": {"type": "UploadFileSet", "path": ["source_code", "files"], "file_globs": ["/mnt/batch/tasks/shared/LS_root/mounts/clusters/mikkel4c14/code/Users/mikkel.sinkjaer/transformerEHR/task/executeBehrtMLM.py"], "reset": "False"}, "version": 11}
{"obj": {"type": "UploadFile", "path": ["source_code", "diff"], "ext": "patch", "file_path": null, "tmp_file_name": "source_code_diff-1691666058.236157-2023-08-10_11.14.18.236157.patch", "clean_after_upload": false}, "version": 12}
{"obj": {"type": "UploadFile", "path": ["source_code", "upstream_diff_None"], "ext": "patch", "file_path": null, "tmp_file_name": "source_code_upstream_diff_None-1691666058.435359-2023-08-10_11.14.18.435359.patch", "clean_after_upload": false}, "version": 13}
{"obj": {"type": "LogStrings", "path": ["monitoring", "28b4c540", "stderr"], "values": [{"value": "Info (NVML): Driver Not Loaded. GPU usage metrics may not be reported. For more information, see https://docs.neptune.ai/help/nvml_error/\n", "step": null, "ts": 1691666058.7126641}]}, "version": 14}
{"obj": {"type": "ConfigFloatSeries", "path": ["monitoring", "28b4c540", "cpu"], "min": 0.0, "max": 100.0, "unit": "%"}, "version": 15}
{"obj": {"type": "ClearFloatLog", "path": ["monitoring", "28b4c540", "cpu"]}, "version": 16}
{"obj": {"type": "ConfigFloatSeries", "path": ["monitoring", "28b4c540", "memory"], "min": 0.0, "max": 13.659683227539062, "unit": "GB"}, "version": 17}
{"obj": {"type": "ClearFloatLog", "path": ["monitoring", "28b4c540", "memory"]}, "version": 18}
{"obj": {"type": "AssignString", "path": ["source_code", "integrations", "pytorch-lightning"], "value": "2.0.6"}, "version": 19}
{"obj": {"type": "AssignInt", "path": ["training", "hyperparams", "vocab_size"], "value": 68}, "version": 20}
{"obj": {"type": "AssignInt", "path": ["training", "hyperparams", "hidden_size"], "value": 288}, "version": 21}
{"obj": {"type": "AssignInt", "path": ["training", "hyperparams", "seg_vocab_size"], "value": 2}, "version": 22}
{"obj": {"type": "AssignInt", "path": ["training", "hyperparams", "date_vocab_size"], "value": 8400}, "version": 23}
{"obj": {"type": "AssignInt", "path": ["training", "hyperparams", "age_vocab_size"], "value": 144}, "version": 24}
{"obj": {"type": "AssignInt", "path": ["training", "hyperparams", "max_position_embedding"], "value": 512}, "version": 25}
{"obj": {"type": "AssignFloat", "path": ["training", "hyperparams", "hidden_dropout_prob"], "value": 0.1}, "version": 26}
{"obj": {"type": "AssignInt", "path": ["training", "hyperparams", "num_hidden_layers"], "value": 6}, "version": 27}
{"obj": {"type": "AssignInt", "path": ["training", "hyperparams", "num_attention_heads"], "value": 12}, "version": 28}
{"obj": {"type": "AssignFloat", "path": ["training", "hyperparams", "attention_probs_dropout_prob"], "value": 0.1}, "version": 29}
{"obj": {"type": "AssignInt", "path": ["training", "hyperparams", "intermediate_size"], "value": 512}, "version": 30}
{"obj": {"type": "AssignString", "path": ["training", "hyperparams", "hidden_act"], "value": "gelu"}, "version": 31}
{"obj": {"type": "AssignFloat", "path": ["training", "hyperparams", "initializer_range"], "value": 0.02}, "version": 32}
{"obj": {"type": "AssignFloat", "path": ["training", "hyperparams", "optim_param", "lr"], "value": 2e-05}, "version": 33}
{"obj": {"type": "AssignFloat", "path": ["training", "hyperparams", "optim_param", "warmup_proportion"], "value": 0.1}, "version": 34}
{"obj": {"type": "AssignFloat", "path": ["training", "hyperparams", "optim_param", "weight_decay"], "value": 0.01}, "version": 35}
{"obj": {"type": "LogFloats", "path": ["monitoring", "28b4c540", "cpu"], "values": [{"value": 20.5, "step": null, "ts": 1691666059.1207101}]}, "version": 36}
{"obj": {"type": "LogFloats", "path": ["monitoring", "28b4c540", "memory"], "values": [{"value": 8.062850952148438, "step": null, "ts": 1691666059.1207101}]}, "version": 37}
{"obj": {"type": "AssignString", "path": ["training", "status"], "value": "failed"}, "version": 38}
{"obj": {"type": "LogStrings", "path": ["monitoring", "28b4c540", "traceback"], "values": [{"value": "An uncaught exception occurred while run was active on worker mikkel4c14.", "step": null, "ts": 1691666064.4959283}, {"value": "Marking run as failed", "step": null, "ts": 1691666064.4959283}, {"value": "Traceback:", "step": null, "ts": 1691666064.4959283}, {"value": "  File \"/mnt/batch/tasks/shared/LS_root/mounts/clusters/mikkel4c14/code/Users/mikkel.sinkjaer/transformerEHR/task/executeBehrtMLM.py\", line 154, in <module>\n    trainer.fit(model=task, train_dataloaders=trainload, val_dataloaders=valload)\n", "step": null, "ts": 1691666064.4959283}, {"value": "  File \"/anaconda/envs/behrt_cpu/lib/python3.11/site-packages/lightning/pytorch/trainer/trainer.py\", line 529, in fit\n    call._call_and_handle_interrupt(\n", "step": null, "ts": 1691666064.4959283}, {"value": "  File \"/anaconda/envs/behrt_cpu/lib/python3.11/site-packages/lightning/pytorch/trainer/call.py\", line 42, in _call_and_handle_interrupt\n    return trainer_fn(*args, **kwargs)\n           ^^^^^^^^^^^^^^^^^^^^^^^^^^^\n", "step": null, "ts": 1691666064.4959283}, {"value": "  File \"/anaconda/envs/behrt_cpu/lib/python3.11/site-packages/lightning/pytorch/trainer/trainer.py\", line 568, in _fit_impl\n    self._run(model, ckpt_path=ckpt_path)\n", "step": null, "ts": 1691666064.4959283}, {"value": "  File \"/anaconda/envs/behrt_cpu/lib/python3.11/site-packages/lightning/pytorch/trainer/trainer.py\", line 949, in _run\n    self.strategy.setup(self)\n", "step": null, "ts": 1691666064.4959283}, {"value": "  File \"/anaconda/envs/behrt_cpu/lib/python3.11/site-packages/lightning/pytorch/strategies/single_device.py\", line 75, in setup\n    super().setup(trainer)\n", "step": null, "ts": 1691666064.4959283}, {"value": "  File \"/anaconda/envs/behrt_cpu/lib/python3.11/site-packages/lightning/pytorch/strategies/strategy.py\", line 149, in setup\n    self.setup_optimizers(trainer)\n", "step": null, "ts": 1691666064.4959283}]}, "version": 39}
{"obj": {"type": "LogStrings", "path": ["monitoring", "28b4c540", "traceback"], "values": [{"value": "  File \"/anaconda/envs/behrt_cpu/lib/python3.11/site-packages/lightning/pytorch/strategies/strategy.py\", line 139, in setup_optimizers\n    self.optimizers, self.lr_scheduler_configs = _init_optimizers_and_lr_schedulers(self.lightning_module)\n                                                 ^^^^^^^^^^^^^^^^^^^^^^^^^^^^^^^^^^^^^^^^^^^^^^^^^^^^^^^^^\n", "step": null, "ts": 1691666064.4959283}, {"value": "  File \"/anaconda/envs/behrt_cpu/lib/python3.11/site-packages/lightning/pytorch/core/optimizer.py\", line 168, in _init_optimizers_and_lr_schedulers\n    optim_conf = call._call_lightning_module_hook(model.trainer, \"configure_optimizers\", pl_module=model)\n                 ^^^^^^^^^^^^^^^^^^^^^^^^^^^^^^^^^^^^^^^^^^^^^^^^^^^^^^^^^^^^^^^^^^^^^^^^^^^^^^^^^^^^^^^^\n", "step": null, "ts": 1691666064.4959283}, {"value": "  File \"/anaconda/envs/behrt_cpu/lib/python3.11/site-packages/lightning/pytorch/trainer/call.py\", line 144, in _call_lightning_module_hook\n    output = fn(*args, **kwargs)\n             ^^^^^^^^^^^^^^^^^^^\n", "step": null, "ts": 1691666064.4959283}, {"value": "  File \"/mnt/batch/tasks/shared/LS_root/mounts/clusters/mikkel4c14/code/Users/mikkel.sinkjaer/transformerEHR/task/../model/behrt.py\", line 292, in configure_optimizers\n    optimizer = torch.optim.Adam(self.parameters(), lr=self.config.optim_param.lr,weight_decay=self.config.optim_param.weight_decay)\n                                                       ^^^^^^^^^^^^^^^^^^^^^^^^^^\n", "step": null, "ts": 1691666064.4959283}, {"value": "'dict' object has no attribute 'lr'", "step": null, "ts": 1691666064.4959283}]}, "version": 40}
{"obj": {"type": "AssignBool", "path": ["sys", "failed"], "value": true}, "version": 41}
{"obj": {"type": "LogStrings", "path": ["monitoring", "28b4c540", "stderr"], "values": [{"value": "", "step": null, "ts": 1691666064.6557193}]}, "version": 42}
{"obj": {"type": "LogStrings", "path": ["monitoring", "28b4c540", "stdout"], "values": [{"value": "Shutting down background jobs, please wait a moment...\n", "step": null, "ts": 1691666064.7314491}]}, "version": 43}
{"obj": {"type": "LogStrings", "path": ["monitoring", "28b4c540", "stderr"], "values": [{"value": "Traceback (most recent call last):\n", "step": null, "ts": 1691666064.811738}]}, "version": 44}
{"obj": {"type": "LogStrings", "path": ["monitoring", "28b4c540", "stderr"], "values": [{"value": "", "step": null, "ts": 1691666064.9554472}]}, "version": 45}
{"obj": {"type": "LogStrings", "path": ["monitoring", "28b4c540", "stderr"], "values": [{"value": "  File \"/mnt/batch/tasks/shared/LS_root/mounts/clusters/mikkel4c14/code/Users/mikkel.sinkjaer/transformerEHR/task/executeBehrtMLM.py\", line 154, in <module>\n", "step": null, "ts": 1691666065.0143847}]}, "version": 46}
{"obj": {"type": "LogStrings", "path": ["monitoring", "28b4c540", "stderr"], "values": [{"value": "", "step": null, "ts": 1691666065.0363512}]}, "version": 47}
{"obj": {"type": "LogStrings", "path": ["monitoring", "28b4c540", "stderr"], "values": [{"value": "    ", "step": null, "ts": 1691666065.084441}]}, "version": 48}
{"obj": {"type": "LogStrings", "path": ["monitoring", "28b4c540", "stderr"], "values": [{"value": "trainer.fit(model=task, train_dataloaders=trainload, val_dataloaders=valload)", "step": null, "ts": 1691666065.145365}]}, "version": 49}
{"obj": {"type": "LogStrings", "path": ["monitoring", "28b4c540", "stderr"], "values": [{"value": "\n", "step": null, "ts": 1691666065.1670575}]}, "version": 50}
{"obj": {"type": "LogStrings", "path": ["monitoring", "28b4c540", "stderr"], "values": [{"value": "", "step": null, "ts": 1691666065.3376582}]}, "version": 51}
{"obj": {"type": "LogStrings", "path": ["monitoring", "28b4c540", "stderr"], "values": [{"value": "  File \"/anaconda/envs/behrt_cpu/lib/python3.11/site-packages/lightning/pytorch/trainer/trainer.py\", line 529, in fit\n", "step": null, "ts": 1691666065.4084837}]}, "version": 52}
{"obj": {"type": "LogStrings", "path": ["monitoring", "28b4c540", "stderr"], "values": [{"value": "", "step": null, "ts": 1691666065.445989}]}, "version": 53}
{"obj": {"type": "LogStrings", "path": ["monitoring", "28b4c540", "stderr"], "values": [{"value": "    ", "step": null, "ts": 1691666065.4691386}]}, "version": 54}
{"obj": {"type": "LogStrings", "path": ["monitoring", "28b4c540", "stderr"], "values": [{"value": "call._call_and_handle_interrupt(", "step": null, "ts": 1691666065.4950366}]}, "version": 55}
{"obj": {"type": "LogStrings", "path": ["monitoring", "28b4c540", "stderr"], "values": [{"value": "\n", "step": null, "ts": 1691666065.5307932}]}, "version": 56}
{"obj": {"type": "LogStrings", "path": ["monitoring", "28b4c540", "stderr"], "values": [{"value": "", "step": null, "ts": 1691666065.5653772}]}, "version": 57}
{"obj": {"type": "LogStrings", "path": ["monitoring", "28b4c540", "stderr"], "values": [{"value": "  File \"/anaconda/envs/behrt_cpu/lib/python3.11/site-packages/lightning/pytorch/trainer/call.py\", line 42, in _call_and_handle_interrupt\n", "step": null, "ts": 1691666065.6735373}]}, "version": 58}
{"obj": {"type": "LogStrings", "path": ["monitoring", "28b4c540", "stderr"], "values": [{"value": "", "step": null, "ts": 1691666065.721129}]}, "version": 59}
{"obj": {"type": "LogStrings", "path": ["monitoring", "28b4c540", "stderr"], "values": [{"value": "    ", "step": null, "ts": 1691666065.7523263}]}, "version": 60}
{"obj": {"type": "LogStrings", "path": ["monitoring", "28b4c540", "stderr"], "values": [{"value": "return trainer_fn(*args, **kwargs)", "step": null, "ts": 1691666065.8009057}]}, "version": 61}
{"obj": {"type": "LogStrings", "path": ["monitoring", "28b4c540", "stderr"], "values": [{"value": "\n", "step": null, "ts": 1691666065.9269834}]}, "version": 62}
{"obj": {"type": "LogStrings", "path": ["monitoring", "28b4c540", "stderr"], "values": [{"value": "", "step": null, "ts": 1691666065.9676914}]}, "version": 63}
{"obj": {"type": "LogStrings", "path": ["monitoring", "28b4c540", "stderr"], "values": [{"value": " ", "step": null, "ts": 1691666066.0486598}]}, "version": 64}
{"obj": {"type": "LogStrings", "path": ["monitoring", "28b4c540", "stderr"], "values": [{"value": " ", "step": null, "ts": 1691666066.0793946}]}, "version": 65}
{"obj": {"type": "LogStrings", "path": ["monitoring", "28b4c540", "stderr"], "values": [{"value": " ", "step": null, "ts": 1691666066.147978}]}, "version": 66}
{"obj": {"type": "LogStrings", "path": ["monitoring", "28b4c540", "stderr"], "values": [{"value": " ", "step": null, "ts": 1691666066.2001667}]}, "version": 67}
{"obj": {"type": "LogStrings", "path": ["monitoring", "28b4c540", "stderr"], "values": [{"value": " ", "step": null, "ts": 1691666066.227427}]}, "version": 68}
{"obj": {"type": "LogStrings", "path": ["monitoring", "28b4c540", "stderr"], "values": [{"value": " ", "step": null, "ts": 1691666066.2560296}]}, "version": 69}
{"obj": {"type": "LogStrings", "path": ["monitoring", "28b4c540", "stderr"], "values": [{"value": " ", "step": null, "ts": 1691666066.338175}]}, "version": 70}
{"obj": {"type": "LogStrings", "path": ["monitoring", "28b4c540", "stderr"], "values": [{"value": " ", "step": null, "ts": 1691666066.4082558}]}, "version": 71}
{"obj": {"type": "LogStrings", "path": ["monitoring", "28b4c540", "stderr"], "values": [{"value": " ", "step": null, "ts": 1691666066.4660146}]}, "version": 72}
{"obj": {"type": "LogStrings", "path": ["monitoring", "28b4c540", "stderr"], "values": [{"value": " ", "step": null, "ts": 1691666066.492666}]}, "version": 73}
{"obj": {"type": "LogStrings", "path": ["monitoring", "28b4c540", "stderr"], "values": [{"value": " ", "step": null, "ts": 1691666066.5404196}]}, "version": 74}
{"obj": {"type": "LogStrings", "path": ["monitoring", "28b4c540", "stderr"], "values": [{"value": "^", "step": null, "ts": 1691666066.611448}]}, "version": 75}
{"obj": {"type": "LogStrings", "path": ["monitoring", "28b4c540", "stderr"], "values": [{"value": "^", "step": null, "ts": 1691666066.6363094}]}, "version": 76}
{"obj": {"type": "LogStrings", "path": ["monitoring", "28b4c540", "stderr"], "values": [{"value": "^", "step": null, "ts": 1691666066.6867075}]}, "version": 77}
{"obj": {"type": "LogStrings", "path": ["monitoring", "28b4c540", "stderr"], "values": [{"value": "^", "step": null, "ts": 1691666066.7383249}]}, "version": 78}
{"obj": {"type": "LogStrings", "path": ["monitoring", "28b4c540", "stderr"], "values": [{"value": "^", "step": null, "ts": 1691666066.7815137}]}, "version": 79}
{"obj": {"type": "LogStrings", "path": ["monitoring", "28b4c540", "stderr"], "values": [{"value": "^", "step": null, "ts": 1691666066.8028777}]}, "version": 80}
{"obj": {"type": "LogStrings", "path": ["monitoring", "28b4c540", "stderr"], "values": [{"value": "^", "step": null, "ts": 1691666066.8556604}]}, "version": 81}
{"obj": {"type": "LogStrings", "path": ["monitoring", "28b4c540", "stderr"], "values": [{"value": "^", "step": null, "ts": 1691666066.8997357}]}, "version": 82}
{"obj": {"type": "LogStrings", "path": ["monitoring", "28b4c540", "stderr"], "values": [{"value": "^", "step": null, "ts": 1691666066.925078}]}, "version": 83}
{"obj": {"type": "LogStrings", "path": ["monitoring", "28b4c540", "stderr"], "values": [{"value": "^", "step": null, "ts": 1691666066.962747}]}, "version": 84}
{"obj": {"type": "LogStrings", "path": ["monitoring", "28b4c540", "stderr"], "values": [{"value": "^", "step": null, "ts": 1691666067.147387}]}, "version": 85}
{"obj": {"type": "LogStrings", "path": ["monitoring", "28b4c540", "stderr"], "values": [{"value": "^", "step": null, "ts": 1691666067.2004313}]}, "version": 86}
{"obj": {"type": "LogStrings", "path": ["monitoring", "28b4c540", "stderr"], "values": [{"value": "^", "step": null, "ts": 1691666067.2493722}]}, "version": 87}
{"obj": {"type": "LogStrings", "path": ["monitoring", "28b4c540", "stderr"], "values": [{"value": "^", "step": null, "ts": 1691666067.300043}]}, "version": 88}
{"obj": {"type": "LogStrings", "path": ["monitoring", "28b4c540", "stderr"], "values": [{"value": "^", "step": null, "ts": 1691666067.325768}]}, "version": 89}
{"obj": {"type": "LogStrings", "path": ["monitoring", "28b4c540", "stderr"], "values": [{"value": "^", "step": null, "ts": 1691666067.3647797}]}, "version": 90}
{"obj": {"type": "LogStrings", "path": ["monitoring", "28b4c540", "stderr"], "values": [{"value": "^", "step": null, "ts": 1691666067.395103}]}, "version": 91}
{"obj": {"type": "LogStrings", "path": ["monitoring", "28b4c540", "stderr"], "values": [{"value": "^", "step": null, "ts": 1691666067.4730613}]}, "version": 92}
{"obj": {"type": "LogStrings", "path": ["monitoring", "28b4c540", "stderr"], "values": [{"value": "^", "step": null, "ts": 1691666067.4961524}]}, "version": 93}
{"obj": {"type": "LogStrings", "path": ["monitoring", "28b4c540", "stderr"], "values": [{"value": "^", "step": null, "ts": 1691666067.6007566}]}, "version": 94}
{"obj": {"type": "LogStrings", "path": ["monitoring", "28b4c540", "stderr"], "values": [{"value": "^", "step": null, "ts": 1691666067.7218463}]}, "version": 95}
{"obj": {"type": "LogStrings", "path": ["monitoring", "28b4c540", "stderr"], "values": [{"value": "^", "step": null, "ts": 1691666067.7497272}]}, "version": 96}
{"obj": {"type": "LogStrings", "path": ["monitoring", "28b4c540", "stderr"], "values": [{"value": "^", "step": null, "ts": 1691666067.821141}]}, "version": 97}
{"obj": {"type": "LogStrings", "path": ["monitoring", "28b4c540", "stderr"], "values": [{"value": "^", "step": null, "ts": 1691666067.874827}]}, "version": 98}
{"obj": {"type": "LogStrings", "path": ["monitoring", "28b4c540", "stderr"], "values": [{"value": "^", "step": null, "ts": 1691666067.9256313}]}, "version": 99}
{"obj": {"type": "LogStrings", "path": ["monitoring", "28b4c540", "stderr"], "values": [{"value": "^", "step": null, "ts": 1691666067.983582}]}, "version": 100}
{"obj": {"type": "LogStrings", "path": ["monitoring", "28b4c540", "stderr"], "values": [{"value": "^", "step": null, "ts": 1691666068.0037088}]}, "version": 101}
{"obj": {"type": "LogStrings", "path": ["monitoring", "28b4c540", "stderr"], "values": [{"value": "\n", "step": null, "ts": 1691666068.0358038}]}, "version": 102}
{"obj": {"type": "LogStrings", "path": ["monitoring", "28b4c540", "stderr"], "values": [{"value": "", "step": null, "ts": 1691666068.0617042}]}, "version": 103}
{"obj": {"type": "LogStrings", "path": ["monitoring", "28b4c540", "stderr"], "values": [{"value": "  File \"/anaconda/envs/behrt_cpu/lib/python3.11/site-packages/lightning/pytorch/trainer/trainer.py\", line 568, in _fit_impl\n", "step": null, "ts": 1691666068.0850444}]}, "version": 104}
{"obj": {"type": "LogStrings", "path": ["monitoring", "28b4c540", "stderr"], "values": [{"value": "", "step": null, "ts": 1691666068.1143737}]}, "version": 105}
{"obj": {"type": "LogStrings", "path": ["monitoring", "28b4c540", "stderr"], "values": [{"value": "    ", "step": null, "ts": 1691666068.1389298}]}, "version": 106}
{"obj": {"type": "LogStrings", "path": ["monitoring", "28b4c540", "stderr"], "values": [{"value": "self._run(model, ckpt_path=ckpt_path)", "step": null, "ts": 1691666068.1621199}]}, "version": 107}
{"obj": {"type": "LogStrings", "path": ["monitoring", "28b4c540", "stderr"], "values": [{"value": "\n", "step": null, "ts": 1691666068.1895325}]}, "version": 108}
{"obj": {"type": "LogStrings", "path": ["monitoring", "28b4c540", "stderr"], "values": [{"value": "", "step": null, "ts": 1691666068.2149954}]}, "version": 109}
{"obj": {"type": "LogStrings", "path": ["monitoring", "28b4c540", "stderr"], "values": [{"value": "  File \"/anaconda/envs/behrt_cpu/lib/python3.11/site-packages/lightning/pytorch/trainer/trainer.py\", line 949, in _run\n", "step": null, "ts": 1691666068.2407084}]}, "version": 110}
{"obj": {"type": "LogStrings", "path": ["monitoring", "28b4c540", "stderr"], "values": [{"value": "", "step": null, "ts": 1691666068.2623475}]}, "version": 111}
{"obj": {"type": "LogStrings", "path": ["monitoring", "28b4c540", "stderr"], "values": [{"value": "    ", "step": null, "ts": 1691666068.313584}]}, "version": 112}
{"obj": {"type": "LogStrings", "path": ["monitoring", "28b4c540", "stderr"], "values": [{"value": "self.strategy.setup(self)", "step": null, "ts": 1691666068.3968422}]}, "version": 113}
{"obj": {"type": "LogStrings", "path": ["monitoring", "28b4c540", "stderr"], "values": [{"value": "\n", "step": null, "ts": 1691666068.4211786}]}, "version": 114}
{"obj": {"type": "LogStrings", "path": ["monitoring", "28b4c540", "stderr"], "values": [{"value": "", "step": null, "ts": 1691666068.4644778}]}, "version": 115}
{"obj": {"type": "LogStrings", "path": ["monitoring", "28b4c540", "stderr"], "values": [{"value": "  File \"/anaconda/envs/behrt_cpu/lib/python3.11/site-packages/lightning/pytorch/strategies/single_device.py\", line 75, in setup\n", "step": null, "ts": 1691666068.4841948}]}, "version": 116}
{"obj": {"type": "LogStrings", "path": ["monitoring", "28b4c540", "stderr"], "values": [{"value": "", "step": null, "ts": 1691666068.530968}]}, "version": 117}
{"obj": {"type": "LogStrings", "path": ["monitoring", "28b4c540", "stderr"], "values": [{"value": "    ", "step": null, "ts": 1691666068.5627596}]}, "version": 118}
{"obj": {"type": "LogStrings", "path": ["monitoring", "28b4c540", "stderr"], "values": [{"value": "super().setup(trainer)", "step": null, "ts": 1691666068.6233575}]}, "version": 119}
{"obj": {"type": "LogStrings", "path": ["monitoring", "28b4c540", "stderr"], "values": [{"value": "\n", "step": null, "ts": 1691666068.771583}]}, "version": 120}
{"obj": {"type": "LogStrings", "path": ["monitoring", "28b4c540", "stderr"], "values": [{"value": "", "step": null, "ts": 1691666068.885655}]}, "version": 121}
{"obj": {"type": "LogStrings", "path": ["monitoring", "28b4c540", "stderr"], "values": [{"value": "  File \"/anaconda/envs/behrt_cpu/lib/python3.11/site-packages/lightning/pytorch/strategies/strategy.py\", line 149, in setup\n", "step": null, "ts": 1691666068.9189935}]}, "version": 122}
{"obj": {"type": "LogStrings", "path": ["monitoring", "28b4c540", "stderr"], "values": [{"value": "", "step": null, "ts": 1691666068.9656105}]}, "version": 123}
{"obj": {"type": "LogStrings", "path": ["monitoring", "28b4c540", "stderr"], "values": [{"value": "    ", "step": null, "ts": 1691666068.993216}]}, "version": 124}
{"obj": {"type": "LogStrings", "path": ["monitoring", "28b4c540", "stderr"], "values": [{"value": "self.setup_optimizers(trainer)", "step": null, "ts": 1691666069.021475}]}, "version": 125}
{"obj": {"type": "LogStrings", "path": ["monitoring", "28b4c540", "stderr"], "values": [{"value": "\n", "step": null, "ts": 1691666069.1370687}]}, "version": 126}
{"obj": {"type": "LogStrings", "path": ["monitoring", "28b4c540", "stderr"], "values": [{"value": "", "step": null, "ts": 1691666069.1639163}]}, "version": 127}
{"obj": {"type": "LogStrings", "path": ["monitoring", "28b4c540", "stderr"], "values": [{"value": "  File \"/anaconda/envs/behrt_cpu/lib/python3.11/site-packages/lightning/pytorch/strategies/strategy.py\", line 139, in setup_optimizers\n", "step": null, "ts": 1691666069.1869977}]}, "version": 128}
{"obj": {"type": "LogStrings", "path": ["monitoring", "28b4c540", "stderr"], "values": [{"value": "", "step": null, "ts": 1691666069.2594366}]}, "version": 129}
{"obj": {"type": "LogStrings", "path": ["monitoring", "28b4c540", "stderr"], "values": [{"value": "    ", "step": null, "ts": 1691666069.321863}]}, "version": 130}
{"obj": {"type": "LogStrings", "path": ["monitoring", "28b4c540", "stderr"], "values": [{"value": "self.optimizers, self.lr_scheduler_configs = _init_optimizers_and_lr_schedulers(self.lightning_module)", "step": null, "ts": 1691666069.3463101}]}, "version": 131}
{"obj": {"type": "LogStrings", "path": ["monitoring", "28b4c540", "stderr"], "values": [{"value": "\n", "step": null, "ts": 1691666069.3903778}]}, "version": 132}
{"obj": {"type": "LogStrings", "path": ["monitoring", "28b4c540", "stderr"], "values": [{"value": "", "step": null, "ts": 1691666069.4118288}]}, "version": 133}
{"obj": {"type": "LogStrings", "path": ["monitoring", "28b4c540", "stderr"], "values": [{"value": " ", "step": null, "ts": 1691666069.4943392}]}, "version": 134}
{"obj": {"type": "LogStrings", "path": ["monitoring", "28b4c540", "stderr"], "values": [{"value": " ", "step": null, "ts": 1691666069.6696825}]}, "version": 135}
{"obj": {"type": "LogStrings", "path": ["monitoring", "28b4c540", "stderr"], "values": [{"value": " ", "step": null, "ts": 1691666069.7047625}]}, "version": 136}
{"obj": {"type": "LogStrings", "path": ["monitoring", "28b4c540", "stderr"], "values": [{"value": " ", "step": null, "ts": 1691666069.7258048}]}, "version": 137}
{"obj": {"type": "LogStrings", "path": ["monitoring", "28b4c540", "stderr"], "values": [{"value": " ", "step": null, "ts": 1691666069.7470474}]}, "version": 138}
{"obj": {"type": "LogStrings", "path": ["monitoring", "28b4c540", "stderr"], "values": [{"value": " ", "step": null, "ts": 1691666069.7722855}]}, "version": 139}
{"obj": {"type": "LogStrings", "path": ["monitoring", "28b4c540", "stderr"], "values": [{"value": " ", "step": null, "ts": 1691666069.8173878}]}, "version": 140}
{"obj": {"type": "LogStrings", "path": ["monitoring", "28b4c540", "stderr"], "values": [{"value": " ", "step": null, "ts": 1691666069.850173}]}, "version": 141}
{"obj": {"type": "LogStrings", "path": ["monitoring", "28b4c540", "stderr"], "values": [{"value": " ", "step": null, "ts": 1691666069.870853}]}, "version": 142}
{"obj": {"type": "LogStrings", "path": ["monitoring", "28b4c540", "stderr"], "values": [{"value": " ", "step": null, "ts": 1691666069.892951}]}, "version": 143}
{"obj": {"type": "LogStrings", "path": ["monitoring", "28b4c540", "stderr"], "values": [{"value": " ", "step": null, "ts": 1691666069.9228752}]}, "version": 144}
{"obj": {"type": "LogStrings", "path": ["monitoring", "28b4c540", "stderr"], "values": [{"value": " ", "step": null, "ts": 1691666069.9428725}]}, "version": 145}
{"obj": {"type": "LogStrings", "path": ["monitoring", "28b4c540", "stderr"], "values": [{"value": " ", "step": null, "ts": 1691666069.965475}]}, "version": 146}
{"obj": {"type": "LogStrings", "path": ["monitoring", "28b4c540", "stderr"], "values": [{"value": " ", "step": null, "ts": 1691666070.009607}]}, "version": 147}
{"obj": {"type": "LogStrings", "path": ["monitoring", "28b4c540", "stderr"], "values": [{"value": " ", "step": null, "ts": 1691666070.0328178}]}, "version": 148}
{"obj": {"type": "LogStrings", "path": ["monitoring", "28b4c540", "stderr"], "values": [{"value": " ", "step": null, "ts": 1691666070.0554187}]}, "version": 149}
{"obj": {"type": "LogStrings", "path": ["monitoring", "28b4c540", "stderr"], "values": [{"value": " ", "step": null, "ts": 1691666070.1085753}]}, "version": 150}
{"obj": {"type": "LogStrings", "path": ["monitoring", "28b4c540", "stderr"], "values": [{"value": " ", "step": null, "ts": 1691666070.1641114}]}, "version": 151}
{"obj": {"type": "LogStrings", "path": ["monitoring", "28b4c540", "stderr"], "values": [{"value": " ", "step": null, "ts": 1691666070.2040246}]}, "version": 152}
{"obj": {"type": "LogStrings", "path": ["monitoring", "28b4c540", "stderr"], "values": [{"value": " ", "step": null, "ts": 1691666070.462516}]}, "version": 153}
{"obj": {"type": "LogStrings", "path": ["monitoring", "28b4c540", "stderr"], "values": [{"value": " ", "step": null, "ts": 1691666070.4968903}]}, "version": 154}
{"obj": {"type": "LogStrings", "path": ["monitoring", "28b4c540", "stderr"], "values": [{"value": " ", "step": null, "ts": 1691666070.5523515}]}, "version": 155}
{"obj": {"type": "LogStrings", "path": ["monitoring", "28b4c540", "stderr"], "values": [{"value": " ", "step": null, "ts": 1691666070.575614}]}, "version": 156}
{"obj": {"type": "LogStrings", "path": ["monitoring", "28b4c540", "stderr"], "values": [{"value": " ", "step": null, "ts": 1691666070.6427114}]}, "version": 157}
{"obj": {"type": "LogStrings", "path": ["monitoring", "28b4c540", "stderr"], "values": [{"value": " ", "step": null, "ts": 1691666070.675109}]}, "version": 158}
{"obj": {"type": "LogStrings", "path": ["monitoring", "28b4c540", "stderr"], "values": [{"value": " ", "step": null, "ts": 1691666070.7515688}]}, "version": 159}
{"obj": {"type": "LogStrings", "path": ["monitoring", "28b4c540", "stderr"], "values": [{"value": " ", "step": null, "ts": 1691666070.8048565}]}, "version": 160}
{"obj": {"type": "LogStrings", "path": ["monitoring", "28b4c540", "stderr"], "values": [{"value": " ", "step": null, "ts": 1691666070.8586912}]}, "version": 161}
{"obj": {"type": "LogStrings", "path": ["monitoring", "28b4c540", "stderr"], "values": [{"value": " ", "step": null, "ts": 1691666070.8976204}]}, "version": 162}
{"obj": {"type": "LogStrings", "path": ["monitoring", "28b4c540", "stderr"], "values": [{"value": " ", "step": null, "ts": 1691666070.9188416}]}, "version": 163}
{"obj": {"type": "LogStrings", "path": ["monitoring", "28b4c540", "stderr"], "values": [{"value": " ", "step": null, "ts": 1691666070.9449158}]}, "version": 164}
{"obj": {"type": "LogStrings", "path": ["monitoring", "28b4c540", "stderr"], "values": [{"value": " ", "step": null, "ts": 1691666070.971078}]}, "version": 165}
{"obj": {"type": "LogStrings", "path": ["monitoring", "28b4c540", "stderr"], "values": [{"value": " ", "step": null, "ts": 1691666071.0002673}]}, "version": 166}
{"obj": {"type": "LogStrings", "path": ["monitoring", "28b4c540", "stderr"], "values": [{"value": " ", "step": null, "ts": 1691666071.0251198}]}, "version": 167}
{"obj": {"type": "LogStrings", "path": ["monitoring", "28b4c540", "stderr"], "values": [{"value": " ", "step": null, "ts": 1691666071.0772405}]}, "version": 168}
{"obj": {"type": "LogStrings", "path": ["monitoring", "28b4c540", "stderr"], "values": [{"value": " ", "step": null, "ts": 1691666071.1353576}]}, "version": 169}
{"obj": {"type": "LogStrings", "path": ["monitoring", "28b4c540", "stderr"], "values": [{"value": " ", "step": null, "ts": 1691666071.1587412}]}, "version": 170}
{"obj": {"type": "LogStrings", "path": ["monitoring", "28b4c540", "stderr"], "values": [{"value": " ", "step": null, "ts": 1691666071.1917243}]}, "version": 171}
{"obj": {"type": "LogStrings", "path": ["monitoring", "28b4c540", "stderr"], "values": [{"value": " ", "step": null, "ts": 1691666071.2318735}]}, "version": 172}
{"obj": {"type": "LogStrings", "path": ["monitoring", "28b4c540", "stderr"], "values": [{"value": " ", "step": null, "ts": 1691666071.271788}]}, "version": 173}
{"obj": {"type": "LogStrings", "path": ["monitoring", "28b4c540", "stderr"], "values": [{"value": " ", "step": null, "ts": 1691666071.2958791}]}, "version": 174}
{"obj": {"type": "LogStrings", "path": ["monitoring", "28b4c540", "stderr"], "values": [{"value": " ", "step": null, "ts": 1691666071.3175507}]}, "version": 175}
{"obj": {"type": "LogStrings", "path": ["monitoring", "28b4c540", "stderr"], "values": [{"value": " ", "step": null, "ts": 1691666071.3412886}]}, "version": 176}
{"obj": {"type": "LogStrings", "path": ["monitoring", "28b4c540", "stderr"], "values": [{"value": " ", "step": null, "ts": 1691666071.3886604}]}, "version": 177}
{"obj": {"type": "LogStrings", "path": ["monitoring", "28b4c540", "stderr"], "values": [{"value": " ", "step": null, "ts": 1691666071.4318469}]}, "version": 178}
{"obj": {"type": "LogStrings", "path": ["monitoring", "28b4c540", "stderr"], "values": [{"value": " ", "step": null, "ts": 1691666071.5565622}]}, "version": 179}
{"obj": {"type": "LogStrings", "path": ["monitoring", "28b4c540", "stderr"], "values": [{"value": " ", "step": null, "ts": 1691666071.6391952}]}, "version": 180}
{"obj": {"type": "LogStrings", "path": ["monitoring", "28b4c540", "stderr"], "values": [{"value": " ", "step": null, "ts": 1691666071.6775424}]}, "version": 181}
{"obj": {"type": "LogStrings", "path": ["monitoring", "28b4c540", "stderr"], "values": [{"value": " ", "step": null, "ts": 1691666071.7284222}]}, "version": 182}
{"obj": {"type": "LogStrings", "path": ["monitoring", "28b4c540", "stderr"], "values": [{"value": "^", "step": null, "ts": 1691666071.754751}]}, "version": 183}
{"obj": {"type": "LogStrings", "path": ["monitoring", "28b4c540", "stderr"], "values": [{"value": "^", "step": null, "ts": 1691666071.829191}]}, "version": 184}
{"obj": {"type": "LogStrings", "path": ["monitoring", "28b4c540", "stderr"], "values": [{"value": "^", "step": null, "ts": 1691666071.8704088}]}, "version": 185}
{"obj": {"type": "LogStrings", "path": ["monitoring", "28b4c540", "stderr"], "values": [{"value": "^", "step": null, "ts": 1691666071.9146454}]}, "version": 186}
{"obj": {"type": "LogStrings", "path": ["monitoring", "28b4c540", "stderr"], "values": [{"value": "^", "step": null, "ts": 1691666071.9736876}]}, "version": 187}
{"obj": {"type": "LogStrings", "path": ["monitoring", "28b4c540", "stderr"], "values": [{"value": "^", "step": null, "ts": 1691666071.99735}]}, "version": 188}
{"obj": {"type": "LogStrings", "path": ["monitoring", "28b4c540", "stderr"], "values": [{"value": "^", "step": null, "ts": 1691666072.0356426}]}, "version": 189}
{"obj": {"type": "LogStrings", "path": ["monitoring", "28b4c540", "stderr"], "values": [{"value": "^", "step": null, "ts": 1691666072.085951}]}, "version": 190}
{"obj": {"type": "LogStrings", "path": ["monitoring", "28b4c540", "stderr"], "values": [{"value": "^", "step": null, "ts": 1691666072.1108606}]}, "version": 191}
{"obj": {"type": "LogStrings", "path": ["monitoring", "28b4c540", "stderr"], "values": [{"value": "^", "step": null, "ts": 1691666072.287042}]}, "version": 192}
{"obj": {"type": "LogStrings", "path": ["monitoring", "28b4c540", "stderr"], "values": [{"value": "^", "step": null, "ts": 1691666072.3240716}]}, "version": 193}
{"obj": {"type": "LogStrings", "path": ["monitoring", "28b4c540", "stderr"], "values": [{"value": "^", "step": null, "ts": 1691666072.3711774}]}, "version": 194}
{"obj": {"type": "LogStrings", "path": ["monitoring", "28b4c540", "stderr"], "values": [{"value": "^", "step": null, "ts": 1691666072.4402487}]}, "version": 195}
{"obj": {"type": "LogStrings", "path": ["monitoring", "28b4c540", "stderr"], "values": [{"value": "^", "step": null, "ts": 1691666072.494052}]}, "version": 196}
{"obj": {"type": "LogStrings", "path": ["monitoring", "28b4c540", "stderr"], "values": [{"value": "^", "step": null, "ts": 1691666072.531958}]}, "version": 197}
{"obj": {"type": "LogStrings", "path": ["monitoring", "28b4c540", "stderr"], "values": [{"value": "^", "step": null, "ts": 1691666072.5575004}]}, "version": 198}
{"obj": {"type": "LogStrings", "path": ["monitoring", "28b4c540", "stderr"], "values": [{"value": "^", "step": null, "ts": 1691666072.5816731}]}, "version": 199}
{"obj": {"type": "LogStrings", "path": ["monitoring", "28b4c540", "stderr"], "values": [{"value": "^", "step": null, "ts": 1691666072.645144}]}, "version": 200}
{"obj": {"type": "LogStrings", "path": ["monitoring", "28b4c540", "stderr"], "values": [{"value": "^", "step": null, "ts": 1691666072.6710064}]}, "version": 201}
{"obj": {"type": "LogStrings", "path": ["monitoring", "28b4c540", "stderr"], "values": [{"value": "^", "step": null, "ts": 1691666072.6972663}]}, "version": 202}
{"obj": {"type": "LogStrings", "path": ["monitoring", "28b4c540", "stderr"], "values": [{"value": "^", "step": null, "ts": 1691666072.7330282}]}, "version": 203}
{"obj": {"type": "LogStrings", "path": ["monitoring", "28b4c540", "stderr"], "values": [{"value": "^", "step": null, "ts": 1691666072.7877548}]}, "version": 204}
{"obj": {"type": "LogStrings", "path": ["monitoring", "28b4c540", "stderr"], "values": [{"value": "^", "step": null, "ts": 1691666072.8102863}]}, "version": 205}
{"obj": {"type": "LogStrings", "path": ["monitoring", "28b4c540", "stderr"], "values": [{"value": "^", "step": null, "ts": 1691666072.8815186}]}, "version": 206}
{"obj": {"type": "LogStrings", "path": ["monitoring", "28b4c540", "stderr"], "values": [{"value": "^", "step": null, "ts": 1691666072.9093406}]}, "version": 207}
{"obj": {"type": "LogStrings", "path": ["monitoring", "28b4c540", "stderr"], "values": [{"value": "^", "step": null, "ts": 1691666072.9564931}]}, "version": 208}
{"obj": {"type": "LogStrings", "path": ["monitoring", "28b4c540", "stderr"], "values": [{"value": "^", "step": null, "ts": 1691666072.9781876}]}, "version": 209}
{"obj": {"type": "LogStrings", "path": ["monitoring", "28b4c540", "stderr"], "values": [{"value": "^", "step": null, "ts": 1691666072.998409}]}, "version": 210}
{"obj": {"type": "LogStrings", "path": ["monitoring", "28b4c540", "stderr"], "values": [{"value": "^", "step": null, "ts": 1691666073.0260124}]}, "version": 211}
{"obj": {"type": "LogStrings", "path": ["monitoring", "28b4c540", "stderr"], "values": [{"value": "^", "step": null, "ts": 1691666073.0469015}]}, "version": 212}
{"obj": {"type": "LogStrings", "path": ["monitoring", "28b4c540", "stderr"], "values": [{"value": "^", "step": null, "ts": 1691666073.0767312}]}, "version": 213}
{"obj": {"type": "LogStrings", "path": ["monitoring", "28b4c540", "stderr"], "values": [{"value": "^", "step": null, "ts": 1691666073.0984719}]}, "version": 214}
{"obj": {"type": "LogStrings", "path": ["monitoring", "28b4c540", "stderr"], "values": [{"value": "^", "step": null, "ts": 1691666073.1499498}]}, "version": 215}
{"obj": {"type": "LogStrings", "path": ["monitoring", "28b4c540", "stderr"], "values": [{"value": "^", "step": null, "ts": 1691666073.2434957}]}, "version": 216}
{"obj": {"type": "LogStrings", "path": ["monitoring", "28b4c540", "stderr"], "values": [{"value": "^", "step": null, "ts": 1691666073.2689772}]}, "version": 217}
{"obj": {"type": "LogStrings", "path": ["monitoring", "28b4c540", "stderr"], "values": [{"value": "^", "step": null, "ts": 1691666073.3074746}]}, "version": 218}
{"obj": {"type": "LogStrings", "path": ["monitoring", "28b4c540", "stderr"], "values": [{"value": "^", "step": null, "ts": 1691666073.4073033}]}, "version": 219}
{"obj": {"type": "LogStrings", "path": ["monitoring", "28b4c540", "stderr"], "values": [{"value": "^", "step": null, "ts": 1691666073.429372}]}, "version": 220}
{"obj": {"type": "LogStrings", "path": ["monitoring", "28b4c540", "stderr"], "values": [{"value": "^", "step": null, "ts": 1691666073.4493623}]}, "version": 221}
{"obj": {"type": "LogStrings", "path": ["monitoring", "28b4c540", "stderr"], "values": [{"value": "^", "step": null, "ts": 1691666073.49339}]}, "version": 222}
{"obj": {"type": "LogStrings", "path": ["monitoring", "28b4c540", "stderr"], "values": [{"value": "^", "step": null, "ts": 1691666073.6467645}]}, "version": 223}
{"obj": {"type": "LogStrings", "path": ["monitoring", "28b4c540", "stderr"], "values": [{"value": "^", "step": null, "ts": 1691666073.711444}]}, "version": 224}
{"obj": {"type": "LogStrings", "path": ["monitoring", "28b4c540", "stderr"], "values": [{"value": "^", "step": null, "ts": 1691666073.7354825}]}, "version": 225}
{"obj": {"type": "LogStrings", "path": ["monitoring", "28b4c540", "stderr"], "values": [{"value": "^", "step": null, "ts": 1691666073.7886274}]}, "version": 226}
{"obj": {"type": "LogStrings", "path": ["monitoring", "28b4c540", "stderr"], "values": [{"value": "^", "step": null, "ts": 1691666073.8229194}]}, "version": 227}
{"obj": {"type": "LogStrings", "path": ["monitoring", "28b4c540", "stderr"], "values": [{"value": "^", "step": null, "ts": 1691666073.8862798}]}, "version": 228}
{"obj": {"type": "LogStrings", "path": ["monitoring", "28b4c540", "stderr"], "values": [{"value": "^", "step": null, "ts": 1691666073.9077537}]}, "version": 229}
{"obj": {"type": "LogStrings", "path": ["monitoring", "28b4c540", "stderr"], "values": [{"value": "^", "step": null, "ts": 1691666073.9852238}]}, "version": 230}
{"obj": {"type": "LogStrings", "path": ["monitoring", "28b4c540", "stderr"], "values": [{"value": "^", "step": null, "ts": 1691666074.007068}]}, "version": 231}
{"obj": {"type": "LogStrings", "path": ["monitoring", "28b4c540", "stderr"], "values": [{"value": "^", "step": null, "ts": 1691666074.0415616}]}, "version": 232}
{"obj": {"type": "LogFloats", "path": ["monitoring", "28b4c540", "cpu"], "values": [{"value": 15.5, "step": null, "ts": 1691666074.0220637}]}, "version": 233}
{"obj": {"type": "LogStrings", "path": ["monitoring", "28b4c540", "stderr"], "values": [{"value": "^", "step": null, "ts": 1691666074.177644}]}, "version": 234}
{"obj": {"type": "LogFloats", "path": ["monitoring", "28b4c540", "memory"], "values": [{"value": 8.092212677001953, "step": null, "ts": 1691666074.0220637}]}, "version": 235}
{"obj": {"type": "LogStrings", "path": ["monitoring", "28b4c540", "stderr"], "values": [{"value": "^", "step": null, "ts": 1691666074.241042}]}, "version": 236}
{"obj": {"type": "LogStrings", "path": ["monitoring", "28b4c540", "stderr"], "values": [{"value": "^", "step": null, "ts": 1691666074.29687}]}, "version": 237}
{"obj": {"type": "LogStrings", "path": ["monitoring", "28b4c540", "stderr"], "values": [{"value": "^", "step": null, "ts": 1691666074.320642}]}, "version": 238}
{"obj": {"type": "LogStrings", "path": ["monitoring", "28b4c540", "stderr"], "values": [{"value": "^", "step": null, "ts": 1691666074.3501294}]}, "version": 239}
{"obj": {"type": "LogStrings", "path": ["monitoring", "28b4c540", "stderr"], "values": [{"value": "^", "step": null, "ts": 1691666074.3772073}]}, "version": 240}
{"obj": {"type": "LogStrings", "path": ["monitoring", "28b4c540", "stderr"], "values": [{"value": "^", "step": null, "ts": 1691666074.4008698}]}, "version": 241}
{"obj": {"type": "LogStrings", "path": ["monitoring", "28b4c540", "stderr"], "values": [{"value": "\n", "step": null, "ts": 1691666074.456234}]}, "version": 242}
{"obj": {"type": "LogStrings", "path": ["monitoring", "28b4c540", "stderr"], "values": [{"value": "", "step": null, "ts": 1691666074.5230613}]}, "version": 243}
{"obj": {"type": "LogStrings", "path": ["monitoring", "28b4c540", "stderr"], "values": [{"value": "  File \"/anaconda/envs/behrt_cpu/lib/python3.11/site-packages/lightning/pytorch/core/optimizer.py\", line 168, in _init_optimizers_and_lr_schedulers\n", "step": null, "ts": 1691666074.6446555}]}, "version": 244}
{"obj": {"type": "LogStrings", "path": ["monitoring", "28b4c540", "stderr"], "values": [{"value": "", "step": null, "ts": 1691666074.669083}]}, "version": 245}
{"obj": {"type": "LogStrings", "path": ["monitoring", "28b4c540", "stderr"], "values": [{"value": "    ", "step": null, "ts": 1691666074.6926298}]}, "version": 246}
{"obj": {"type": "LogStrings", "path": ["monitoring", "28b4c540", "stderr"], "values": [{"value": "optim_conf = call._call_lightning_module_hook(model.trainer, \"configure_optimizers\", pl_module=model)", "step": null, "ts": 1691666074.7390444}]}, "version": 247}
{"obj": {"type": "LogStrings", "path": ["monitoring", "28b4c540", "stderr"], "values": [{"value": "\n", "step": null, "ts": 1691666074.800824}]}, "version": 248}
{"obj": {"type": "LogStrings", "path": ["monitoring", "28b4c540", "stderr"], "values": [{"value": "", "step": null, "ts": 1691666074.8233297}]}, "version": 249}
{"obj": {"type": "LogStrings", "path": ["monitoring", "28b4c540", "stderr"], "values": [{"value": " ", "step": null, "ts": 1691666074.8483117}]}, "version": 250}
{"obj": {"type": "LogStrings", "path": ["monitoring", "28b4c540", "stderr"], "values": [{"value": " ", "step": null, "ts": 1691666074.8737345}]}, "version": 251}
{"obj": {"type": "LogStrings", "path": ["monitoring", "28b4c540", "stderr"], "values": [{"value": " ", "step": null, "ts": 1691666074.9055448}]}, "version": 252}
{"obj": {"type": "LogStrings", "path": ["monitoring", "28b4c540", "stderr"], "values": [{"value": " ", "step": null, "ts": 1691666075.0044885}]}, "version": 253}
{"obj": {"type": "LogStrings", "path": ["monitoring", "28b4c540", "stderr"], "values": [{"value": " ", "step": null, "ts": 1691666075.0402498}]}, "version": 254}
{"obj": {"type": "LogStrings", "path": ["monitoring", "28b4c540", "stderr"], "values": [{"value": " ", "step": null, "ts": 1691666075.1599977}]}, "version": 255}
{"obj": {"type": "LogStrings", "path": ["monitoring", "28b4c540", "stderr"], "values": [{"value": " ", "step": null, "ts": 1691666075.1840563}]}, "version": 256}
{"obj": {"type": "LogStrings", "path": ["monitoring", "28b4c540", "stderr"], "values": [{"value": " ", "step": null, "ts": 1691666075.2077332}]}, "version": 257}
{"obj": {"type": "LogStrings", "path": ["monitoring", "28b4c540", "stderr"], "values": [{"value": " ", "step": null, "ts": 1691666075.2677114}]}, "version": 258}
{"obj": {"type": "LogStrings", "path": ["monitoring", "28b4c540", "stderr"], "values": [{"value": " ", "step": null, "ts": 1691666075.3609815}]}, "version": 259}
{"obj": {"type": "LogStrings", "path": ["monitoring", "28b4c540", "stderr"], "values": [{"value": " ", "step": null, "ts": 1691666075.3896854}]}, "version": 260}
{"obj": {"type": "LogStrings", "path": ["monitoring", "28b4c540", "stderr"], "values": [{"value": " ", "step": null, "ts": 1691666075.4402237}]}, "version": 261}
{"obj": {"type": "LogStrings", "path": ["monitoring", "28b4c540", "stderr"], "values": [{"value": " ", "step": null, "ts": 1691666075.467997}]}, "version": 262}
{"obj": {"type": "LogStrings", "path": ["monitoring", "28b4c540", "stderr"], "values": [{"value": " ", "step": null, "ts": 1691666075.4974298}]}, "version": 263}
{"obj": {"type": "LogStrings", "path": ["monitoring", "28b4c540", "stderr"], "values": [{"value": " ", "step": null, "ts": 1691666075.5683393}]}, "version": 264}
{"obj": {"type": "LogStrings", "path": ["monitoring", "28b4c540", "stderr"], "values": [{"value": " ", "step": null, "ts": 1691666075.6262221}]}, "version": 265}
{"obj": {"type": "LogStrings", "path": ["monitoring", "28b4c540", "stderr"], "values": [{"value": " ", "step": null, "ts": 1691666075.6923897}]}, "version": 266}
{"obj": {"type": "LogStrings", "path": ["monitoring", "28b4c540", "stderr"], "values": [{"value": "^", "step": null, "ts": 1691666075.78798}]}, "version": 267}
{"obj": {"type": "LogStrings", "path": ["monitoring", "28b4c540", "stderr"], "values": [{"value": "^", "step": null, "ts": 1691666075.8993654}]}, "version": 268}
{"obj": {"type": "LogStrings", "path": ["monitoring", "28b4c540", "stderr"], "values": [{"value": "^", "step": null, "ts": 1691666075.9493952}]}, "version": 269}
{"obj": {"type": "LogStrings", "path": ["monitoring", "28b4c540", "stderr"], "values": [{"value": "^", "step": null, "ts": 1691666075.9907436}]}, "version": 270}
{"obj": {"type": "LogStrings", "path": ["monitoring", "28b4c540", "stderr"], "values": [{"value": "^", "step": null, "ts": 1691666076.029996}]}, "version": 271}
{"obj": {"type": "LogStrings", "path": ["monitoring", "28b4c540", "stderr"], "values": [{"value": "^", "step": null, "ts": 1691666076.051444}]}, "version": 272}
{"obj": {"type": "LogStrings", "path": ["monitoring", "28b4c540", "stderr"], "values": [{"value": "^", "step": null, "ts": 1691666076.0866194}]}, "version": 273}
{"obj": {"type": "LogStrings", "path": ["monitoring", "28b4c540", "stderr"], "values": [{"value": "^", "step": null, "ts": 1691666076.1345694}]}, "version": 274}
{"obj": {"type": "LogStrings", "path": ["monitoring", "28b4c540", "stderr"], "values": [{"value": "^", "step": null, "ts": 1691666076.1548197}]}, "version": 275}
{"obj": {"type": "LogStrings", "path": ["monitoring", "28b4c540", "stderr"], "values": [{"value": "^", "step": null, "ts": 1691666076.2093608}]}, "version": 276}
{"obj": {"type": "LogStrings", "path": ["monitoring", "28b4c540", "stderr"], "values": [{"value": "^", "step": null, "ts": 1691666076.2545874}]}, "version": 277}
{"obj": {"type": "LogStrings", "path": ["monitoring", "28b4c540", "stderr"], "values": [{"value": "^", "step": null, "ts": 1691666076.2936351}]}, "version": 278}
{"obj": {"type": "LogStrings", "path": ["monitoring", "28b4c540", "stderr"], "values": [{"value": "^", "step": null, "ts": 1691666076.3347697}]}, "version": 279}
{"obj": {"type": "LogStrings", "path": ["monitoring", "28b4c540", "stderr"], "values": [{"value": "^", "step": null, "ts": 1691666076.361218}]}, "version": 280}
{"obj": {"type": "LogStrings", "path": ["monitoring", "28b4c540", "stderr"], "values": [{"value": "^", "step": null, "ts": 1691666076.4350917}]}, "version": 281}
{"obj": {"type": "LogStrings", "path": ["monitoring", "28b4c540", "stderr"], "values": [{"value": "^", "step": null, "ts": 1691666076.455964}]}, "version": 282}
{"obj": {"type": "LogStrings", "path": ["monitoring", "28b4c540", "stderr"], "values": [{"value": "^", "step": null, "ts": 1691666076.5036345}]}, "version": 283}
{"obj": {"type": "LogStrings", "path": ["monitoring", "28b4c540", "stderr"], "values": [{"value": "^", "step": null, "ts": 1691666076.5900853}]}, "version": 284}
{"obj": {"type": "LogStrings", "path": ["monitoring", "28b4c540", "stderr"], "values": [{"value": "^", "step": null, "ts": 1691666076.639443}]}, "version": 285}
{"obj": {"type": "LogStrings", "path": ["monitoring", "28b4c540", "stderr"], "values": [{"value": "^", "step": null, "ts": 1691666076.6850598}]}, "version": 286}
{"obj": {"type": "LogStrings", "path": ["monitoring", "28b4c540", "stderr"], "values": [{"value": "^", "step": null, "ts": 1691666076.70705}]}, "version": 287}
{"obj": {"type": "LogStrings", "path": ["monitoring", "28b4c540", "stderr"], "values": [{"value": "^", "step": null, "ts": 1691666076.7407048}]}, "version": 288}
{"obj": {"type": "LogStrings", "path": ["monitoring", "28b4c540", "stderr"], "values": [{"value": "^", "step": null, "ts": 1691666076.7974575}]}, "version": 289}
{"obj": {"type": "LogStrings", "path": ["monitoring", "28b4c540", "stderr"], "values": [{"value": "^", "step": null, "ts": 1691666076.8865364}]}, "version": 290}
{"obj": {"type": "LogStrings", "path": ["monitoring", "28b4c540", "stderr"], "values": [{"value": "^", "step": null, "ts": 1691666076.9722486}]}, "version": 291}
{"obj": {"type": "LogStrings", "path": ["monitoring", "28b4c540", "stderr"], "values": [{"value": "^", "step": null, "ts": 1691666077.0276206}]}, "version": 292}
{"obj": {"type": "LogStrings", "path": ["monitoring", "28b4c540", "stderr"], "values": [{"value": "^", "step": null, "ts": 1691666077.0765355}]}, "version": 293}
{"obj": {"type": "LogStrings", "path": ["monitoring", "28b4c540", "stderr"], "values": [{"value": "^", "step": null, "ts": 1691666077.096934}]}, "version": 294}
{"obj": {"type": "LogStrings", "path": ["monitoring", "28b4c540", "stderr"], "values": [{"value": "^", "step": null, "ts": 1691666077.1479716}]}, "version": 295}
{"obj": {"type": "LogStrings", "path": ["monitoring", "28b4c540", "stderr"], "values": [{"value": "^", "step": null, "ts": 1691666077.1712449}]}, "version": 296}
{"obj": {"type": "LogStrings", "path": ["monitoring", "28b4c540", "stderr"], "values": [{"value": "^", "step": null, "ts": 1691666077.2202055}]}, "version": 297}
{"obj": {"type": "LogStrings", "path": ["monitoring", "28b4c540", "stderr"], "values": [{"value": "^", "step": null, "ts": 1691666077.2425318}]}, "version": 298}
{"obj": {"type": "LogStrings", "path": ["monitoring", "28b4c540", "stderr"], "values": [{"value": "^", "step": null, "ts": 1691666077.2777114}]}, "version": 299}
{"obj": {"type": "LogStrings", "path": ["monitoring", "28b4c540", "stderr"], "values": [{"value": "^", "step": null, "ts": 1691666077.298455}]}, "version": 300}
{"obj": {"type": "LogStrings", "path": ["monitoring", "28b4c540", "stderr"], "values": [{"value": "^", "step": null, "ts": 1691666077.3443594}]}, "version": 301}
{"obj": {"type": "LogStrings", "path": ["monitoring", "28b4c540", "stderr"], "values": [{"value": "^", "step": null, "ts": 1691666077.3704205}]}, "version": 302}
{"obj": {"type": "LogStrings", "path": ["monitoring", "28b4c540", "stderr"], "values": [{"value": "^", "step": null, "ts": 1691666077.4406228}]}, "version": 303}
{"obj": {"type": "LogStrings", "path": ["monitoring", "28b4c540", "stderr"], "values": [{"value": "^", "step": null, "ts": 1691666077.5805833}]}, "version": 304}
{"obj": {"type": "LogStrings", "path": ["monitoring", "28b4c540", "stderr"], "values": [{"value": "^", "step": null, "ts": 1691666077.60098}]}, "version": 305}
{"obj": {"type": "LogStrings", "path": ["monitoring", "28b4c540", "stderr"], "values": [{"value": "^", "step": null, "ts": 1691666077.6459832}]}, "version": 306}
{"obj": {"type": "LogStrings", "path": ["monitoring", "28b4c540", "stderr"], "values": [{"value": "^", "step": null, "ts": 1691666077.7367654}]}, "version": 307}
{"obj": {"type": "LogStrings", "path": ["monitoring", "28b4c540", "stderr"], "values": [{"value": "^", "step": null, "ts": 1691666077.8184257}]}, "version": 308}
{"obj": {"type": "LogStrings", "path": ["monitoring", "28b4c540", "stderr"], "values": [{"value": "^", "step": null, "ts": 1691666077.8643029}]}, "version": 309}
{"obj": {"type": "LogStrings", "path": ["monitoring", "28b4c540", "stderr"], "values": [{"value": "^", "step": null, "ts": 1691666077.8866324}]}, "version": 310}
{"obj": {"type": "LogStrings", "path": ["monitoring", "28b4c540", "stderr"], "values": [{"value": "^", "step": null, "ts": 1691666077.9096165}]}, "version": 311}
{"obj": {"type": "LogStrings", "path": ["monitoring", "28b4c540", "stderr"], "values": [{"value": "^", "step": null, "ts": 1691666077.940845}]}, "version": 312}
{"obj": {"type": "LogStrings", "path": ["monitoring", "28b4c540", "stderr"], "values": [{"value": "^", "step": null, "ts": 1691666077.998042}]}, "version": 313}
{"obj": {"type": "LogStrings", "path": ["monitoring", "28b4c540", "stderr"], "values": [{"value": "^", "step": null, "ts": 1691666078.017529}]}, "version": 314}
{"obj": {"type": "LogStrings", "path": ["monitoring", "28b4c540", "stderr"], "values": [{"value": "^", "step": null, "ts": 1691666078.0957587}]}, "version": 315}
{"obj": {"type": "LogStrings", "path": ["monitoring", "28b4c540", "stderr"], "values": [{"value": "^", "step": null, "ts": 1691666078.117017}]}, "version": 316}
{"obj": {"type": "LogStrings", "path": ["monitoring", "28b4c540", "stderr"], "values": [{"value": "^", "step": null, "ts": 1691666078.1409676}]}, "version": 317}
{"obj": {"type": "LogStrings", "path": ["monitoring", "28b4c540", "stderr"], "values": [{"value": "^", "step": null, "ts": 1691666078.1610148}]}, "version": 318}
{"obj": {"type": "LogStrings", "path": ["monitoring", "28b4c540", "stderr"], "values": [{"value": "^", "step": null, "ts": 1691666078.1931694}]}, "version": 319}
{"obj": {"type": "LogStrings", "path": ["monitoring", "28b4c540", "stderr"], "values": [{"value": "^", "step": null, "ts": 1691666078.216811}]}, "version": 320}
{"obj": {"type": "LogStrings", "path": ["monitoring", "28b4c540", "stderr"], "values": [{"value": "^", "step": null, "ts": 1691666078.242843}]}, "version": 321}
{"obj": {"type": "LogStrings", "path": ["monitoring", "28b4c540", "stderr"], "values": [{"value": "^", "step": null, "ts": 1691666078.2644506}]}, "version": 322}
{"obj": {"type": "LogStrings", "path": ["monitoring", "28b4c540", "stderr"], "values": [{"value": "^", "step": null, "ts": 1691666078.2910185}]}, "version": 323}
{"obj": {"type": "LogStrings", "path": ["monitoring", "28b4c540", "stderr"], "values": [{"value": "^", "step": null, "ts": 1691666078.324758}]}, "version": 324}
{"obj": {"type": "LogStrings", "path": ["monitoring", "28b4c540", "stderr"], "values": [{"value": "^", "step": null, "ts": 1691666078.3992987}]}, "version": 325}
{"obj": {"type": "LogStrings", "path": ["monitoring", "28b4c540", "stderr"], "values": [{"value": "^", "step": null, "ts": 1691666078.4548168}]}, "version": 326}
{"obj": {"type": "LogStrings", "path": ["monitoring", "28b4c540", "stderr"], "values": [{"value": "^", "step": null, "ts": 1691666078.476987}]}, "version": 327}
{"obj": {"type": "LogStrings", "path": ["monitoring", "28b4c540", "stderr"], "values": [{"value": "^", "step": null, "ts": 1691666078.506744}]}, "version": 328}
{"obj": {"type": "LogStrings", "path": ["monitoring", "28b4c540", "stderr"], "values": [{"value": "^", "step": null, "ts": 1691666078.6484387}]}, "version": 329}
{"obj": {"type": "LogStrings", "path": ["monitoring", "28b4c540", "stderr"], "values": [{"value": "^", "step": null, "ts": 1691666078.6701598}]}, "version": 330}
{"obj": {"type": "LogStrings", "path": ["monitoring", "28b4c540", "stderr"], "values": [{"value": "^", "step": null, "ts": 1691666078.724731}]}, "version": 331}
{"obj": {"type": "LogStrings", "path": ["monitoring", "28b4c540", "stderr"], "values": [{"value": "^", "step": null, "ts": 1691666078.7600944}]}, "version": 332}
{"obj": {"type": "LogStrings", "path": ["monitoring", "28b4c540", "stderr"], "values": [{"value": "^", "step": null, "ts": 1691666078.7972994}]}, "version": 333}
{"obj": {"type": "LogStrings", "path": ["monitoring", "28b4c540", "stderr"], "values": [{"value": "^", "step": null, "ts": 1691666078.8474479}]}, "version": 334}
{"obj": {"type": "LogStrings", "path": ["monitoring", "28b4c540", "stderr"], "values": [{"value": "^", "step": null, "ts": 1691666078.90304}]}, "version": 335}
{"obj": {"type": "LogStrings", "path": ["monitoring", "28b4c540", "stderr"], "values": [{"value": "^", "step": null, "ts": 1691666078.9534957}]}, "version": 336}
{"obj": {"type": "LogStrings", "path": ["monitoring", "28b4c540", "stderr"], "values": [{"value": "^", "step": null, "ts": 1691666078.9930325}]}, "version": 337}
{"obj": {"type": "LogStrings", "path": ["monitoring", "28b4c540", "stderr"], "values": [{"value": "^", "step": null, "ts": 1691666079.050047}]}, "version": 338}
{"obj": {"type": "LogStrings", "path": ["monitoring", "28b4c540", "stderr"], "values": [{"value": "^", "step": null, "ts": 1691666079.0967114}]}, "version": 339}
{"obj": {"type": "LogStrings", "path": ["monitoring", "28b4c540", "stderr"], "values": [{"value": "^", "step": null, "ts": 1691666079.1670895}]}, "version": 340}
{"obj": {"type": "LogStrings", "path": ["monitoring", "28b4c540", "stderr"], "values": [{"value": "^", "step": null, "ts": 1691666079.2017334}]}, "version": 341}
{"obj": {"type": "LogStrings", "path": ["monitoring", "28b4c540", "stderr"], "values": [{"value": "^", "step": null, "ts": 1691666079.2515776}]}, "version": 342}
{"obj": {"type": "LogStrings", "path": ["monitoring", "28b4c540", "stderr"], "values": [{"value": "^", "step": null, "ts": 1691666079.2806685}]}, "version": 343}
{"obj": {"type": "LogStrings", "path": ["monitoring", "28b4c540", "stderr"], "values": [{"value": "^", "step": null, "ts": 1691666079.3231778}]}, "version": 344}
{"obj": {"type": "LogStrings", "path": ["monitoring", "28b4c540", "stderr"], "values": [{"value": "^", "step": null, "ts": 1691666079.3719928}]}, "version": 345}
{"obj": {"type": "LogStrings", "path": ["monitoring", "28b4c540", "stderr"], "values": [{"value": "^", "step": null, "ts": 1691666079.3961174}]}, "version": 346}
{"obj": {"type": "LogStrings", "path": ["monitoring", "28b4c540", "stderr"], "values": [{"value": "^", "step": null, "ts": 1691666079.4180117}]}, "version": 347}
{"obj": {"type": "LogStrings", "path": ["monitoring", "28b4c540", "stderr"], "values": [{"value": "^", "step": null, "ts": 1691666079.4394515}]}, "version": 348}
{"obj": {"type": "LogStrings", "path": ["monitoring", "28b4c540", "stderr"], "values": [{"value": "^", "step": null, "ts": 1691666079.5848835}]}, "version": 349}
{"obj": {"type": "LogStrings", "path": ["monitoring", "28b4c540", "stderr"], "values": [{"value": "^", "step": null, "ts": 1691666079.655971}]}, "version": 350}
{"obj": {"type": "LogStrings", "path": ["monitoring", "28b4c540", "stderr"], "values": [{"value": "^", "step": null, "ts": 1691666079.679418}]}, "version": 351}
{"obj": {"type": "LogStrings", "path": ["monitoring", "28b4c540", "stderr"], "values": [{"value": "^", "step": null, "ts": 1691666079.7371626}]}, "version": 352}
{"obj": {"type": "LogStrings", "path": ["monitoring", "28b4c540", "stderr"], "values": [{"value": "^", "step": null, "ts": 1691666079.7585359}]}, "version": 353}
{"obj": {"type": "LogStrings", "path": ["monitoring", "28b4c540", "stderr"], "values": [{"value": "^", "step": null, "ts": 1691666079.827452}]}, "version": 354}
{"obj": {"type": "LogStrings", "path": ["monitoring", "28b4c540", "stderr"], "values": [{"value": "\n", "step": null, "ts": 1691666079.849549}]}, "version": 355}
{"obj": {"type": "LogStrings", "path": ["monitoring", "28b4c540", "stderr"], "values": [{"value": "", "step": null, "ts": 1691666079.91044}]}, "version": 356}
{"obj": {"type": "LogStrings", "path": ["monitoring", "28b4c540", "stderr"], "values": [{"value": "  File \"/anaconda/envs/behrt_cpu/lib/python3.11/site-packages/lightning/pytorch/trainer/call.py\", line 144, in _call_lightning_module_hook\n", "step": null, "ts": 1691666079.964618}]}, "version": 357}
{"obj": {"type": "LogStrings", "path": ["monitoring", "28b4c540", "stderr"], "values": [{"value": "", "step": null, "ts": 1691666079.9857602}]}, "version": 358}
{"obj": {"type": "LogStrings", "path": ["monitoring", "28b4c540", "stderr"], "values": [{"value": "    ", "step": null, "ts": 1691666080.034479}]}, "version": 359}
{"obj": {"type": "LogStrings", "path": ["monitoring", "28b4c540", "stderr"], "values": [{"value": "output = fn(*args, **kwargs)", "step": null, "ts": 1691666080.0568864}]}, "version": 360}
{"obj": {"type": "LogStrings", "path": ["monitoring", "28b4c540", "stderr"], "values": [{"value": "\n", "step": null, "ts": 1691666080.1331663}]}, "version": 361}
{"obj": {"type": "LogStrings", "path": ["monitoring", "28b4c540", "stderr"], "values": [{"value": "", "step": null, "ts": 1691666080.1664577}]}, "version": 362}
{"obj": {"type": "LogStrings", "path": ["monitoring", "28b4c540", "stderr"], "values": [{"value": " ", "step": null, "ts": 1691666080.253992}]}, "version": 363}
{"obj": {"type": "LogStrings", "path": ["monitoring", "28b4c540", "stderr"], "values": [{"value": " ", "step": null, "ts": 1691666080.3382323}]}, "version": 364}
{"obj": {"type": "LogStrings", "path": ["monitoring", "28b4c540", "stderr"], "values": [{"value": " ", "step": null, "ts": 1691666080.3618774}]}, "version": 365}
{"obj": {"type": "LogStrings", "path": ["monitoring", "28b4c540", "stderr"], "values": [{"value": " ", "step": null, "ts": 1691666080.38556}]}, "version": 366}
{"obj": {"type": "LogStrings", "path": ["monitoring", "28b4c540", "stderr"], "values": [{"value": " ", "step": null, "ts": 1691666080.4082947}]}, "version": 367}
{"obj": {"type": "LogStrings", "path": ["monitoring", "28b4c540", "stderr"], "values": [{"value": " ", "step": null, "ts": 1691666080.4287715}]}, "version": 368}
{"obj": {"type": "LogStrings", "path": ["monitoring", "28b4c540", "stderr"], "values": [{"value": " ", "step": null, "ts": 1691666080.4764059}]}, "version": 369}
{"obj": {"type": "LogStrings", "path": ["monitoring", "28b4c540", "stderr"], "values": [{"value": " ", "step": null, "ts": 1691666080.5310633}]}, "version": 370}
{"obj": {"type": "LogStrings", "path": ["monitoring", "28b4c540", "stderr"], "values": [{"value": " ", "step": null, "ts": 1691666080.6329381}]}, "version": 371}
{"obj": {"type": "LogStrings", "path": ["monitoring", "28b4c540", "stderr"], "values": [{"value": " ", "step": null, "ts": 1691666080.7314553}]}, "version": 372}
{"obj": {"type": "LogStrings", "path": ["monitoring", "28b4c540", "stderr"], "values": [{"value": " ", "step": null, "ts": 1691666080.793667}]}, "version": 373}
{"obj": {"type": "LogStrings", "path": ["monitoring", "28b4c540", "stderr"], "values": [{"value": " ", "step": null, "ts": 1691666080.8156497}]}, "version": 374}
{"obj": {"type": "LogStrings", "path": ["monitoring", "28b4c540", "stderr"], "values": [{"value": " ", "step": null, "ts": 1691666080.8761418}]}, "version": 375}
{"obj": {"type": "LogStrings", "path": ["monitoring", "28b4c540", "stderr"], "values": [{"value": "^", "step": null, "ts": 1691666080.9722831}]}, "version": 376}
{"obj": {"type": "LogStrings", "path": ["monitoring", "28b4c540", "stderr"], "values": [{"value": "^", "step": null, "ts": 1691666081.0645583}]}, "version": 377}
{"obj": {"type": "LogStrings", "path": ["monitoring", "28b4c540", "stderr"], "values": [{"value": "^", "step": null, "ts": 1691666081.155103}]}, "version": 378}
{"obj": {"type": "LogStrings", "path": ["monitoring", "28b4c540", "stderr"], "values": [{"value": "^", "step": null, "ts": 1691666081.2365973}]}, "version": 379}
{"obj": {"type": "LogStrings", "path": ["monitoring", "28b4c540", "stderr"], "values": [{"value": "^", "step": null, "ts": 1691666081.3188505}]}, "version": 380}
{"obj": {"type": "LogStrings", "path": ["monitoring", "28b4c540", "stderr"], "values": [{"value": "^", "step": null, "ts": 1691666081.3396056}]}, "version": 381}
{"obj": {"type": "LogStrings", "path": ["monitoring", "28b4c540", "stderr"], "values": [{"value": "^", "step": null, "ts": 1691666081.3590474}]}, "version": 382}
{"obj": {"type": "LogStrings", "path": ["monitoring", "28b4c540", "stderr"], "values": [{"value": "^", "step": null, "ts": 1691666081.4301229}]}, "version": 383}
{"obj": {"type": "LogStrings", "path": ["monitoring", "28b4c540", "stderr"], "values": [{"value": "^", "step": null, "ts": 1691666081.455423}]}, "version": 384}
{"obj": {"type": "LogStrings", "path": ["monitoring", "28b4c540", "stderr"], "values": [{"value": "^", "step": null, "ts": 1691666081.476259}]}, "version": 385}
{"obj": {"type": "LogStrings", "path": ["monitoring", "28b4c540", "stderr"], "values": [{"value": "^", "step": null, "ts": 1691666081.5149548}]}, "version": 386}
{"obj": {"type": "LogStrings", "path": ["monitoring", "28b4c540", "stderr"], "values": [{"value": "^", "step": null, "ts": 1691666081.6121895}]}, "version": 387}
{"obj": {"type": "LogStrings", "path": ["monitoring", "28b4c540", "stderr"], "values": [{"value": "^", "step": null, "ts": 1691666081.683953}]}, "version": 388}
{"obj": {"type": "LogStrings", "path": ["monitoring", "28b4c540", "stderr"], "values": [{"value": "^", "step": null, "ts": 1691666081.7060606}]}, "version": 389}
{"obj": {"type": "LogStrings", "path": ["monitoring", "28b4c540", "stderr"], "values": [{"value": "^", "step": null, "ts": 1691666081.729808}]}, "version": 390}
{"obj": {"type": "LogStrings", "path": ["monitoring", "28b4c540", "stderr"], "values": [{"value": "^", "step": null, "ts": 1691666081.7796226}]}, "version": 391}
{"obj": {"type": "LogStrings", "path": ["monitoring", "28b4c540", "stderr"], "values": [{"value": "^", "step": null, "ts": 1691666081.8010798}]}, "version": 392}
{"obj": {"type": "LogStrings", "path": ["monitoring", "28b4c540", "stderr"], "values": [{"value": "^", "step": null, "ts": 1691666081.8514616}]}, "version": 393}
{"obj": {"type": "LogStrings", "path": ["monitoring", "28b4c540", "stderr"], "values": [{"value": "^", "step": null, "ts": 1691666081.9116404}]}, "version": 394}
{"obj": {"type": "LogStrings", "path": ["monitoring", "28b4c540", "stderr"], "values": [{"value": "\n", "step": null, "ts": 1691666081.9584155}]}, "version": 395}
{"obj": {"type": "LogStrings", "path": ["monitoring", "28b4c540", "stderr"], "values": [{"value": "", "step": null, "ts": 1691666081.9819987}]}, "version": 396}
{"obj": {"type": "LogStrings", "path": ["monitoring", "28b4c540", "stderr"], "values": [{"value": "  File \"/mnt/batch/tasks/shared/LS_root/mounts/clusters/mikkel4c14/code/Users/mikkel.sinkjaer/transformerEHR/task/../model/behrt.py\", line 292, in configure_optimizers\n", "step": null, "ts": 1691666082.00898}]}, "version": 397}
{"obj": {"type": "LogStrings", "path": ["monitoring", "28b4c540", "stderr"], "values": [{"value": "", "step": null, "ts": 1691666082.029451}]}, "version": 398}
{"obj": {"type": "LogStrings", "path": ["monitoring", "28b4c540", "stderr"], "values": [{"value": "    ", "step": null, "ts": 1691666082.049741}]}, "version": 399}
{"obj": {"type": "LogStrings", "path": ["monitoring", "28b4c540", "stderr"], "values": [{"value": "optimizer = torch.optim.Adam(self.parameters(), lr=self.config.optim_param.lr,weight_decay=self.config.optim_param.weight_decay)", "step": null, "ts": 1691666082.0733678}]}, "version": 400}
{"obj": {"type": "LogStrings", "path": ["monitoring", "28b4c540", "stderr"], "values": [{"value": "\n", "step": null, "ts": 1691666082.128573}]}, "version": 401}
{"obj": {"type": "LogStrings", "path": ["monitoring", "28b4c540", "stderr"], "values": [{"value": "", "step": null, "ts": 1691666082.192329}]}, "version": 402}
{"obj": {"type": "LogStrings", "path": ["monitoring", "28b4c540", "stderr"], "values": [{"value": " ", "step": null, "ts": 1691666082.2395906}]}, "version": 403}
{"obj": {"type": "LogStrings", "path": ["monitoring", "28b4c540", "stderr"], "values": [{"value": " ", "step": null, "ts": 1691666082.261825}]}, "version": 404}
{"obj": {"type": "LogStrings", "path": ["monitoring", "28b4c540", "stderr"], "values": [{"value": " ", "step": null, "ts": 1691666082.2899802}]}, "version": 405}
{"obj": {"type": "LogStrings", "path": ["monitoring", "28b4c540", "stderr"], "values": [{"value": " ", "step": null, "ts": 1691666082.3753629}]}, "version": 406}
{"obj": {"type": "LogStrings", "path": ["monitoring", "28b4c540", "stderr"], "values": [{"value": " ", "step": null, "ts": 1691666082.4505289}]}, "version": 407}
{"obj": {"type": "LogStrings", "path": ["monitoring", "28b4c540", "stderr"], "values": [{"value": " ", "step": null, "ts": 1691666082.4978468}]}, "version": 408}
{"obj": {"type": "LogStrings", "path": ["monitoring", "28b4c540", "stderr"], "values": [{"value": " ", "step": null, "ts": 1691666082.5208437}]}, "version": 409}
{"obj": {"type": "LogStrings", "path": ["monitoring", "28b4c540", "stderr"], "values": [{"value": " ", "step": null, "ts": 1691666082.5434453}]}, "version": 410}
{"obj": {"type": "LogStrings", "path": ["monitoring", "28b4c540", "stderr"], "values": [{"value": " ", "step": null, "ts": 1691666082.5936873}]}, "version": 411}
{"obj": {"type": "LogStrings", "path": ["monitoring", "28b4c540", "stderr"], "values": [{"value": " ", "step": null, "ts": 1691666082.644554}]}, "version": 412}
{"obj": {"type": "LogStrings", "path": ["monitoring", "28b4c540", "stderr"], "values": [{"value": " ", "step": null, "ts": 1691666082.691401}]}, "version": 413}
{"obj": {"type": "LogStrings", "path": ["monitoring", "28b4c540", "stderr"], "values": [{"value": " ", "step": null, "ts": 1691666082.7946231}]}, "version": 414}
{"obj": {"type": "LogStrings", "path": ["monitoring", "28b4c540", "stderr"], "values": [{"value": " ", "step": null, "ts": 1691666082.8484123}]}, "version": 415}
{"obj": {"type": "LogStrings", "path": ["monitoring", "28b4c540", "stderr"], "values": [{"value": " ", "step": null, "ts": 1691666082.8972425}]}, "version": 416}
{"obj": {"type": "LogStrings", "path": ["monitoring", "28b4c540", "stderr"], "values": [{"value": " ", "step": null, "ts": 1691666082.9800882}]}, "version": 417}
{"obj": {"type": "LogStrings", "path": ["monitoring", "28b4c540", "stderr"], "values": [{"value": " ", "step": null, "ts": 1691666083.1730704}]}, "version": 418}
{"obj": {"type": "LogStrings", "path": ["monitoring", "28b4c540", "stderr"], "values": [{"value": " ", "step": null, "ts": 1691666083.2230778}]}, "version": 419}
{"obj": {"type": "LogStrings", "path": ["monitoring", "28b4c540", "stderr"], "values": [{"value": " ", "step": null, "ts": 1691666083.281474}]}, "version": 420}
{"obj": {"type": "LogStrings", "path": ["monitoring", "28b4c540", "stderr"], "values": [{"value": " ", "step": null, "ts": 1691666083.344838}]}, "version": 421}
{"obj": {"type": "LogStrings", "path": ["monitoring", "28b4c540", "stderr"], "values": [{"value": " ", "step": null, "ts": 1691666083.4604588}]}, "version": 422}
{"obj": {"type": "LogStrings", "path": ["monitoring", "28b4c540", "stderr"], "values": [{"value": " ", "step": null, "ts": 1691666083.5957205}]}, "version": 423}
{"obj": {"type": "LogStrings", "path": ["monitoring", "28b4c540", "stderr"], "values": [{"value": " ", "step": null, "ts": 1691666083.6429904}]}, "version": 424}
{"obj": {"type": "LogStrings", "path": ["monitoring", "28b4c540", "stderr"], "values": [{"value": " ", "step": null, "ts": 1691666083.6664236}]}, "version": 425}
{"obj": {"type": "LogStrings", "path": ["monitoring", "28b4c540", "stderr"], "values": [{"value": " ", "step": null, "ts": 1691666083.6868901}]}, "version": 426}
{"obj": {"type": "LogStrings", "path": ["monitoring", "28b4c540", "stderr"], "values": [{"value": " ", "step": null, "ts": 1691666083.7423413}]}, "version": 427}
{"obj": {"type": "LogStrings", "path": ["monitoring", "28b4c540", "stderr"], "values": [{"value": " ", "step": null, "ts": 1691666083.7999163}]}, "version": 428}
{"obj": {"type": "LogStrings", "path": ["monitoring", "28b4c540", "stderr"], "values": [{"value": " ", "step": null, "ts": 1691666083.836866}]}, "version": 429}
{"obj": {"type": "LogStrings", "path": ["monitoring", "28b4c540", "stderr"], "values": [{"value": " ", "step": null, "ts": 1691666083.8585105}]}, "version": 430}
{"obj": {"type": "LogStrings", "path": ["monitoring", "28b4c540", "stderr"], "values": [{"value": " ", "step": null, "ts": 1691666083.8952281}]}, "version": 431}
{"obj": {"type": "LogStrings", "path": ["monitoring", "28b4c540", "stderr"], "values": [{"value": " ", "step": null, "ts": 1691666083.9257035}]}, "version": 432}
{"obj": {"type": "LogStrings", "path": ["monitoring", "28b4c540", "stderr"], "values": [{"value": " ", "step": null, "ts": 1691666083.9577117}]}, "version": 433}
{"obj": {"type": "LogStrings", "path": ["monitoring", "28b4c540", "stderr"], "values": [{"value": " ", "step": null, "ts": 1691666083.9806254}]}, "version": 434}
{"obj": {"type": "LogStrings", "path": ["monitoring", "28b4c540", "stderr"], "values": [{"value": " ", "step": null, "ts": 1691666084.0016565}]}, "version": 435}
{"obj": {"type": "LogStrings", "path": ["monitoring", "28b4c540", "stderr"], "values": [{"value": " ", "step": null, "ts": 1691666084.0939758}]}, "version": 436}
{"obj": {"type": "LogStrings", "path": ["monitoring", "28b4c540", "stderr"], "values": [{"value": " ", "step": null, "ts": 1691666084.1675541}]}, "version": 437}
{"obj": {"type": "LogStrings", "path": ["monitoring", "28b4c540", "stderr"], "values": [{"value": " ", "step": null, "ts": 1691666084.2166145}]}, "version": 438}
{"obj": {"type": "LogStrings", "path": ["monitoring", "28b4c540", "stderr"], "values": [{"value": " ", "step": null, "ts": 1691666084.238212}]}, "version": 439}
{"obj": {"type": "LogFloats", "path": ["monitoring", "28b4c540", "cpu"], "values": [{"value": 6.3, "step": null, "ts": 1691666084.2410467}]}, "version": 440}
{"obj": {"type": "LogStrings", "path": ["monitoring", "28b4c540", "stderr"], "values": [{"value": " ", "step": null, "ts": 1691666084.281368}]}, "version": 441}
{"obj": {"type": "LogFloats", "path": ["monitoring", "28b4c540", "memory"], "values": [{"value": 8.092296600341797, "step": null, "ts": 1691666084.2410467}]}, "version": 442}
{"obj": {"type": "LogStrings", "path": ["monitoring", "28b4c540", "stderr"], "values": [{"value": " ", "step": null, "ts": 1691666084.4246597}]}, "version": 443}
{"obj": {"type": "LogStrings", "path": ["monitoring", "28b4c540", "stderr"], "values": [{"value": " ", "step": null, "ts": 1691666084.471628}]}, "version": 444}
{"obj": {"type": "LogStrings", "path": ["monitoring", "28b4c540", "stderr"], "values": [{"value": " ", "step": null, "ts": 1691666084.5175622}]}, "version": 445}
{"obj": {"type": "LogStrings", "path": ["monitoring", "28b4c540", "stderr"], "values": [{"value": " ", "step": null, "ts": 1691666084.5519586}]}, "version": 446}
{"obj": {"type": "LogStrings", "path": ["monitoring", "28b4c540", "stderr"], "values": [{"value": " ", "step": null, "ts": 1691666084.5980685}]}, "version": 447}
{"obj": {"type": "LogStrings", "path": ["monitoring", "28b4c540", "stderr"], "values": [{"value": " ", "step": null, "ts": 1691666084.6483042}]}, "version": 448}
{"obj": {"type": "LogStrings", "path": ["monitoring", "28b4c540", "stderr"], "values": [{"value": " ", "step": null, "ts": 1691666084.6829138}]}, "version": 449}
{"obj": {"type": "LogStrings", "path": ["monitoring", "28b4c540", "stderr"], "values": [{"value": " ", "step": null, "ts": 1691666084.7082493}]}, "version": 450}
{"obj": {"type": "LogStrings", "path": ["monitoring", "28b4c540", "stderr"], "values": [{"value": " ", "step": null, "ts": 1691666084.7457137}]}, "version": 451}
{"obj": {"type": "LogStrings", "path": ["monitoring", "28b4c540", "stderr"], "values": [{"value": " ", "step": null, "ts": 1691666084.8347986}]}, "version": 452}
{"obj": {"type": "LogStrings", "path": ["monitoring", "28b4c540", "stderr"], "values": [{"value": " ", "step": null, "ts": 1691666084.8772318}]}, "version": 453}
{"obj": {"type": "LogStrings", "path": ["monitoring", "28b4c540", "stderr"], "values": [{"value": " ", "step": null, "ts": 1691666084.94667}]}, "version": 454}
{"obj": {"type": "LogStrings", "path": ["monitoring", "28b4c540", "stderr"], "values": [{"value": " ", "step": null, "ts": 1691666084.980274}]}, "version": 455}
{"obj": {"type": "LogStrings", "path": ["monitoring", "28b4c540", "stderr"], "values": [{"value": " ", "step": null, "ts": 1691666085.0264266}]}, "version": 456}
{"obj": {"type": "LogStrings", "path": ["monitoring", "28b4c540", "stderr"], "values": [{"value": " ", "step": null, "ts": 1691666085.061081}]}, "version": 457}
{"obj": {"type": "LogStrings", "path": ["monitoring", "28b4c540", "stderr"], "values": [{"value": " ", "step": null, "ts": 1691666085.0930011}]}, "version": 458}
{"obj": {"type": "LogStrings", "path": ["monitoring", "28b4c540", "stderr"], "values": [{"value": " ", "step": null, "ts": 1691666085.1374414}]}, "version": 459}
{"obj": {"type": "LogStrings", "path": ["monitoring", "28b4c540", "stderr"], "values": [{"value": "^", "step": null, "ts": 1691666085.1996062}]}, "version": 460}
{"obj": {"type": "LogStrings", "path": ["monitoring", "28b4c540", "stderr"], "values": [{"value": "^", "step": null, "ts": 1691666085.2311592}]}, "version": 461}
{"obj": {"type": "LogStrings", "path": ["monitoring", "28b4c540", "stderr"], "values": [{"value": "^", "step": null, "ts": 1691666085.281732}]}, "version": 462}
{"obj": {"type": "LogStrings", "path": ["monitoring", "28b4c540", "stderr"], "values": [{"value": "^", "step": null, "ts": 1691666085.3051715}]}, "version": 463}
{"obj": {"type": "LogStrings", "path": ["monitoring", "28b4c540", "stderr"], "values": [{"value": "^", "step": null, "ts": 1691666085.326144}]}, "version": 464}
{"obj": {"type": "LogStrings", "path": ["monitoring", "28b4c540", "stderr"], "values": [{"value": "^", "step": null, "ts": 1691666085.3872538}]}, "version": 465}
{"obj": {"type": "LogStrings", "path": ["monitoring", "28b4c540", "stderr"], "values": [{"value": "^", "step": null, "ts": 1691666085.406902}]}, "version": 466}
{"obj": {"type": "LogStrings", "path": ["monitoring", "28b4c540", "stderr"], "values": [{"value": "^", "step": null, "ts": 1691666085.4336689}]}, "version": 467}
{"obj": {"type": "LogStrings", "path": ["monitoring", "28b4c540", "stderr"], "values": [{"value": "^", "step": null, "ts": 1691666085.4559512}]}, "version": 468}
{"obj": {"type": "LogStrings", "path": ["monitoring", "28b4c540", "stderr"], "values": [{"value": "^", "step": null, "ts": 1691666085.4826434}]}, "version": 469}
{"obj": {"type": "LogStrings", "path": ["monitoring", "28b4c540", "stderr"], "values": [{"value": "^", "step": null, "ts": 1691666085.5026178}]}, "version": 470}
{"obj": {"type": "LogStrings", "path": ["monitoring", "28b4c540", "stderr"], "values": [{"value": "^", "step": null, "ts": 1691666085.5291014}]}, "version": 471}
{"obj": {"type": "LogStrings", "path": ["monitoring", "28b4c540", "stderr"], "values": [{"value": "^", "step": null, "ts": 1691666085.5603647}]}, "version": 472}
{"obj": {"type": "LogStrings", "path": ["monitoring", "28b4c540", "stderr"], "values": [{"value": "^", "step": null, "ts": 1691666085.5804434}]}, "version": 473}
{"obj": {"type": "LogStrings", "path": ["monitoring", "28b4c540", "stderr"], "values": [{"value": "^", "step": null, "ts": 1691666085.6280684}]}, "version": 474}
{"obj": {"type": "LogStrings", "path": ["monitoring", "28b4c540", "stderr"], "values": [{"value": "^", "step": null, "ts": 1691666085.6657841}]}, "version": 475}
{"obj": {"type": "LogStrings", "path": ["monitoring", "28b4c540", "stderr"], "values": [{"value": "^", "step": null, "ts": 1691666085.694409}]}, "version": 476}
{"obj": {"type": "LogStrings", "path": ["monitoring", "28b4c540", "stderr"], "values": [{"value": "^", "step": null, "ts": 1691666085.8061945}]}, "version": 477}
{"obj": {"type": "LogStrings", "path": ["monitoring", "28b4c540", "stderr"], "values": [{"value": "^", "step": null, "ts": 1691666085.8983548}]}, "version": 478}
{"obj": {"type": "LogStrings", "path": ["monitoring", "28b4c540", "stderr"], "values": [{"value": "^", "step": null, "ts": 1691666085.9872065}]}, "version": 479}
{"obj": {"type": "LogStrings", "path": ["monitoring", "28b4c540", "stderr"], "values": [{"value": "^", "step": null, "ts": 1691666086.070665}]}, "version": 480}
{"obj": {"type": "LogStrings", "path": ["monitoring", "28b4c540", "stderr"], "values": [{"value": "^", "step": null, "ts": 1691666086.1426437}]}, "version": 481}
{"obj": {"type": "LogStrings", "path": ["monitoring", "28b4c540", "stderr"], "values": [{"value": "^", "step": null, "ts": 1691666086.3988702}]}, "version": 482}
{"obj": {"type": "LogStrings", "path": ["monitoring", "28b4c540", "stderr"], "values": [{"value": "^", "step": null, "ts": 1691666086.4313328}]}, "version": 483}
{"obj": {"type": "LogStrings", "path": ["monitoring", "28b4c540", "stderr"], "values": [{"value": "^", "step": null, "ts": 1691666086.6490498}]}, "version": 484}
{"obj": {"type": "LogStrings", "path": ["monitoring", "28b4c540", "stderr"], "values": [{"value": "^", "step": null, "ts": 1691666086.6697538}]}, "version": 485}
{"obj": {"type": "LogStrings", "path": ["monitoring", "28b4c540", "stderr"], "values": [{"value": "\n", "step": null, "ts": 1691666086.7948227}]}, "version": 486}
{"obj": {"type": "LogStrings", "path": ["monitoring", "28b4c540", "stderr"], "values": [{"value": "", "step": null, "ts": 1691666086.8693323}]}, "version": 487}
{"obj": {"type": "LogStrings", "path": ["monitoring", "28b4c540", "stderr"], "values": [{"value": "AttributeError", "step": null, "ts": 1691666086.890317}]}, "version": 488}
{"obj": {"type": "LogStrings", "path": ["monitoring", "28b4c540", "stderr"], "values": [{"value": ": ", "step": null, "ts": 1691666086.9939356}]}, "version": 489}
{"obj": {"type": "LogStrings", "path": ["monitoring", "28b4c540", "stderr"], "values": [{"value": "'dict' object has no attribute 'lr'", "step": null, "ts": 1691666087.0441942}]}, "version": 490}
{"obj": {"type": "LogStrings", "path": ["monitoring", "28b4c540", "stderr"], "values": [{"value": "\n", "step": null, "ts": 1691666087.0649402}]}, "version": 491}
