{"obj": {"type": "AssignString", "path": ["sys", "name"], "value": "MLM_model"}, "version": 1}
{"obj": {"type": "AssignString", "path": ["sys", "description"], "value": ""}, "version": 2}
{"obj": {"type": "AssignString", "path": ["monitoring", "dd4c8aa8", "hostname"], "value": "mikkel4c14"}, "version": 3}
{"obj": {"type": "AssignString", "path": ["sys", "hostname"], "value": "mikkel4c14"}, "version": 4}
{"obj": {"type": "AssignString", "path": ["monitoring", "dd4c8aa8", "pid"], "value": "47217"}, "version": 5}
{"obj": {"type": "AssignString", "path": ["monitoring", "dd4c8aa8", "tid"], "value": "140197881370432"}, "version": 6}
{"obj": {"type": "AssignBool", "path": ["sys", "failed"], "value": false}, "version": 7}
{"obj": {"type": "ClearStringLog", "path": ["monitoring", "dd4c8aa8", "stdout"]}, "version": 8}
{"obj": {"type": "ClearStringLog", "path": ["monitoring", "dd4c8aa8", "stderr"]}, "version": 9}
{"obj": {"type": "AssignString", "path": ["source_code", "entrypoint"], "value": "executeBehrtMLM.py"}, "version": 10}
{"obj": {"type": "UploadFileSet", "path": ["source_code", "files"], "file_globs": ["/mnt/batch/tasks/shared/LS_root/mounts/clusters/mikkel4c14/code/Users/mikkel.sinkjaer/transformerEHR/task/executeBehrtMLM.py"], "reset": "False"}, "version": 11}
{"obj": {"type": "UploadFile", "path": ["source_code", "diff"], "ext": "patch", "file_path": null, "tmp_file_name": "source_code_diff-1691665458.746605-2023-08-10_11.04.18.746605.patch", "clean_after_upload": false}, "version": 12}
{"obj": {"type": "UploadFile", "path": ["source_code", "upstream_diff_None"], "ext": "patch", "file_path": null, "tmp_file_name": "source_code_upstream_diff_None-1691665458.847543-2023-08-10_11.04.18.847543.patch", "clean_after_upload": false}, "version": 13}
{"obj": {"type": "LogStrings", "path": ["monitoring", "dd4c8aa8", "stderr"], "values": [{"value": "Info (NVML): Driver Not Loaded. GPU usage metrics may not be reported. For more information, see https://docs.neptune.ai/help/nvml_error/\n", "step": null, "ts": 1691665459.118636}]}, "version": 14}
{"obj": {"type": "ConfigFloatSeries", "path": ["monitoring", "dd4c8aa8", "cpu"], "min": 0.0, "max": 100.0, "unit": "%"}, "version": 15}
{"obj": {"type": "ClearFloatLog", "path": ["monitoring", "dd4c8aa8", "cpu"]}, "version": 16}
{"obj": {"type": "ConfigFloatSeries", "path": ["monitoring", "dd4c8aa8", "memory"], "min": 0.0, "max": 13.659683227539062, "unit": "GB"}, "version": 17}
{"obj": {"type": "ClearFloatLog", "path": ["monitoring", "dd4c8aa8", "memory"]}, "version": 18}
{"obj": {"type": "AssignString", "path": ["source_code", "integrations", "pytorch-lightning"], "value": "2.0.6"}, "version": 19}
{"obj": {"type": "LogFloats", "path": ["monitoring", "dd4c8aa8", "cpu"], "values": [{"value": 20.7, "step": null, "ts": 1691665459.4929278}]}, "version": 20}
{"obj": {"type": "AssignInt", "path": ["training", "hyperparams", "vocab_size"], "value": 68}, "version": 21}
{"obj": {"type": "AssignInt", "path": ["training", "hyperparams", "hidden_size"], "value": 288}, "version": 22}
{"obj": {"type": "AssignInt", "path": ["training", "hyperparams", "seg_vocab_size"], "value": 2}, "version": 23}
{"obj": {"type": "AssignInt", "path": ["training", "hyperparams", "date_vocab_size"], "value": 8400}, "version": 24}
{"obj": {"type": "AssignInt", "path": ["training", "hyperparams", "age_vocab_size"], "value": 144}, "version": 25}
{"obj": {"type": "AssignInt", "path": ["training", "hyperparams", "max_position_embedding"], "value": 512}, "version": 26}
{"obj": {"type": "AssignFloat", "path": ["training", "hyperparams", "hidden_dropout_prob"], "value": 0.1}, "version": 27}
{"obj": {"type": "AssignInt", "path": ["training", "hyperparams", "num_hidden_layers"], "value": 6}, "version": 28}
{"obj": {"type": "AssignInt", "path": ["training", "hyperparams", "num_attention_heads"], "value": 12}, "version": 29}
{"obj": {"type": "AssignFloat", "path": ["training", "hyperparams", "attention_probs_dropout_prob"], "value": 0.1}, "version": 30}
{"obj": {"type": "AssignInt", "path": ["training", "hyperparams", "intermediate_size"], "value": 512}, "version": 31}
{"obj": {"type": "AssignString", "path": ["training", "hyperparams", "hidden_act"], "value": "gelu"}, "version": 32}
{"obj": {"type": "AssignFloat", "path": ["training", "hyperparams", "initializer_range"], "value": 0.02}, "version": 33}
{"obj": {"type": "AssignFloat", "path": ["training", "hyperparams", "optim_param", "lr"], "value": 2e-05}, "version": 34}
{"obj": {"type": "AssignFloat", "path": ["training", "hyperparams", "optim_param", "warmup_proportion"], "value": 0.1}, "version": 35}
{"obj": {"type": "AssignFloat", "path": ["training", "hyperparams", "optim_param", "weight_decay"], "value": 0.01}, "version": 36}
{"obj": {"type": "LogFloats", "path": ["monitoring", "dd4c8aa8", "memory"], "values": [{"value": 8.060523986816406, "step": null, "ts": 1691665459.4929278}]}, "version": 37}
{"obj": {"type": "LogStrings", "path": ["monitoring", "dd4c8aa8", "traceback"], "values": [{"value": "An uncaught exception occurred while run was active on worker mikkel4c14.", "step": null, "ts": 1691665464.4688258}, {"value": "Marking run as failed", "step": null, "ts": 1691665464.4688258}, {"value": "Traceback:", "step": null, "ts": 1691665464.4688258}, {"value": "  File \"/mnt/batch/tasks/shared/LS_root/mounts/clusters/mikkel4c14/code/Users/mikkel.sinkjaer/transformerEHR/task/executeBehrtMLM.py\", line 155, in <module>\n    tuner.scale_batch_size(model, mode=\"binsearch\")\n", "step": null, "ts": 1691665464.4688258}, {"value": "  File \"/anaconda/envs/behrt_cpu/lib/python3.11/site-packages/lightning/pytorch/tuner/tuning.py\", line 93, in scale_batch_size\n    self._trainer.fit(model, train_dataloaders, val_dataloaders, datamodule)\n", "step": null, "ts": 1691665464.4688258}, {"value": "  File \"/anaconda/envs/behrt_cpu/lib/python3.11/site-packages/lightning/pytorch/trainer/trainer.py\", line 527, in fit\n    model = _maybe_unwrap_optimized(model)\n            ^^^^^^^^^^^^^^^^^^^^^^^^^^^^^^\n", "step": null, "ts": 1691665464.4688258}, {"value": "  File \"/anaconda/envs/behrt_cpu/lib/python3.11/site-packages/lightning/pytorch/utilities/compile.py\", line 125, in _maybe_unwrap_optimized\n    raise TypeError(\n", "step": null, "ts": 1691665464.4688258}, {"value": "`model` must be a `LightningModule` or `torch._dynamo.OptimizedModule`, got `BertModel`", "step": null, "ts": 1691665464.4688258}]}, "version": 38}
{"obj": {"type": "AssignBool", "path": ["sys", "failed"], "value": true}, "version": 39}
{"obj": {"type": "LogStrings", "path": ["monitoring", "dd4c8aa8", "stderr"], "values": [{"value": "", "step": null, "ts": 1691665464.559139}]}, "version": 40}
{"obj": {"type": "LogStrings", "path": ["monitoring", "dd4c8aa8", "stdout"], "values": [{"value": "Shutting down background jobs, please wait a moment...\n", "step": null, "ts": 1691665464.8255997}]}, "version": 41}
{"obj": {"type": "LogStrings", "path": ["monitoring", "dd4c8aa8", "stderr"], "values": [{"value": "Traceback (most recent call last):\n", "step": null, "ts": 1691665464.8469186}]}, "version": 42}
{"obj": {"type": "LogStrings", "path": ["monitoring", "dd4c8aa8", "stderr"], "values": [{"value": "", "step": null, "ts": 1691665464.8924046}]}, "version": 43}
{"obj": {"type": "LogStrings", "path": ["monitoring", "dd4c8aa8", "stderr"], "values": [{"value": "  File \"/mnt/batch/tasks/shared/LS_root/mounts/clusters/mikkel4c14/code/Users/mikkel.sinkjaer/transformerEHR/task/executeBehrtMLM.py\", line 155, in <module>\n", "step": null, "ts": 1691665464.9163444}]}, "version": 44}
{"obj": {"type": "LogStrings", "path": ["monitoring", "dd4c8aa8", "stderr"], "values": [{"value": "", "step": null, "ts": 1691665464.9392269}]}, "version": 45}
{"obj": {"type": "LogStrings", "path": ["monitoring", "dd4c8aa8", "stderr"], "values": [{"value": "    ", "step": null, "ts": 1691665464.9632819}]}, "version": 46}
{"obj": {"type": "LogStrings", "path": ["monitoring", "dd4c8aa8", "stderr"], "values": [{"value": "tuner.scale_batch_size(model, mode=\"binsearch\")", "step": null, "ts": 1691665464.9863913}]}, "version": 47}
{"obj": {"type": "LogStrings", "path": ["monitoring", "dd4c8aa8", "stderr"], "values": [{"value": "\n", "step": null, "ts": 1691665465.0180273}]}, "version": 48}
{"obj": {"type": "LogStrings", "path": ["monitoring", "dd4c8aa8", "stderr"], "values": [{"value": "", "step": null, "ts": 1691665465.0419726}]}, "version": 49}
{"obj": {"type": "LogStrings", "path": ["monitoring", "dd4c8aa8", "stderr"], "values": [{"value": "  File \"/anaconda/envs/behrt_cpu/lib/python3.11/site-packages/lightning/pytorch/tuner/tuning.py\", line 93, in scale_batch_size\n", "step": null, "ts": 1691665465.0737312}]}, "version": 50}
{"obj": {"type": "LogStrings", "path": ["monitoring", "dd4c8aa8", "stderr"], "values": [{"value": "", "step": null, "ts": 1691665465.097706}]}, "version": 51}
{"obj": {"type": "LogStrings", "path": ["monitoring", "dd4c8aa8", "stderr"], "values": [{"value": "    ", "step": null, "ts": 1691665465.1831048}]}, "version": 52}
{"obj": {"type": "LogStrings", "path": ["monitoring", "dd4c8aa8", "stderr"], "values": [{"value": "self._trainer.fit(model, train_dataloaders, val_dataloaders, datamodule)", "step": null, "ts": 1691665465.2116556}]}, "version": 53}
{"obj": {"type": "LogStrings", "path": ["monitoring", "dd4c8aa8", "stderr"], "values": [{"value": "\n", "step": null, "ts": 1691665465.24813}]}, "version": 54}
{"obj": {"type": "LogStrings", "path": ["monitoring", "dd4c8aa8", "stderr"], "values": [{"value": "", "step": null, "ts": 1691665465.2705755}]}, "version": 55}
{"obj": {"type": "LogStrings", "path": ["monitoring", "dd4c8aa8", "stderr"], "values": [{"value": "  File \"/anaconda/envs/behrt_cpu/lib/python3.11/site-packages/lightning/pytorch/trainer/trainer.py\", line 527, in fit\n", "step": null, "ts": 1691665465.2952232}]}, "version": 56}
{"obj": {"type": "LogStrings", "path": ["monitoring", "dd4c8aa8", "stderr"], "values": [{"value": "", "step": null, "ts": 1691665465.351556}]}, "version": 57}
{"obj": {"type": "LogStrings", "path": ["monitoring", "dd4c8aa8", "stderr"], "values": [{"value": "    ", "step": null, "ts": 1691665465.407647}]}, "version": 58}
{"obj": {"type": "LogStrings", "path": ["monitoring", "dd4c8aa8", "stderr"], "values": [{"value": "model = _maybe_unwrap_optimized(model)", "step": null, "ts": 1691665465.4324217}]}, "version": 59}
{"obj": {"type": "LogStrings", "path": ["monitoring", "dd4c8aa8", "stderr"], "values": [{"value": "\n", "step": null, "ts": 1691665465.4820466}]}, "version": 60}
{"obj": {"type": "LogStrings", "path": ["monitoring", "dd4c8aa8", "stderr"], "values": [{"value": "", "step": null, "ts": 1691665465.5327973}]}, "version": 61}
{"obj": {"type": "LogStrings", "path": ["monitoring", "dd4c8aa8", "stderr"], "values": [{"value": " ", "step": null, "ts": 1691665465.560138}]}, "version": 62}
{"obj": {"type": "LogStrings", "path": ["monitoring", "dd4c8aa8", "stderr"], "values": [{"value": " ", "step": null, "ts": 1691665465.5923553}]}, "version": 63}
{"obj": {"type": "LogStrings", "path": ["monitoring", "dd4c8aa8", "stderr"], "values": [{"value": " ", "step": null, "ts": 1691665465.619987}]}, "version": 64}
{"obj": {"type": "LogStrings", "path": ["monitoring", "dd4c8aa8", "stderr"], "values": [{"value": " ", "step": null, "ts": 1691665465.6502018}]}, "version": 65}
{"obj": {"type": "LogStrings", "path": ["monitoring", "dd4c8aa8", "stderr"], "values": [{"value": " ", "step": null, "ts": 1691665465.6859689}]}, "version": 66}
{"obj": {"type": "LogStrings", "path": ["monitoring", "dd4c8aa8", "stderr"], "values": [{"value": " ", "step": null, "ts": 1691665465.7284434}]}, "version": 67}
{"obj": {"type": "LogStrings", "path": ["monitoring", "dd4c8aa8", "stderr"], "values": [{"value": " ", "step": null, "ts": 1691665465.7504272}]}, "version": 68}
{"obj": {"type": "LogStrings", "path": ["monitoring", "dd4c8aa8", "stderr"], "values": [{"value": " ", "step": null, "ts": 1691665465.7791052}]}, "version": 69}
{"obj": {"type": "LogStrings", "path": ["monitoring", "dd4c8aa8", "stderr"], "values": [{"value": " ", "step": null, "ts": 1691665465.808903}]}, "version": 70}
{"obj": {"type": "LogStrings", "path": ["monitoring", "dd4c8aa8", "stderr"], "values": [{"value": " ", "step": null, "ts": 1691665465.8599296}]}, "version": 71}
{"obj": {"type": "LogStrings", "path": ["monitoring", "dd4c8aa8", "stderr"], "values": [{"value": " ", "step": null, "ts": 1691665465.888961}]}, "version": 72}
{"obj": {"type": "LogStrings", "path": ["monitoring", "dd4c8aa8", "stderr"], "values": [{"value": " ", "step": null, "ts": 1691665465.914635}]}, "version": 73}
{"obj": {"type": "LogStrings", "path": ["monitoring", "dd4c8aa8", "stderr"], "values": [{"value": "^", "step": null, "ts": 1691665465.9370897}]}, "version": 74}
{"obj": {"type": "LogStrings", "path": ["monitoring", "dd4c8aa8", "stderr"], "values": [{"value": "^", "step": null, "ts": 1691665465.9613824}]}, "version": 75}
{"obj": {"type": "LogStrings", "path": ["monitoring", "dd4c8aa8", "stderr"], "values": [{"value": "^", "step": null, "ts": 1691665465.9831045}]}, "version": 76}
{"obj": {"type": "LogStrings", "path": ["monitoring", "dd4c8aa8", "stderr"], "values": [{"value": "^", "step": null, "ts": 1691665466.0295966}]}, "version": 77}
{"obj": {"type": "LogStrings", "path": ["monitoring", "dd4c8aa8", "stderr"], "values": [{"value": "^", "step": null, "ts": 1691665466.0757918}]}, "version": 78}
{"obj": {"type": "LogStrings", "path": ["monitoring", "dd4c8aa8", "stderr"], "values": [{"value": "^", "step": null, "ts": 1691665466.0985315}]}, "version": 79}
{"obj": {"type": "LogStrings", "path": ["monitoring", "dd4c8aa8", "stderr"], "values": [{"value": "^", "step": null, "ts": 1691665466.1265738}]}, "version": 80}
{"obj": {"type": "LogStrings", "path": ["monitoring", "dd4c8aa8", "stderr"], "values": [{"value": "^", "step": null, "ts": 1691665466.1576152}]}, "version": 81}
{"obj": {"type": "LogStrings", "path": ["monitoring", "dd4c8aa8", "stderr"], "values": [{"value": "^", "step": null, "ts": 1691665466.1807415}]}, "version": 82}
{"obj": {"type": "LogStrings", "path": ["monitoring", "dd4c8aa8", "stderr"], "values": [{"value": "^", "step": null, "ts": 1691665466.2254968}]}, "version": 83}
{"obj": {"type": "LogStrings", "path": ["monitoring", "dd4c8aa8", "stderr"], "values": [{"value": "^", "step": null, "ts": 1691665466.397872}]}, "version": 84}
{"obj": {"type": "LogStrings", "path": ["monitoring", "dd4c8aa8", "stderr"], "values": [{"value": "^", "step": null, "ts": 1691665466.514837}]}, "version": 85}
{"obj": {"type": "LogStrings", "path": ["monitoring", "dd4c8aa8", "stderr"], "values": [{"value": "^", "step": null, "ts": 1691665466.5465841}]}, "version": 86}
{"obj": {"type": "LogStrings", "path": ["monitoring", "dd4c8aa8", "stderr"], "values": [{"value": "^", "step": null, "ts": 1691665466.5698519}]}, "version": 87}
{"obj": {"type": "LogStrings", "path": ["monitoring", "dd4c8aa8", "stderr"], "values": [{"value": "^", "step": null, "ts": 1691665466.6167114}]}, "version": 88}
{"obj": {"type": "LogStrings", "path": ["monitoring", "dd4c8aa8", "stderr"], "values": [{"value": "^", "step": null, "ts": 1691665466.6374295}]}, "version": 89}
{"obj": {"type": "LogStrings", "path": ["monitoring", "dd4c8aa8", "stderr"], "values": [{"value": "^", "step": null, "ts": 1691665466.6637359}]}, "version": 90}
{"obj": {"type": "LogStrings", "path": ["monitoring", "dd4c8aa8", "stderr"], "values": [{"value": "^", "step": null, "ts": 1691665466.6917136}]}, "version": 91}
{"obj": {"type": "LogStrings", "path": ["monitoring", "dd4c8aa8", "stderr"], "values": [{"value": "^", "step": null, "ts": 1691665466.7178156}]}, "version": 92}
{"obj": {"type": "LogStrings", "path": ["monitoring", "dd4c8aa8", "stderr"], "values": [{"value": "^", "step": null, "ts": 1691665466.7399147}]}, "version": 93}
{"obj": {"type": "LogStrings", "path": ["monitoring", "dd4c8aa8", "stderr"], "values": [{"value": "^", "step": null, "ts": 1691665466.7664454}]}, "version": 94}
{"obj": {"type": "LogStrings", "path": ["monitoring", "dd4c8aa8", "stderr"], "values": [{"value": "^", "step": null, "ts": 1691665466.8239832}]}, "version": 95}
{"obj": {"type": "LogStrings", "path": ["monitoring", "dd4c8aa8", "stderr"], "values": [{"value": "^", "step": null, "ts": 1691665466.8452358}]}, "version": 96}
{"obj": {"type": "LogStrings", "path": ["monitoring", "dd4c8aa8", "stderr"], "values": [{"value": "^", "step": null, "ts": 1691665466.9170527}]}, "version": 97}
{"obj": {"type": "LogStrings", "path": ["monitoring", "dd4c8aa8", "stderr"], "values": [{"value": "^", "step": null, "ts": 1691665466.9464202}]}, "version": 98}
{"obj": {"type": "LogStrings", "path": ["monitoring", "dd4c8aa8", "stderr"], "values": [{"value": "^", "step": null, "ts": 1691665466.9884846}]}, "version": 99}
{"obj": {"type": "LogStrings", "path": ["monitoring", "dd4c8aa8", "stderr"], "values": [{"value": "^", "step": null, "ts": 1691665467.0132997}]}, "version": 100}
{"obj": {"type": "LogStrings", "path": ["monitoring", "dd4c8aa8", "stderr"], "values": [{"value": "^", "step": null, "ts": 1691665467.0491958}]}, "version": 101}
{"obj": {"type": "LogStrings", "path": ["monitoring", "dd4c8aa8", "stderr"], "values": [{"value": "^", "step": null, "ts": 1691665467.080566}]}, "version": 102}
{"obj": {"type": "LogStrings", "path": ["monitoring", "dd4c8aa8", "stderr"], "values": [{"value": "^", "step": null, "ts": 1691665467.122443}]}, "version": 103}
{"obj": {"type": "LogStrings", "path": ["monitoring", "dd4c8aa8", "stderr"], "values": [{"value": "\n", "step": null, "ts": 1691665467.155911}]}, "version": 104}
{"obj": {"type": "LogStrings", "path": ["monitoring", "dd4c8aa8", "stderr"], "values": [{"value": "", "step": null, "ts": 1691665467.1867948}]}, "version": 105}
{"obj": {"type": "LogStrings", "path": ["monitoring", "dd4c8aa8", "stderr"], "values": [{"value": "  File \"/anaconda/envs/behrt_cpu/lib/python3.11/site-packages/lightning/pytorch/utilities/compile.py\", line 125, in _maybe_unwrap_optimized\n", "step": null, "ts": 1691665467.2118123}]}, "version": 106}
{"obj": {"type": "LogStrings", "path": ["monitoring", "dd4c8aa8", "stderr"], "values": [{"value": "", "step": null, "ts": 1691665467.238127}]}, "version": 107}
{"obj": {"type": "LogStrings", "path": ["monitoring", "dd4c8aa8", "stderr"], "values": [{"value": "    ", "step": null, "ts": 1691665467.2616136}]}, "version": 108}
{"obj": {"type": "LogStrings", "path": ["monitoring", "dd4c8aa8", "stderr"], "values": [{"value": "raise TypeError(", "step": null, "ts": 1691665467.2917266}]}, "version": 109}
{"obj": {"type": "LogStrings", "path": ["monitoring", "dd4c8aa8", "stderr"], "values": [{"value": "\n", "step": null, "ts": 1691665467.3172646}]}, "version": 110}
{"obj": {"type": "LogStrings", "path": ["monitoring", "dd4c8aa8", "stderr"], "values": [{"value": "", "step": null, "ts": 1691665467.3403735}]}, "version": 111}
{"obj": {"type": "LogStrings", "path": ["monitoring", "dd4c8aa8", "stderr"], "values": [{"value": "TypeError", "step": null, "ts": 1691665467.3623946}]}, "version": 112}
{"obj": {"type": "LogStrings", "path": ["monitoring", "dd4c8aa8", "stderr"], "values": [{"value": ": ", "step": null, "ts": 1691665467.3850532}]}, "version": 113}
{"obj": {"type": "LogStrings", "path": ["monitoring", "dd4c8aa8", "stderr"], "values": [{"value": "`model` must be a `LightningModule` or `torch._dynamo.OptimizedModule`, got `BertModel`", "step": null, "ts": 1691665467.4148033}]}, "version": 114}
{"obj": {"type": "LogStrings", "path": ["monitoring", "dd4c8aa8", "stderr"], "values": [{"value": "\n", "step": null, "ts": 1691665467.4374552}]}, "version": 115}
