{"obj": {"type": "AssignString", "path": ["sys", "name"], "value": "MLM_model"}, "version": 1}
{"obj": {"type": "AssignString", "path": ["sys", "description"], "value": ""}, "version": 2}
{"obj": {"type": "AssignString", "path": ["monitoring", "f18ae61f", "hostname"], "value": "mikkelnc6s"}, "version": 3}
{"obj": {"type": "AssignString", "path": ["sys", "hostname"], "value": "mikkelnc6s"}, "version": 4}
{"obj": {"type": "AssignString", "path": ["monitoring", "f18ae61f", "pid"], "value": "22773"}, "version": 5}
{"obj": {"type": "AssignString", "path": ["monitoring", "f18ae61f", "tid"], "value": "140489916495680"}, "version": 6}
{"obj": {"type": "AssignBool", "path": ["sys", "failed"], "value": false}, "version": 7}
{"obj": {"type": "ClearStringLog", "path": ["monitoring", "f18ae61f", "stdout"]}, "version": 8}
{"obj": {"type": "ClearStringLog", "path": ["monitoring", "f18ae61f", "stderr"]}, "version": 9}
{"obj": {"type": "AssignString", "path": ["source_code", "entrypoint"], "value": "executeBehrtMLM.py"}, "version": 10}
{"obj": {"type": "UploadFileSet", "path": ["source_code", "files"], "file_globs": ["/mnt/batch/tasks/shared/LS_root/mounts/clusters/mikkelnc6s/code/Users/mikkel.sinkjaer/transformerEHR/task/executeBehrtMLM.py"], "reset": "False"}, "version": 11}
{"obj": {"type": "ConfigFloatSeries", "path": ["monitoring", "f18ae61f", "cpu"], "min": 0.0, "max": 100.0, "unit": "%"}, "version": 12}
{"obj": {"type": "ClearFloatLog", "path": ["monitoring", "f18ae61f", "cpu"]}, "version": 13}
{"obj": {"type": "ConfigFloatSeries", "path": ["monitoring", "f18ae61f", "memory"], "min": 0.0, "max": 110.04589080810547, "unit": "GB"}, "version": 14}
{"obj": {"type": "ClearFloatLog", "path": ["monitoring", "f18ae61f", "memory"]}, "version": 15}
{"obj": {"type": "ConfigFloatSeries", "path": ["monitoring", "f18ae61f", "gpu"], "min": 0.0, "max": 100.0, "unit": "%"}, "version": 16}
{"obj": {"type": "ClearFloatLog", "path": ["monitoring", "f18ae61f", "gpu"]}, "version": 17}
{"obj": {"type": "ConfigFloatSeries", "path": ["monitoring", "f18ae61f", "gpu_memory"], "min": 0.0, "max": 15.78173828125, "unit": "GB"}, "version": 18}
{"obj": {"type": "ClearFloatLog", "path": ["monitoring", "f18ae61f", "gpu_memory"]}, "version": 19}
{"obj": {"type": "AssignString", "path": ["source_code", "integrations", "pytorch-lightning"], "value": "2.0.6"}, "version": 20}
{"obj": {"type": "LogFloats", "path": ["monitoring", "f18ae61f", "cpu"], "values": [{"value": 15.3, "step": null, "ts": 1691669777.8026228}]}, "version": 21}
{"obj": {"type": "AssignInt", "path": ["training", "hyperparams", "vocab_size"], "value": 68}, "version": 22}
{"obj": {"type": "AssignInt", "path": ["training", "hyperparams", "hidden_size"], "value": 288}, "version": 23}
{"obj": {"type": "AssignInt", "path": ["training", "hyperparams", "seg_vocab_size"], "value": 2}, "version": 24}
{"obj": {"type": "AssignInt", "path": ["training", "hyperparams", "date_vocab_size"], "value": 8400}, "version": 25}
{"obj": {"type": "AssignInt", "path": ["training", "hyperparams", "age_vocab_size"], "value": 144}, "version": 26}
{"obj": {"type": "AssignInt", "path": ["training", "hyperparams", "max_position_embedding"], "value": 512}, "version": 27}
{"obj": {"type": "AssignFloat", "path": ["training", "hyperparams", "hidden_dropout_prob"], "value": 0.1}, "version": 28}
{"obj": {"type": "AssignInt", "path": ["training", "hyperparams", "num_hidden_layers"], "value": 6}, "version": 29}
{"obj": {"type": "AssignInt", "path": ["training", "hyperparams", "num_attention_heads"], "value": 12}, "version": 30}
{"obj": {"type": "AssignFloat", "path": ["training", "hyperparams", "attention_probs_dropout_prob"], "value": 0.1}, "version": 31}
{"obj": {"type": "AssignInt", "path": ["training", "hyperparams", "intermediate_size"], "value": 512}, "version": 32}
{"obj": {"type": "AssignString", "path": ["training", "hyperparams", "hidden_act"], "value": "gelu"}, "version": 33}
{"obj": {"type": "AssignFloat", "path": ["training", "hyperparams", "initializer_range"], "value": 0.02}, "version": 34}
{"obj": {"type": "AssignFloat", "path": ["training", "hyperparams", "optim_param", "lr"], "value": 2e-05}, "version": 35}
{"obj": {"type": "AssignFloat", "path": ["training", "hyperparams", "optim_param", "warmup_proportion"], "value": 0.1}, "version": 36}
{"obj": {"type": "AssignFloat", "path": ["training", "hyperparams", "optim_param", "weight_decay"], "value": 0.01}, "version": 37}
{"obj": {"type": "LogFloats", "path": ["monitoring", "f18ae61f", "memory"], "values": [{"value": 8.933830261230469, "step": null, "ts": 1691669777.8026228}]}, "version": 38}
{"obj": {"type": "LogFloats", "path": ["monitoring", "f18ae61f", "gpu_memory"], "values": [{"value": 0.0001220703125, "step": null, "ts": 1691669777.8026228}]}, "version": 39}
{"obj": {"type": "LogStrings", "path": ["monitoring", "f18ae61f", "traceback"], "values": [{"value": "An uncaught exception occurred while run was active on worker mikkelnc6s.", "step": null, "ts": 1691669782.5196242}, {"value": "Marking run as failed", "step": null, "ts": 1691669782.5196242}, {"value": "Traceback:", "step": null, "ts": 1691669782.5196242}, {"value": "  File \"/mnt/batch/tasks/shared/LS_root/mounts/clusters/mikkelnc6s/code/Users/mikkel.sinkjaer/transformerEHR/task/executeBehrtMLM.py\", line 145, in <module>\n    trainer = pl.Trainer(\n              ^^^^^^^^^^^\n", "step": null, "ts": 1691669782.5196242}, {"value": "  File \"/anaconda/envs/behrt_cpu/lib/python3.11/site-packages/lightning/pytorch/utilities/argparse.py\", line 69, in insert_env_defaults\n    return fn(self, **kwargs)\n           ^^^^^^^^^^^^^^^^^^\n", "step": null, "ts": 1691669782.5196242}, {"value": "Trainer.__init__() got an unexpected keyword argument 'gpus'", "step": null, "ts": 1691669782.5196242}]}, "version": 40}
{"obj": {"type": "AssignBool", "path": ["sys", "failed"], "value": true}, "version": 41}
{"obj": {"type": "LogStrings", "path": ["monitoring", "f18ae61f", "stderr"], "values": [{"value": "", "step": null, "ts": 1691669782.5768483}]}, "version": 42}
{"obj": {"type": "LogStrings", "path": ["monitoring", "f18ae61f", "stdout"], "values": [{"value": "Shutting down background jobs, please wait a moment...\n", "step": null, "ts": 1691669782.6328177}]}, "version": 43}
{"obj": {"type": "LogStrings", "path": ["monitoring", "f18ae61f", "stderr"], "values": [{"value": "Traceback (most recent call last):\n", "step": null, "ts": 1691669782.651584}]}, "version": 44}
{"obj": {"type": "LogStrings", "path": ["monitoring", "f18ae61f", "stderr"], "values": [{"value": "", "step": null, "ts": 1691669782.6718621}]}, "version": 45}
{"obj": {"type": "LogStrings", "path": ["monitoring", "f18ae61f", "stderr"], "values": [{"value": "  File \"/mnt/batch/tasks/shared/LS_root/mounts/clusters/mikkelnc6s/code/Users/mikkel.sinkjaer/transformerEHR/task/executeBehrtMLM.py\", line 145, in <module>\n", "step": null, "ts": 1691669782.7155387}]}, "version": 46}
{"obj": {"type": "LogStrings", "path": ["monitoring", "f18ae61f", "stderr"], "values": [{"value": "", "step": null, "ts": 1691669782.7450984}]}, "version": 47}
{"obj": {"type": "LogStrings", "path": ["monitoring", "f18ae61f", "stderr"], "values": [{"value": "    ", "step": null, "ts": 1691669782.819616}]}, "version": 48}
{"obj": {"type": "LogStrings", "path": ["monitoring", "f18ae61f", "stderr"], "values": [{"value": "trainer = pl.Trainer(", "step": null, "ts": 1691669782.8443289}]}, "version": 49}
{"obj": {"type": "LogStrings", "path": ["monitoring", "f18ae61f", "stderr"], "values": [{"value": "\n", "step": null, "ts": 1691669782.9010413}]}, "version": 50}
{"obj": {"type": "LogStrings", "path": ["monitoring", "f18ae61f", "stderr"], "values": [{"value": "", "step": null, "ts": 1691669782.929728}]}, "version": 51}
{"obj": {"type": "LogStrings", "path": ["monitoring", "f18ae61f", "stderr"], "values": [{"value": " ", "step": null, "ts": 1691669782.9500782}]}, "version": 52}
{"obj": {"type": "LogStrings", "path": ["monitoring", "f18ae61f", "stderr"], "values": [{"value": " ", "step": null, "ts": 1691669782.9908352}]}, "version": 53}
{"obj": {"type": "LogStrings", "path": ["monitoring", "f18ae61f", "stderr"], "values": [{"value": " ", "step": null, "ts": 1691669783.0353727}]}, "version": 54}
{"obj": {"type": "LogStrings", "path": ["monitoring", "f18ae61f", "stderr"], "values": [{"value": " ", "step": null, "ts": 1691669783.0782092}]}, "version": 55}
{"obj": {"type": "LogStrings", "path": ["monitoring", "f18ae61f", "stderr"], "values": [{"value": " ", "step": null, "ts": 1691669783.1313617}]}, "version": 56}
{"obj": {"type": "LogStrings", "path": ["monitoring", "f18ae61f", "stderr"], "values": [{"value": " ", "step": null, "ts": 1691669783.231394}]}, "version": 57}
{"obj": {"type": "LogStrings", "path": ["monitoring", "f18ae61f", "stderr"], "values": [{"value": " ", "step": null, "ts": 1691669783.2543607}]}, "version": 58}
{"obj": {"type": "LogStrings", "path": ["monitoring", "f18ae61f", "stderr"], "values": [{"value": " ", "step": null, "ts": 1691669783.2978437}]}, "version": 59}
{"obj": {"type": "LogStrings", "path": ["monitoring", "f18ae61f", "stderr"], "values": [{"value": " ", "step": null, "ts": 1691669783.350497}]}, "version": 60}
{"obj": {"type": "LogStrings", "path": ["monitoring", "f18ae61f", "stderr"], "values": [{"value": " ", "step": null, "ts": 1691669783.3727272}]}, "version": 61}
{"obj": {"type": "LogStrings", "path": ["monitoring", "f18ae61f", "stderr"], "values": [{"value": " ", "step": null, "ts": 1691669783.4167495}]}, "version": 62}
{"obj": {"type": "LogStrings", "path": ["monitoring", "f18ae61f", "stderr"], "values": [{"value": " ", "step": null, "ts": 1691669783.4930272}]}, "version": 63}
{"obj": {"type": "LogStrings", "path": ["monitoring", "f18ae61f", "stderr"], "values": [{"value": " ", "step": null, "ts": 1691669783.5436375}]}, "version": 64}
{"obj": {"type": "LogStrings", "path": ["monitoring", "f18ae61f", "stderr"], "values": [{"value": " ", "step": null, "ts": 1691669783.590064}]}, "version": 65}
{"obj": {"type": "LogStrings", "path": ["monitoring", "f18ae61f", "stderr"], "values": [{"value": "^", "step": null, "ts": 1691669783.626681}]}, "version": 66}
{"obj": {"type": "LogStrings", "path": ["monitoring", "f18ae61f", "stderr"], "values": [{"value": "^", "step": null, "ts": 1691669783.6457837}]}, "version": 67}
{"obj": {"type": "LogStrings", "path": ["monitoring", "f18ae61f", "stderr"], "values": [{"value": "^", "step": null, "ts": 1691669783.6649897}]}, "version": 68}
{"obj": {"type": "LogStrings", "path": ["monitoring", "f18ae61f", "stderr"], "values": [{"value": "^", "step": null, "ts": 1691669783.6808023}]}, "version": 69}
{"obj": {"type": "LogStrings", "path": ["monitoring", "f18ae61f", "stderr"], "values": [{"value": "^", "step": null, "ts": 1691669783.6964016}]}, "version": 70}
{"obj": {"type": "LogStrings", "path": ["monitoring", "f18ae61f", "stderr"], "values": [{"value": "^", "step": null, "ts": 1691669783.716637}]}, "version": 71}
{"obj": {"type": "LogStrings", "path": ["monitoring", "f18ae61f", "stderr"], "values": [{"value": "^", "step": null, "ts": 1691669783.7624726}]}, "version": 72}
{"obj": {"type": "LogStrings", "path": ["monitoring", "f18ae61f", "stderr"], "values": [{"value": "^", "step": null, "ts": 1691669783.839551}]}, "version": 73}
{"obj": {"type": "LogStrings", "path": ["monitoring", "f18ae61f", "stderr"], "values": [{"value": "^", "step": null, "ts": 1691669783.860262}]}, "version": 74}
{"obj": {"type": "LogStrings", "path": ["monitoring", "f18ae61f", "stderr"], "values": [{"value": "^", "step": null, "ts": 1691669783.8820772}]}, "version": 75}
{"obj": {"type": "LogStrings", "path": ["monitoring", "f18ae61f", "stderr"], "values": [{"value": "^", "step": null, "ts": 1691669783.9022362}]}, "version": 76}
{"obj": {"type": "LogStrings", "path": ["monitoring", "f18ae61f", "stderr"], "values": [{"value": "\n", "step": null, "ts": 1691669783.9451098}]}, "version": 77}
{"obj": {"type": "LogStrings", "path": ["monitoring", "f18ae61f", "stderr"], "values": [{"value": "", "step": null, "ts": 1691669784.0136318}]}, "version": 78}
{"obj": {"type": "LogStrings", "path": ["monitoring", "f18ae61f", "stderr"], "values": [{"value": "  File \"/anaconda/envs/behrt_cpu/lib/python3.11/site-packages/lightning/pytorch/utilities/argparse.py\", line 69, in insert_env_defaults\n", "step": null, "ts": 1691669784.0343208}]}, "version": 79}
{"obj": {"type": "LogStrings", "path": ["monitoring", "f18ae61f", "stderr"], "values": [{"value": "", "step": null, "ts": 1691669784.053475}]}, "version": 80}
{"obj": {"type": "LogStrings", "path": ["monitoring", "f18ae61f", "stderr"], "values": [{"value": "    ", "step": null, "ts": 1691669784.07314}]}, "version": 81}
{"obj": {"type": "LogStrings", "path": ["monitoring", "f18ae61f", "stderr"], "values": [{"value": "return fn(self, **kwargs)", "step": null, "ts": 1691669784.100305}]}, "version": 82}
{"obj": {"type": "LogStrings", "path": ["monitoring", "f18ae61f", "stderr"], "values": [{"value": "\n", "step": null, "ts": 1691669784.1174586}]}, "version": 83}
{"obj": {"type": "LogStrings", "path": ["monitoring", "f18ae61f", "stderr"], "values": [{"value": "", "step": null, "ts": 1691669784.1384337}]}, "version": 84}
{"obj": {"type": "LogStrings", "path": ["monitoring", "f18ae61f", "stderr"], "values": [{"value": " ", "step": null, "ts": 1691669784.1788783}]}, "version": 85}
{"obj": {"type": "LogStrings", "path": ["monitoring", "f18ae61f", "stderr"], "values": [{"value": " ", "step": null, "ts": 1691669784.2039347}]}, "version": 86}
{"obj": {"type": "LogStrings", "path": ["monitoring", "f18ae61f", "stderr"], "values": [{"value": " ", "step": null, "ts": 1691669784.2235067}]}, "version": 87}
{"obj": {"type": "LogStrings", "path": ["monitoring", "f18ae61f", "stderr"], "values": [{"value": " ", "step": null, "ts": 1691669784.268817}]}, "version": 88}
{"obj": {"type": "LogStrings", "path": ["monitoring", "f18ae61f", "stderr"], "values": [{"value": " ", "step": null, "ts": 1691669784.3397682}]}, "version": 89}
{"obj": {"type": "LogStrings", "path": ["monitoring", "f18ae61f", "stderr"], "values": [{"value": " ", "step": null, "ts": 1691669784.3738074}]}, "version": 90}
{"obj": {"type": "LogStrings", "path": ["monitoring", "f18ae61f", "stderr"], "values": [{"value": " ", "step": null, "ts": 1691669784.473418}]}, "version": 91}
{"obj": {"type": "LogStrings", "path": ["monitoring", "f18ae61f", "stderr"], "values": [{"value": " ", "step": null, "ts": 1691669784.4903934}]}, "version": 92}
{"obj": {"type": "LogStrings", "path": ["monitoring", "f18ae61f", "stderr"], "values": [{"value": " ", "step": null, "ts": 1691669784.5079486}]}, "version": 93}
{"obj": {"type": "LogStrings", "path": ["monitoring", "f18ae61f", "stderr"], "values": [{"value": " ", "step": null, "ts": 1691669784.5299795}]}, "version": 94}
{"obj": {"type": "LogStrings", "path": ["monitoring", "f18ae61f", "stderr"], "values": [{"value": " ", "step": null, "ts": 1691669784.5600095}]}, "version": 95}
{"obj": {"type": "LogStrings", "path": ["monitoring", "f18ae61f", "stderr"], "values": [{"value": "^", "step": null, "ts": 1691669784.5825458}]}, "version": 96}
{"obj": {"type": "LogStrings", "path": ["monitoring", "f18ae61f", "stderr"], "values": [{"value": "^", "step": null, "ts": 1691669784.6504383}]}, "version": 97}
{"obj": {"type": "LogStrings", "path": ["monitoring", "f18ae61f", "stderr"], "values": [{"value": "^", "step": null, "ts": 1691669784.6949942}]}, "version": 98}
{"obj": {"type": "LogStrings", "path": ["monitoring", "f18ae61f", "stderr"], "values": [{"value": "^", "step": null, "ts": 1691669784.7364664}]}, "version": 99}
{"obj": {"type": "LogStrings", "path": ["monitoring", "f18ae61f", "stderr"], "values": [{"value": "^", "step": null, "ts": 1691669784.7534435}]}, "version": 100}
{"obj": {"type": "LogStrings", "path": ["monitoring", "f18ae61f", "stderr"], "values": [{"value": "^", "step": null, "ts": 1691669784.7871242}]}, "version": 101}
{"obj": {"type": "LogStrings", "path": ["monitoring", "f18ae61f", "stderr"], "values": [{"value": "^", "step": null, "ts": 1691669784.807148}]}, "version": 102}
{"obj": {"type": "LogStrings", "path": ["monitoring", "f18ae61f", "stderr"], "values": [{"value": "^", "step": null, "ts": 1691669784.8249056}]}, "version": 103}
{"obj": {"type": "LogStrings", "path": ["monitoring", "f18ae61f", "stderr"], "values": [{"value": "^", "step": null, "ts": 1691669784.8581574}]}, "version": 104}
{"obj": {"type": "LogStrings", "path": ["monitoring", "f18ae61f", "stderr"], "values": [{"value": "^", "step": null, "ts": 1691669784.887956}]}, "version": 105}
{"obj": {"type": "LogStrings", "path": ["monitoring", "f18ae61f", "stderr"], "values": [{"value": "^", "step": null, "ts": 1691669784.9287121}]}, "version": 106}
{"obj": {"type": "LogStrings", "path": ["monitoring", "f18ae61f", "stderr"], "values": [{"value": "^", "step": null, "ts": 1691669784.9715714}]}, "version": 107}
{"obj": {"type": "LogStrings", "path": ["monitoring", "f18ae61f", "stderr"], "values": [{"value": "^", "step": null, "ts": 1691669785.009756}]}, "version": 108}
{"obj": {"type": "LogStrings", "path": ["monitoring", "f18ae61f", "stderr"], "values": [{"value": "^", "step": null, "ts": 1691669785.0486937}]}, "version": 109}
{"obj": {"type": "LogStrings", "path": ["monitoring", "f18ae61f", "stderr"], "values": [{"value": "^", "step": null, "ts": 1691669785.0861192}]}, "version": 110}
{"obj": {"type": "LogStrings", "path": ["monitoring", "f18ae61f", "stderr"], "values": [{"value": "^", "step": null, "ts": 1691669785.113224}]}, "version": 111}
{"obj": {"type": "LogStrings", "path": ["monitoring", "f18ae61f", "stderr"], "values": [{"value": "^", "step": null, "ts": 1691669785.1589196}]}, "version": 112}
{"obj": {"type": "LogStrings", "path": ["monitoring", "f18ae61f", "stderr"], "values": [{"value": "^", "step": null, "ts": 1691669785.1749508}]}, "version": 113}
{"obj": {"type": "LogStrings", "path": ["monitoring", "f18ae61f", "stderr"], "values": [{"value": "\n", "step": null, "ts": 1691669785.2202547}]}, "version": 114}
{"obj": {"type": "LogStrings", "path": ["monitoring", "f18ae61f", "stderr"], "values": [{"value": "", "step": null, "ts": 1691669785.2372444}]}, "version": 115}
{"obj": {"type": "LogStrings", "path": ["monitoring", "f18ae61f", "stderr"], "values": [{"value": "TypeError", "step": null, "ts": 1691669785.272821}]}, "version": 116}
{"obj": {"type": "LogStrings", "path": ["monitoring", "f18ae61f", "stderr"], "values": [{"value": ": ", "step": null, "ts": 1691669785.2901895}]}, "version": 117}
{"obj": {"type": "LogStrings", "path": ["monitoring", "f18ae61f", "stderr"], "values": [{"value": "Trainer.__init__() got an unexpected keyword argument 'gpus'", "step": null, "ts": 1691669785.3159606}]}, "version": 118}
{"obj": {"type": "LogStrings", "path": ["monitoring", "f18ae61f", "stderr"], "values": [{"value": "\n", "step": null, "ts": 1691669785.3525882}]}, "version": 119}
