{"obj": {"type": "AssignString", "path": ["sys", "name"], "value": "MLM_model"}, "version": 1}
{"obj": {"type": "AssignString", "path": ["sys", "description"], "value": ""}, "version": 2}
{"obj": {"type": "AssignString", "path": ["monitoring", "650272de", "hostname"], "value": "mikkelnc6s"}, "version": 3}
{"obj": {"type": "AssignString", "path": ["sys", "hostname"], "value": "mikkelnc6s"}, "version": 4}
{"obj": {"type": "AssignString", "path": ["monitoring", "650272de", "pid"], "value": "26697"}, "version": 5}
{"obj": {"type": "AssignString", "path": ["monitoring", "650272de", "tid"], "value": "140060507805504"}, "version": 6}
{"obj": {"type": "AssignBool", "path": ["sys", "failed"], "value": false}, "version": 7}
{"obj": {"type": "ClearStringLog", "path": ["monitoring", "650272de", "stdout"]}, "version": 8}
{"obj": {"type": "ClearStringLog", "path": ["monitoring", "650272de", "stderr"]}, "version": 9}
{"obj": {"type": "AssignString", "path": ["source_code", "entrypoint"], "value": "executeBehrtMLM.py"}, "version": 10}
{"obj": {"type": "UploadFileSet", "path": ["source_code", "files"], "file_globs": ["/mnt/batch/tasks/shared/LS_root/mounts/clusters/mikkelnc6s/code/Users/mikkel.sinkjaer/transformerEHR/task/executeBehrtMLM.py"], "reset": "False"}, "version": 11}
{"obj": {"type": "ConfigFloatSeries", "path": ["monitoring", "650272de", "cpu"], "min": 0.0, "max": 100.0, "unit": "%"}, "version": 12}
{"obj": {"type": "ClearFloatLog", "path": ["monitoring", "650272de", "cpu"]}, "version": 13}
{"obj": {"type": "ConfigFloatSeries", "path": ["monitoring", "650272de", "memory"], "min": 0.0, "max": 110.04589080810547, "unit": "GB"}, "version": 14}
{"obj": {"type": "ClearFloatLog", "path": ["monitoring", "650272de", "memory"]}, "version": 15}
{"obj": {"type": "ConfigFloatSeries", "path": ["monitoring", "650272de", "gpu"], "min": 0.0, "max": 100.0, "unit": "%"}, "version": 16}
{"obj": {"type": "ClearFloatLog", "path": ["monitoring", "650272de", "gpu"]}, "version": 17}
{"obj": {"type": "ConfigFloatSeries", "path": ["monitoring", "650272de", "gpu_memory"], "min": 0.0, "max": 15.78173828125, "unit": "GB"}, "version": 18}
{"obj": {"type": "ClearFloatLog", "path": ["monitoring", "650272de", "gpu_memory"]}, "version": 19}
{"obj": {"type": "AssignString", "path": ["source_code", "integrations", "pytorch-lightning"], "value": "2.0.6"}, "version": 20}
{"obj": {"type": "LogFloats", "path": ["monitoring", "650272de", "cpu"], "values": [{"value": 15.4, "step": null, "ts": 1691670578.9517791}]}, "version": 21}
{"obj": {"type": "AssignInt", "path": ["training", "hyperparams", "vocab_size"], "value": 68}, "version": 22}
{"obj": {"type": "AssignInt", "path": ["training", "hyperparams", "hidden_size"], "value": 288}, "version": 23}
{"obj": {"type": "AssignInt", "path": ["training", "hyperparams", "seg_vocab_size"], "value": 2}, "version": 24}
{"obj": {"type": "AssignInt", "path": ["training", "hyperparams", "date_vocab_size"], "value": 8400}, "version": 25}
{"obj": {"type": "AssignInt", "path": ["training", "hyperparams", "age_vocab_size"], "value": 144}, "version": 26}
{"obj": {"type": "AssignInt", "path": ["training", "hyperparams", "max_position_embedding"], "value": 512}, "version": 27}
{"obj": {"type": "AssignFloat", "path": ["training", "hyperparams", "hidden_dropout_prob"], "value": 0.1}, "version": 28}
{"obj": {"type": "AssignInt", "path": ["training", "hyperparams", "num_hidden_layers"], "value": 6}, "version": 29}
{"obj": {"type": "AssignInt", "path": ["training", "hyperparams", "num_attention_heads"], "value": 12}, "version": 30}
{"obj": {"type": "AssignFloat", "path": ["training", "hyperparams", "attention_probs_dropout_prob"], "value": 0.1}, "version": 31}
{"obj": {"type": "AssignInt", "path": ["training", "hyperparams", "intermediate_size"], "value": 512}, "version": 32}
{"obj": {"type": "AssignString", "path": ["training", "hyperparams", "hidden_act"], "value": "gelu"}, "version": 33}
{"obj": {"type": "AssignFloat", "path": ["training", "hyperparams", "initializer_range"], "value": 0.02}, "version": 34}
{"obj": {"type": "AssignFloat", "path": ["training", "hyperparams", "optim_param", "lr"], "value": 2e-05}, "version": 35}
{"obj": {"type": "AssignFloat", "path": ["training", "hyperparams", "optim_param", "warmup_proportion"], "value": 0.1}, "version": 36}
{"obj": {"type": "AssignFloat", "path": ["training", "hyperparams", "optim_param", "weight_decay"], "value": 0.01}, "version": 37}
{"obj": {"type": "LogFloats", "path": ["monitoring", "650272de", "memory"], "values": [{"value": 8.908424377441406, "step": null, "ts": 1691670578.9517791}]}, "version": 38}
{"obj": {"type": "LogFloats", "path": ["monitoring", "650272de", "gpu_memory"], "values": [{"value": 0.0001220703125, "step": null, "ts": 1691670578.9517791}]}, "version": 39}
{"obj": {"type": "LogStrings", "path": ["monitoring", "650272de", "traceback"], "values": [{"value": "An uncaught exception occurred while run was active on worker mikkelnc6s.", "step": null, "ts": 1691670584.1298292}, {"value": "Marking run as failed", "step": null, "ts": 1691670584.1298292}, {"value": "Traceback:", "step": null, "ts": 1691670584.1298292}, {"value": "  File \"/mnt/batch/tasks/shared/LS_root/mounts/clusters/mikkelnc6s/code/Users/mikkel.sinkjaer/transformerEHR/task/executeBehrtMLM.py\", line 145, in <module>\n    trainer = pl.Trainer(\n              ^^^^^^^^^^^\n", "step": null, "ts": 1691670584.1298292}, {"value": "  File \"/anaconda/envs/behrt_cpu/lib/python3.11/site-packages/lightning/pytorch/utilities/argparse.py\", line 69, in insert_env_defaults\n    return fn(self, **kwargs)\n           ^^^^^^^^^^^^^^^^^^\n", "step": null, "ts": 1691670584.1298292}, {"value": "  File \"/anaconda/envs/behrt_cpu/lib/python3.11/site-packages/lightning/pytorch/trainer/trainer.py\", line 398, in __init__\n    self._accelerator_connector = _AcceleratorConnector(\n                                  ^^^^^^^^^^^^^^^^^^^^^^\n", "step": null, "ts": 1691670584.1298292}, {"value": "  File \"/anaconda/envs/behrt_cpu/lib/python3.11/site-packages/lightning/pytorch/trainer/connectors/accelerator_connector.py\", line 154, in __init__\n    self._accelerator_flag = self._choose_gpu_accelerator_backend()\n                             ^^^^^^^^^^^^^^^^^^^^^^^^^^^^^^^^^^^^^^\n", "step": null, "ts": 1691670584.1298292}, {"value": "  File \"/anaconda/envs/behrt_cpu/lib/python3.11/site-packages/lightning/pytorch/trainer/connectors/accelerator_connector.py\", line 366, in _choose_gpu_accelerator_backend\n    raise MisconfigurationException(\"No supported gpu backend found!\")\n", "step": null, "ts": 1691670584.1298292}, {"value": "No supported gpu backend found!", "step": null, "ts": 1691670584.1298292}]}, "version": 40}
{"obj": {"type": "AssignBool", "path": ["sys", "failed"], "value": true}, "version": 41}
{"obj": {"type": "LogStrings", "path": ["monitoring", "650272de", "stderr"], "values": [{"value": "", "step": null, "ts": 1691670584.2136176}]}, "version": 42}
{"obj": {"type": "LogStrings", "path": ["monitoring", "650272de", "stdout"], "values": [{"value": "Shutting down background jobs, please wait a moment...\n", "step": null, "ts": 1691670584.2901807}]}, "version": 43}
{"obj": {"type": "LogStrings", "path": ["monitoring", "650272de", "stderr"], "values": [{"value": "Traceback (most recent call last):\n", "step": null, "ts": 1691670584.3415275}]}, "version": 44}
{"obj": {"type": "LogStrings", "path": ["monitoring", "650272de", "stderr"], "values": [{"value": "", "step": null, "ts": 1691670584.3602228}]}, "version": 45}
{"obj": {"type": "LogStrings", "path": ["monitoring", "650272de", "stderr"], "values": [{"value": "  File \"/mnt/batch/tasks/shared/LS_root/mounts/clusters/mikkelnc6s/code/Users/mikkel.sinkjaer/transformerEHR/task/executeBehrtMLM.py\", line 145, in <module>\n", "step": null, "ts": 1691670584.4089437}]}, "version": 46}
{"obj": {"type": "LogStrings", "path": ["monitoring", "650272de", "stderr"], "values": [{"value": "", "step": null, "ts": 1691670584.4287899}]}, "version": 47}
{"obj": {"type": "LogStrings", "path": ["monitoring", "650272de", "stderr"], "values": [{"value": "    ", "step": null, "ts": 1691670584.5112517}]}, "version": 48}
{"obj": {"type": "LogStrings", "path": ["monitoring", "650272de", "stderr"], "values": [{"value": "trainer = pl.Trainer(", "step": null, "ts": 1691670584.5296137}]}, "version": 49}
{"obj": {"type": "LogStrings", "path": ["monitoring", "650272de", "stderr"], "values": [{"value": "\n", "step": null, "ts": 1691670584.54737}]}, "version": 50}
{"obj": {"type": "LogStrings", "path": ["monitoring", "650272de", "stderr"], "values": [{"value": "", "step": null, "ts": 1691670584.5855105}]}, "version": 51}
{"obj": {"type": "LogStrings", "path": ["monitoring", "650272de", "stderr"], "values": [{"value": " ", "step": null, "ts": 1691670584.6017027}]}, "version": 52}
{"obj": {"type": "LogStrings", "path": ["monitoring", "650272de", "stderr"], "values": [{"value": " ", "step": null, "ts": 1691670584.6727004}]}, "version": 53}
{"obj": {"type": "LogStrings", "path": ["monitoring", "650272de", "stderr"], "values": [{"value": " ", "step": null, "ts": 1691670584.6894445}]}, "version": 54}
{"obj": {"type": "LogStrings", "path": ["monitoring", "650272de", "stderr"], "values": [{"value": " ", "step": null, "ts": 1691670584.7401276}]}, "version": 55}
{"obj": {"type": "LogStrings", "path": ["monitoring", "650272de", "stderr"], "values": [{"value": " ", "step": null, "ts": 1691670584.780868}]}, "version": 56}
{"obj": {"type": "LogStrings", "path": ["monitoring", "650272de", "stderr"], "values": [{"value": " ", "step": null, "ts": 1691670584.8686407}]}, "version": 57}
{"obj": {"type": "LogStrings", "path": ["monitoring", "650272de", "stderr"], "values": [{"value": " ", "step": null, "ts": 1691670584.8949273}]}, "version": 58}
{"obj": {"type": "LogStrings", "path": ["monitoring", "650272de", "stderr"], "values": [{"value": " ", "step": null, "ts": 1691670584.9528093}]}, "version": 59}
{"obj": {"type": "LogStrings", "path": ["monitoring", "650272de", "stderr"], "values": [{"value": " ", "step": null, "ts": 1691670584.9711819}]}, "version": 60}
{"obj": {"type": "LogStrings", "path": ["monitoring", "650272de", "stderr"], "values": [{"value": " ", "step": null, "ts": 1691670584.9943945}]}, "version": 61}
{"obj": {"type": "LogStrings", "path": ["monitoring", "650272de", "stderr"], "values": [{"value": " ", "step": null, "ts": 1691670585.0596483}]}, "version": 62}
{"obj": {"type": "LogStrings", "path": ["monitoring", "650272de", "stderr"], "values": [{"value": " ", "step": null, "ts": 1691670585.0784347}]}, "version": 63}
{"obj": {"type": "LogStrings", "path": ["monitoring", "650272de", "stderr"], "values": [{"value": " ", "step": null, "ts": 1691670585.102718}]}, "version": 64}
{"obj": {"type": "LogStrings", "path": ["monitoring", "650272de", "stderr"], "values": [{"value": " ", "step": null, "ts": 1691670585.1241457}]}, "version": 65}
{"obj": {"type": "LogStrings", "path": ["monitoring", "650272de", "stderr"], "values": [{"value": "^", "step": null, "ts": 1691670585.1464984}]}, "version": 66}
{"obj": {"type": "LogStrings", "path": ["monitoring", "650272de", "stderr"], "values": [{"value": "^", "step": null, "ts": 1691670585.1641762}]}, "version": 67}
{"obj": {"type": "LogStrings", "path": ["monitoring", "650272de", "stderr"], "values": [{"value": "^", "step": null, "ts": 1691670585.1848059}]}, "version": 68}
{"obj": {"type": "LogStrings", "path": ["monitoring", "650272de", "stderr"], "values": [{"value": "^", "step": null, "ts": 1691670585.2066026}]}, "version": 69}
{"obj": {"type": "LogStrings", "path": ["monitoring", "650272de", "stderr"], "values": [{"value": "^", "step": null, "ts": 1691670585.2531652}]}, "version": 70}
{"obj": {"type": "LogStrings", "path": ["monitoring", "650272de", "stderr"], "values": [{"value": "^", "step": null, "ts": 1691670585.2724314}]}, "version": 71}
{"obj": {"type": "LogStrings", "path": ["monitoring", "650272de", "stderr"], "values": [{"value": "^", "step": null, "ts": 1691670585.3378196}]}, "version": 72}
{"obj": {"type": "LogStrings", "path": ["monitoring", "650272de", "stderr"], "values": [{"value": "^", "step": null, "ts": 1691670585.3707306}]}, "version": 73}
{"obj": {"type": "LogStrings", "path": ["monitoring", "650272de", "stderr"], "values": [{"value": "^", "step": null, "ts": 1691670585.3863745}]}, "version": 74}
{"obj": {"type": "LogStrings", "path": ["monitoring", "650272de", "stderr"], "values": [{"value": "^", "step": null, "ts": 1691670585.456119}]}, "version": 75}
{"obj": {"type": "LogStrings", "path": ["monitoring", "650272de", "stderr"], "values": [{"value": "^", "step": null, "ts": 1691670585.4741035}]}, "version": 76}
{"obj": {"type": "LogStrings", "path": ["monitoring", "650272de", "stderr"], "values": [{"value": "\n", "step": null, "ts": 1691670585.489252}]}, "version": 77}
{"obj": {"type": "LogStrings", "path": ["monitoring", "650272de", "stderr"], "values": [{"value": "", "step": null, "ts": 1691670585.505634}]}, "version": 78}
{"obj": {"type": "LogStrings", "path": ["monitoring", "650272de", "stderr"], "values": [{"value": "  File \"/anaconda/envs/behrt_cpu/lib/python3.11/site-packages/lightning/pytorch/utilities/argparse.py\", line 69, in insert_env_defaults\n", "step": null, "ts": 1691670585.5225775}]}, "version": 79}
{"obj": {"type": "LogStrings", "path": ["monitoring", "650272de", "stderr"], "values": [{"value": "", "step": null, "ts": 1691670585.5406687}]}, "version": 80}
{"obj": {"type": "LogStrings", "path": ["monitoring", "650272de", "stderr"], "values": [{"value": "    ", "step": null, "ts": 1691670585.5594862}]}, "version": 81}
{"obj": {"type": "LogStrings", "path": ["monitoring", "650272de", "stderr"], "values": [{"value": "return fn(self, **kwargs)", "step": null, "ts": 1691670585.613512}]}, "version": 82}
{"obj": {"type": "LogStrings", "path": ["monitoring", "650272de", "stderr"], "values": [{"value": "\n", "step": null, "ts": 1691670585.6692307}]}, "version": 83}
{"obj": {"type": "LogStrings", "path": ["monitoring", "650272de", "stderr"], "values": [{"value": "", "step": null, "ts": 1691670585.6852057}]}, "version": 84}
{"obj": {"type": "LogStrings", "path": ["monitoring", "650272de", "stderr"], "values": [{"value": " ", "step": null, "ts": 1691670585.7280345}]}, "version": 85}
{"obj": {"type": "LogStrings", "path": ["monitoring", "650272de", "stderr"], "values": [{"value": " ", "step": null, "ts": 1691670585.7928922}]}, "version": 86}
{"obj": {"type": "LogStrings", "path": ["monitoring", "650272de", "stderr"], "values": [{"value": " ", "step": null, "ts": 1691670585.8381896}]}, "version": 87}
{"obj": {"type": "LogStrings", "path": ["monitoring", "650272de", "stderr"], "values": [{"value": " ", "step": null, "ts": 1691670585.8578143}]}, "version": 88}
{"obj": {"type": "LogStrings", "path": ["monitoring", "650272de", "stderr"], "values": [{"value": " ", "step": null, "ts": 1691670585.90703}]}, "version": 89}
{"obj": {"type": "LogStrings", "path": ["monitoring", "650272de", "stderr"], "values": [{"value": " ", "step": null, "ts": 1691670585.9614763}]}, "version": 90}
{"obj": {"type": "LogStrings", "path": ["monitoring", "650272de", "stderr"], "values": [{"value": " ", "step": null, "ts": 1691670585.9894125}]}, "version": 91}
{"obj": {"type": "LogStrings", "path": ["monitoring", "650272de", "stderr"], "values": [{"value": " ", "step": null, "ts": 1691670586.033032}]}, "version": 92}
{"obj": {"type": "LogStrings", "path": ["monitoring", "650272de", "stderr"], "values": [{"value": " ", "step": null, "ts": 1691670586.1091745}]}, "version": 93}
{"obj": {"type": "LogStrings", "path": ["monitoring", "650272de", "stderr"], "values": [{"value": " ", "step": null, "ts": 1691670586.1256928}]}, "version": 94}
{"obj": {"type": "LogStrings", "path": ["monitoring", "650272de", "stderr"], "values": [{"value": " ", "step": null, "ts": 1691670586.1427329}]}, "version": 95}
{"obj": {"type": "LogStrings", "path": ["monitoring", "650272de", "stderr"], "values": [{"value": "^", "step": null, "ts": 1691670586.2087061}]}, "version": 96}
{"obj": {"type": "LogStrings", "path": ["monitoring", "650272de", "stderr"], "values": [{"value": "^", "step": null, "ts": 1691670586.231893}]}, "version": 97}
{"obj": {"type": "LogStrings", "path": ["monitoring", "650272de", "stderr"], "values": [{"value": "^", "step": null, "ts": 1691670586.25987}]}, "version": 98}
{"obj": {"type": "LogStrings", "path": ["monitoring", "650272de", "stderr"], "values": [{"value": "^", "step": null, "ts": 1691670586.289356}]}, "version": 99}
{"obj": {"type": "LogStrings", "path": ["monitoring", "650272de", "stderr"], "values": [{"value": "^", "step": null, "ts": 1691670586.308039}]}, "version": 100}
{"obj": {"type": "LogStrings", "path": ["monitoring", "650272de", "stderr"], "values": [{"value": "^", "step": null, "ts": 1691670586.326974}]}, "version": 101}
{"obj": {"type": "LogStrings", "path": ["monitoring", "650272de", "stderr"], "values": [{"value": "^", "step": null, "ts": 1691670586.3729286}]}, "version": 102}
{"obj": {"type": "LogStrings", "path": ["monitoring", "650272de", "stderr"], "values": [{"value": "^", "step": null, "ts": 1691670586.3892128}]}, "version": 103}
{"obj": {"type": "LogStrings", "path": ["monitoring", "650272de", "stderr"], "values": [{"value": "^", "step": null, "ts": 1691670586.4060984}]}, "version": 104}
{"obj": {"type": "LogStrings", "path": ["monitoring", "650272de", "stderr"], "values": [{"value": "^", "step": null, "ts": 1691670586.4227269}]}, "version": 105}
{"obj": {"type": "LogStrings", "path": ["monitoring", "650272de", "stderr"], "values": [{"value": "^", "step": null, "ts": 1691670586.440767}]}, "version": 106}
{"obj": {"type": "LogStrings", "path": ["monitoring", "650272de", "stderr"], "values": [{"value": "^", "step": null, "ts": 1691670586.480143}]}, "version": 107}
{"obj": {"type": "LogStrings", "path": ["monitoring", "650272de", "stderr"], "values": [{"value": "^", "step": null, "ts": 1691670586.5038939}]}, "version": 108}
{"obj": {"type": "LogStrings", "path": ["monitoring", "650272de", "stderr"], "values": [{"value": "^", "step": null, "ts": 1691670586.5770137}]}, "version": 109}
{"obj": {"type": "LogStrings", "path": ["monitoring", "650272de", "stderr"], "values": [{"value": "^", "step": null, "ts": 1691670586.5937529}]}, "version": 110}
{"obj": {"type": "LogStrings", "path": ["monitoring", "650272de", "stderr"], "values": [{"value": "^", "step": null, "ts": 1691670586.6110713}]}, "version": 111}
{"obj": {"type": "LogStrings", "path": ["monitoring", "650272de", "stderr"], "values": [{"value": "^", "step": null, "ts": 1691670586.6530676}]}, "version": 112}
{"obj": {"type": "LogStrings", "path": ["monitoring", "650272de", "stderr"], "values": [{"value": "^", "step": null, "ts": 1691670586.7233503}]}, "version": 113}
{"obj": {"type": "LogStrings", "path": ["monitoring", "650272de", "stderr"], "values": [{"value": "\n", "step": null, "ts": 1691670586.8108919}]}, "version": 114}
{"obj": {"type": "LogStrings", "path": ["monitoring", "650272de", "stderr"], "values": [{"value": "", "step": null, "ts": 1691670586.857555}]}, "version": 115}
{"obj": {"type": "LogStrings", "path": ["monitoring", "650272de", "stderr"], "values": [{"value": "  File \"/anaconda/envs/behrt_cpu/lib/python3.11/site-packages/lightning/pytorch/trainer/trainer.py\", line 398, in __init__\n", "step": null, "ts": 1691670586.8818202}]}, "version": 116}
{"obj": {"type": "LogStrings", "path": ["monitoring", "650272de", "stderr"], "values": [{"value": "", "step": null, "ts": 1691670586.8974602}]}, "version": 117}
{"obj": {"type": "LogStrings", "path": ["monitoring", "650272de", "stderr"], "values": [{"value": "    ", "step": null, "ts": 1691670586.946449}]}, "version": 118}
{"obj": {"type": "LogStrings", "path": ["monitoring", "650272de", "stderr"], "values": [{"value": "self._accelerator_connector = _AcceleratorConnector(", "step": null, "ts": 1691670586.9953942}]}, "version": 119}
{"obj": {"type": "LogStrings", "path": ["monitoring", "650272de", "stderr"], "values": [{"value": "\n", "step": null, "ts": 1691670587.037418}]}, "version": 120}
{"obj": {"type": "LogStrings", "path": ["monitoring", "650272de", "stderr"], "values": [{"value": "", "step": null, "ts": 1691670587.0544305}]}, "version": 121}
{"obj": {"type": "LogStrings", "path": ["monitoring", "650272de", "stderr"], "values": [{"value": " ", "step": null, "ts": 1691670587.078215}]}, "version": 122}
{"obj": {"type": "LogStrings", "path": ["monitoring", "650272de", "stderr"], "values": [{"value": " ", "step": null, "ts": 1691670587.1333368}]}, "version": 123}
{"obj": {"type": "LogStrings", "path": ["monitoring", "650272de", "stderr"], "values": [{"value": " ", "step": null, "ts": 1691670587.1579268}]}, "version": 124}
{"obj": {"type": "LogStrings", "path": ["monitoring", "650272de", "stderr"], "values": [{"value": " ", "step": null, "ts": 1691670587.1824973}]}, "version": 125}
{"obj": {"type": "LogStrings", "path": ["monitoring", "650272de", "stderr"], "values": [{"value": " ", "step": null, "ts": 1691670587.1996741}]}, "version": 126}
{"obj": {"type": "LogStrings", "path": ["monitoring", "650272de", "stderr"], "values": [{"value": " ", "step": null, "ts": 1691670587.2149646}]}, "version": 127}
{"obj": {"type": "LogStrings", "path": ["monitoring", "650272de", "stderr"], "values": [{"value": " ", "step": null, "ts": 1691670587.2633524}]}, "version": 128}
{"obj": {"type": "LogStrings", "path": ["monitoring", "650272de", "stderr"], "values": [{"value": " ", "step": null, "ts": 1691670587.3034422}]}, "version": 129}
{"obj": {"type": "LogStrings", "path": ["monitoring", "650272de", "stderr"], "values": [{"value": " ", "step": null, "ts": 1691670587.340672}]}, "version": 130}
{"obj": {"type": "LogStrings", "path": ["monitoring", "650272de", "stderr"], "values": [{"value": " ", "step": null, "ts": 1691670587.3566017}]}, "version": 131}
{"obj": {"type": "LogStrings", "path": ["monitoring", "650272de", "stderr"], "values": [{"value": " ", "step": null, "ts": 1691670587.3936577}]}, "version": 132}
{"obj": {"type": "LogStrings", "path": ["monitoring", "650272de", "stderr"], "values": [{"value": " ", "step": null, "ts": 1691670587.4111917}]}, "version": 133}
{"obj": {"type": "LogStrings", "path": ["monitoring", "650272de", "stderr"], "values": [{"value": " ", "step": null, "ts": 1691670587.436454}]}, "version": 134}
{"obj": {"type": "LogStrings", "path": ["monitoring", "650272de", "stderr"], "values": [{"value": " ", "step": null, "ts": 1691670587.479229}]}, "version": 135}
{"obj": {"type": "LogStrings", "path": ["monitoring", "650272de", "stderr"], "values": [{"value": " ", "step": null, "ts": 1691670587.499695}]}, "version": 136}
{"obj": {"type": "LogStrings", "path": ["monitoring", "650272de", "stderr"], "values": [{"value": " ", "step": null, "ts": 1691670587.558646}]}, "version": 137}
{"obj": {"type": "LogStrings", "path": ["monitoring", "650272de", "stderr"], "values": [{"value": " ", "step": null, "ts": 1691670587.595269}]}, "version": 138}
{"obj": {"type": "LogStrings", "path": ["monitoring", "650272de", "stderr"], "values": [{"value": " ", "step": null, "ts": 1691670587.6282818}]}, "version": 139}
{"obj": {"type": "LogStrings", "path": ["monitoring", "650272de", "stderr"], "values": [{"value": " ", "step": null, "ts": 1691670587.6548712}]}, "version": 140}
{"obj": {"type": "LogStrings", "path": ["monitoring", "650272de", "stderr"], "values": [{"value": " ", "step": null, "ts": 1691670587.7190871}]}, "version": 141}
{"obj": {"type": "LogStrings", "path": ["monitoring", "650272de", "stderr"], "values": [{"value": " ", "step": null, "ts": 1691670587.7389493}]}, "version": 142}
{"obj": {"type": "LogStrings", "path": ["monitoring", "650272de", "stderr"], "values": [{"value": " ", "step": null, "ts": 1691670587.762679}]}, "version": 143}
{"obj": {"type": "LogStrings", "path": ["monitoring", "650272de", "stderr"], "values": [{"value": " ", "step": null, "ts": 1691670587.7888029}]}, "version": 144}
{"obj": {"type": "LogStrings", "path": ["monitoring", "650272de", "stderr"], "values": [{"value": " ", "step": null, "ts": 1691670587.8337061}]}, "version": 145}
{"obj": {"type": "LogStrings", "path": ["monitoring", "650272de", "stderr"], "values": [{"value": " ", "step": null, "ts": 1691670587.8576021}]}, "version": 146}
{"obj": {"type": "LogStrings", "path": ["monitoring", "650272de", "stderr"], "values": [{"value": " ", "step": null, "ts": 1691670587.8812683}]}, "version": 147}
{"obj": {"type": "LogStrings", "path": ["monitoring", "650272de", "stderr"], "values": [{"value": " ", "step": null, "ts": 1691670587.921686}]}, "version": 148}
{"obj": {"type": "LogStrings", "path": ["monitoring", "650272de", "stderr"], "values": [{"value": " ", "step": null, "ts": 1691670587.9382758}]}, "version": 149}
{"obj": {"type": "LogStrings", "path": ["monitoring", "650272de", "stderr"], "values": [{"value": " ", "step": null, "ts": 1691670587.9715323}]}, "version": 150}
{"obj": {"type": "LogStrings", "path": ["monitoring", "650272de", "stderr"], "values": [{"value": " ", "step": null, "ts": 1691670587.992867}]}, "version": 151}
{"obj": {"type": "LogStrings", "path": ["monitoring", "650272de", "stderr"], "values": [{"value": " ", "step": null, "ts": 1691670588.0193222}]}, "version": 152}
{"obj": {"type": "LogStrings", "path": ["monitoring", "650272de", "stderr"], "values": [{"value": " ", "step": null, "ts": 1691670588.0655994}]}, "version": 153}
{"obj": {"type": "LogStrings", "path": ["monitoring", "650272de", "stderr"], "values": [{"value": " ", "step": null, "ts": 1691670588.0836685}]}, "version": 154}
{"obj": {"type": "LogStrings", "path": ["monitoring", "650272de", "stderr"], "values": [{"value": " ", "step": null, "ts": 1691670588.102164}]}, "version": 155}
{"obj": {"type": "LogStrings", "path": ["monitoring", "650272de", "stderr"], "values": [{"value": "^", "step": null, "ts": 1691670588.1221182}]}, "version": 156}
{"obj": {"type": "LogStrings", "path": ["monitoring", "650272de", "stderr"], "values": [{"value": "^", "step": null, "ts": 1691670588.1409934}]}, "version": 157}
{"obj": {"type": "LogStrings", "path": ["monitoring", "650272de", "stderr"], "values": [{"value": "^", "step": null, "ts": 1691670588.1598163}]}, "version": 158}
{"obj": {"type": "LogStrings", "path": ["monitoring", "650272de", "stderr"], "values": [{"value": "^", "step": null, "ts": 1691670588.1898885}]}, "version": 159}
{"obj": {"type": "LogStrings", "path": ["monitoring", "650272de", "stderr"], "values": [{"value": "^", "step": null, "ts": 1691670588.264749}]}, "version": 160}
{"obj": {"type": "LogStrings", "path": ["monitoring", "650272de", "stderr"], "values": [{"value": "^", "step": null, "ts": 1691670588.3237052}]}, "version": 161}
{"obj": {"type": "LogStrings", "path": ["monitoring", "650272de", "stderr"], "values": [{"value": "^", "step": null, "ts": 1691670588.3895528}]}, "version": 162}
{"obj": {"type": "LogStrings", "path": ["monitoring", "650272de", "stderr"], "values": [{"value": "^", "step": null, "ts": 1691670588.4136553}]}, "version": 163}
{"obj": {"type": "LogStrings", "path": ["monitoring", "650272de", "stderr"], "values": [{"value": "^", "step": null, "ts": 1691670588.4579287}]}, "version": 164}
{"obj": {"type": "LogStrings", "path": ["monitoring", "650272de", "stderr"], "values": [{"value": "^", "step": null, "ts": 1691670588.4984663}]}, "version": 165}
{"obj": {"type": "LogStrings", "path": ["monitoring", "650272de", "stderr"], "values": [{"value": "^", "step": null, "ts": 1691670588.5467107}]}, "version": 166}
{"obj": {"type": "LogStrings", "path": ["monitoring", "650272de", "stderr"], "values": [{"value": "^", "step": null, "ts": 1691670588.5636733}]}, "version": 167}
{"obj": {"type": "LogStrings", "path": ["monitoring", "650272de", "stderr"], "values": [{"value": "^", "step": null, "ts": 1691670588.5974202}]}, "version": 168}
{"obj": {"type": "LogStrings", "path": ["monitoring", "650272de", "stderr"], "values": [{"value": "^", "step": null, "ts": 1691670588.6734293}]}, "version": 169}
{"obj": {"type": "LogStrings", "path": ["monitoring", "650272de", "stderr"], "values": [{"value": "^", "step": null, "ts": 1691670588.6893108}]}, "version": 170}
{"obj": {"type": "LogStrings", "path": ["monitoring", "650272de", "stderr"], "values": [{"value": "^", "step": null, "ts": 1691670588.7086337}]}, "version": 171}
{"obj": {"type": "LogStrings", "path": ["monitoring", "650272de", "stderr"], "values": [{"value": "^", "step": null, "ts": 1691670588.7260942}]}, "version": 172}
{"obj": {"type": "LogStrings", "path": ["monitoring", "650272de", "stderr"], "values": [{"value": "^", "step": null, "ts": 1691670588.768349}]}, "version": 173}
{"obj": {"type": "LogStrings", "path": ["monitoring", "650272de", "stderr"], "values": [{"value": "^", "step": null, "ts": 1691670588.7863193}]}, "version": 174}
{"obj": {"type": "LogStrings", "path": ["monitoring", "650272de", "stderr"], "values": [{"value": "^", "step": null, "ts": 1691670588.8029156}]}, "version": 175}
{"obj": {"type": "LogStrings", "path": ["monitoring", "650272de", "stderr"], "values": [{"value": "^", "step": null, "ts": 1691670588.820939}]}, "version": 176}
{"obj": {"type": "LogStrings", "path": ["monitoring", "650272de", "stderr"], "values": [{"value": "^", "step": null, "ts": 1691670588.868966}]}, "version": 177}
{"obj": {"type": "LogStrings", "path": ["monitoring", "650272de", "stderr"], "values": [{"value": "\n", "step": null, "ts": 1691670588.8987958}]}, "version": 178}
{"obj": {"type": "LogStrings", "path": ["monitoring", "650272de", "stderr"], "values": [{"value": "", "step": null, "ts": 1691670588.93327}]}, "version": 179}
{"obj": {"type": "LogStrings", "path": ["monitoring", "650272de", "stderr"], "values": [{"value": "  File \"/anaconda/envs/behrt_cpu/lib/python3.11/site-packages/lightning/pytorch/trainer/connectors/accelerator_connector.py\", line 154, in __init__\n", "step": null, "ts": 1691670588.9731612}]}, "version": 180}
{"obj": {"type": "LogStrings", "path": ["monitoring", "650272de", "stderr"], "values": [{"value": "", "step": null, "ts": 1691670589.0420241}]}, "version": 181}
{"obj": {"type": "LogStrings", "path": ["monitoring", "650272de", "stderr"], "values": [{"value": "    ", "step": null, "ts": 1691670589.059551}]}, "version": 182}
{"obj": {"type": "LogStrings", "path": ["monitoring", "650272de", "stderr"], "values": [{"value": "self._accelerator_flag = self._choose_gpu_accelerator_backend()", "step": null, "ts": 1691670589.0982947}]}, "version": 183}
{"obj": {"type": "LogStrings", "path": ["monitoring", "650272de", "stderr"], "values": [{"value": "\n", "step": null, "ts": 1691670589.11493}]}, "version": 184}
{"obj": {"type": "LogStrings", "path": ["monitoring", "650272de", "stderr"], "values": [{"value": "", "step": null, "ts": 1691670589.1520503}]}, "version": 185}
{"obj": {"type": "LogStrings", "path": ["monitoring", "650272de", "stderr"], "values": [{"value": " ", "step": null, "ts": 1691670589.1706543}]}, "version": 186}
{"obj": {"type": "LogStrings", "path": ["monitoring", "650272de", "stderr"], "values": [{"value": " ", "step": null, "ts": 1691670589.2412329}]}, "version": 187}
{"obj": {"type": "LogStrings", "path": ["monitoring", "650272de", "stderr"], "values": [{"value": " ", "step": null, "ts": 1691670589.2615063}]}, "version": 188}
{"obj": {"type": "LogStrings", "path": ["monitoring", "650272de", "stderr"], "values": [{"value": " ", "step": null, "ts": 1691670589.3070474}]}, "version": 189}
{"obj": {"type": "LogStrings", "path": ["monitoring", "650272de", "stderr"], "values": [{"value": " ", "step": null, "ts": 1691670589.330638}]}, "version": 190}
{"obj": {"type": "LogStrings", "path": ["monitoring", "650272de", "stderr"], "values": [{"value": " ", "step": null, "ts": 1691670589.359138}]}, "version": 191}
{"obj": {"type": "LogStrings", "path": ["monitoring", "650272de", "stderr"], "values": [{"value": " ", "step": null, "ts": 1691670589.4078882}]}, "version": 192}
{"obj": {"type": "LogStrings", "path": ["monitoring", "650272de", "stderr"], "values": [{"value": " ", "step": null, "ts": 1691670589.4278715}]}, "version": 193}
{"obj": {"type": "LogStrings", "path": ["monitoring", "650272de", "stderr"], "values": [{"value": " ", "step": null, "ts": 1691670589.4679632}]}, "version": 194}
{"obj": {"type": "LogStrings", "path": ["monitoring", "650272de", "stderr"], "values": [{"value": " ", "step": null, "ts": 1691670589.484323}]}, "version": 195}
{"obj": {"type": "LogStrings", "path": ["monitoring", "650272de", "stderr"], "values": [{"value": " ", "step": null, "ts": 1691670589.5214295}]}, "version": 196}
{"obj": {"type": "LogStrings", "path": ["monitoring", "650272de", "stderr"], "values": [{"value": " ", "step": null, "ts": 1691670589.5419855}]}, "version": 197}
{"obj": {"type": "LogStrings", "path": ["monitoring", "650272de", "stderr"], "values": [{"value": " ", "step": null, "ts": 1691670589.5620952}]}, "version": 198}
{"obj": {"type": "LogStrings", "path": ["monitoring", "650272de", "stderr"], "values": [{"value": " ", "step": null, "ts": 1691670589.5794635}]}, "version": 199}
{"obj": {"type": "LogStrings", "path": ["monitoring", "650272de", "stderr"], "values": [{"value": " ", "step": null, "ts": 1691670589.6007829}]}, "version": 200}
{"obj": {"type": "LogStrings", "path": ["monitoring", "650272de", "stderr"], "values": [{"value": " ", "step": null, "ts": 1691670589.6263478}]}, "version": 201}
{"obj": {"type": "LogStrings", "path": ["monitoring", "650272de", "stderr"], "values": [{"value": " ", "step": null, "ts": 1691670589.6932795}]}, "version": 202}
{"obj": {"type": "LogStrings", "path": ["monitoring", "650272de", "stderr"], "values": [{"value": " ", "step": null, "ts": 1691670589.7881594}]}, "version": 203}
{"obj": {"type": "LogStrings", "path": ["monitoring", "650272de", "stderr"], "values": [{"value": " ", "step": null, "ts": 1691670589.8110013}]}, "version": 204}
{"obj": {"type": "LogStrings", "path": ["monitoring", "650272de", "stderr"], "values": [{"value": " ", "step": null, "ts": 1691670589.8418267}]}, "version": 205}
{"obj": {"type": "LogStrings", "path": ["monitoring", "650272de", "stderr"], "values": [{"value": " ", "step": null, "ts": 1691670589.8665144}]}, "version": 206}
{"obj": {"type": "LogStrings", "path": ["monitoring", "650272de", "stderr"], "values": [{"value": " ", "step": null, "ts": 1691670589.8893895}]}, "version": 207}
{"obj": {"type": "LogStrings", "path": ["monitoring", "650272de", "stderr"], "values": [{"value": " ", "step": null, "ts": 1691670589.9565628}]}, "version": 208}
{"obj": {"type": "LogStrings", "path": ["monitoring", "650272de", "stderr"], "values": [{"value": " ", "step": null, "ts": 1691670589.978724}]}, "version": 209}
{"obj": {"type": "LogStrings", "path": ["monitoring", "650272de", "stderr"], "values": [{"value": " ", "step": null, "ts": 1691670589.996605}]}, "version": 210}
{"obj": {"type": "LogStrings", "path": ["monitoring", "650272de", "stderr"], "values": [{"value": " ", "step": null, "ts": 1691670590.0337722}]}, "version": 211}
{"obj": {"type": "LogStrings", "path": ["monitoring", "650272de", "stderr"], "values": [{"value": " ", "step": null, "ts": 1691670590.07264}]}, "version": 212}
{"obj": {"type": "LogStrings", "path": ["monitoring", "650272de", "stderr"], "values": [{"value": " ", "step": null, "ts": 1691670590.0987084}]}, "version": 213}
{"obj": {"type": "LogStrings", "path": ["monitoring", "650272de", "stderr"], "values": [{"value": " ", "step": null, "ts": 1691670590.1595755}]}, "version": 214}
{"obj": {"type": "LogStrings", "path": ["monitoring", "650272de", "stderr"], "values": [{"value": "^", "step": null, "ts": 1691670590.255852}]}, "version": 215}
{"obj": {"type": "LogStrings", "path": ["monitoring", "650272de", "stderr"], "values": [{"value": "^", "step": null, "ts": 1691670590.2824132}]}, "version": 216}
{"obj": {"type": "LogStrings", "path": ["monitoring", "650272de", "stderr"], "values": [{"value": "^", "step": null, "ts": 1691670590.3004546}]}, "version": 217}
{"obj": {"type": "LogStrings", "path": ["monitoring", "650272de", "stderr"], "values": [{"value": "^", "step": null, "ts": 1691670590.3315327}]}, "version": 218}
{"obj": {"type": "LogStrings", "path": ["monitoring", "650272de", "stderr"], "values": [{"value": "^", "step": null, "ts": 1691670590.353056}]}, "version": 219}
{"obj": {"type": "LogStrings", "path": ["monitoring", "650272de", "stderr"], "values": [{"value": "^", "step": null, "ts": 1691670590.3919916}]}, "version": 220}
{"obj": {"type": "LogStrings", "path": ["monitoring", "650272de", "stderr"], "values": [{"value": "^", "step": null, "ts": 1691670590.434475}]}, "version": 221}
{"obj": {"type": "LogStrings", "path": ["monitoring", "650272de", "stderr"], "values": [{"value": "^", "step": null, "ts": 1691670590.509713}]}, "version": 222}
{"obj": {"type": "LogStrings", "path": ["monitoring", "650272de", "stderr"], "values": [{"value": "^", "step": null, "ts": 1691670590.5249903}]}, "version": 223}
{"obj": {"type": "LogStrings", "path": ["monitoring", "650272de", "stderr"], "values": [{"value": "^", "step": null, "ts": 1691670590.5433605}]}, "version": 224}
{"obj": {"type": "LogStrings", "path": ["monitoring", "650272de", "stderr"], "values": [{"value": "^", "step": null, "ts": 1691670590.5847569}]}, "version": 225}
{"obj": {"type": "LogStrings", "path": ["monitoring", "650272de", "stderr"], "values": [{"value": "^", "step": null, "ts": 1691670590.6144555}]}, "version": 226}
{"obj": {"type": "LogStrings", "path": ["monitoring", "650272de", "stderr"], "values": [{"value": "^", "step": null, "ts": 1691670590.646235}]}, "version": 227}
{"obj": {"type": "LogStrings", "path": ["monitoring", "650272de", "stderr"], "values": [{"value": "^", "step": null, "ts": 1691670590.6874547}]}, "version": 228}
{"obj": {"type": "LogStrings", "path": ["monitoring", "650272de", "stderr"], "values": [{"value": "^", "step": null, "ts": 1691670590.772077}]}, "version": 229}
{"obj": {"type": "LogStrings", "path": ["monitoring", "650272de", "stderr"], "values": [{"value": "^", "step": null, "ts": 1691670590.8155982}]}, "version": 230}
{"obj": {"type": "LogStrings", "path": ["monitoring", "650272de", "stderr"], "values": [{"value": "^", "step": null, "ts": 1691670590.834329}]}, "version": 231}
{"obj": {"type": "LogStrings", "path": ["monitoring", "650272de", "stderr"], "values": [{"value": "^", "step": null, "ts": 1691670590.8771582}]}, "version": 232}
{"obj": {"type": "LogStrings", "path": ["monitoring", "650272de", "stderr"], "values": [{"value": "^", "step": null, "ts": 1691670590.9221961}]}, "version": 233}
{"obj": {"type": "LogStrings", "path": ["monitoring", "650272de", "stderr"], "values": [{"value": "^", "step": null, "ts": 1691670590.943555}]}, "version": 234}
{"obj": {"type": "LogStrings", "path": ["monitoring", "650272de", "stderr"], "values": [{"value": "^", "step": null, "ts": 1691670590.973043}]}, "version": 235}
{"obj": {"type": "LogStrings", "path": ["monitoring", "650272de", "stderr"], "values": [{"value": "^", "step": null, "ts": 1691670591.0649838}]}, "version": 236}
{"obj": {"type": "LogStrings", "path": ["monitoring", "650272de", "stderr"], "values": [{"value": "^", "step": null, "ts": 1691670591.103322}]}, "version": 237}
{"obj": {"type": "LogStrings", "path": ["monitoring", "650272de", "stderr"], "values": [{"value": "^", "step": null, "ts": 1691670591.134431}]}, "version": 238}
{"obj": {"type": "LogStrings", "path": ["monitoring", "650272de", "stderr"], "values": [{"value": "^", "step": null, "ts": 1691670591.18831}]}, "version": 239}
{"obj": {"type": "LogStrings", "path": ["monitoring", "650272de", "stderr"], "values": [{"value": "^", "step": null, "ts": 1691670591.2300403}]}, "version": 240}
{"obj": {"type": "LogStrings", "path": ["monitoring", "650272de", "stderr"], "values": [{"value": "^", "step": null, "ts": 1691670591.2811797}]}, "version": 241}
{"obj": {"type": "LogStrings", "path": ["monitoring", "650272de", "stderr"], "values": [{"value": "^", "step": null, "ts": 1691670591.2995396}]}, "version": 242}
{"obj": {"type": "LogStrings", "path": ["monitoring", "650272de", "stderr"], "values": [{"value": "^", "step": null, "ts": 1691670591.3195164}]}, "version": 243}
{"obj": {"type": "LogStrings", "path": ["monitoring", "650272de", "stderr"], "values": [{"value": "^", "step": null, "ts": 1691670591.3368285}]}, "version": 244}
{"obj": {"type": "LogStrings", "path": ["monitoring", "650272de", "stderr"], "values": [{"value": "^", "step": null, "ts": 1691670591.3780432}]}, "version": 245}
{"obj": {"type": "LogStrings", "path": ["monitoring", "650272de", "stderr"], "values": [{"value": "^", "step": null, "ts": 1691670591.398731}]}, "version": 246}
{"obj": {"type": "LogStrings", "path": ["monitoring", "650272de", "stderr"], "values": [{"value": "^", "step": null, "ts": 1691670591.4468403}]}, "version": 247}
{"obj": {"type": "LogStrings", "path": ["monitoring", "650272de", "stderr"], "values": [{"value": "^", "step": null, "ts": 1691670591.4760656}]}, "version": 248}
{"obj": {"type": "LogStrings", "path": ["monitoring", "650272de", "stderr"], "values": [{"value": "^", "step": null, "ts": 1691670591.506143}]}, "version": 249}
{"obj": {"type": "LogStrings", "path": ["monitoring", "650272de", "stderr"], "values": [{"value": "^", "step": null, "ts": 1691670591.553374}]}, "version": 250}
{"obj": {"type": "LogFloats", "path": ["monitoring", "650272de", "cpu"], "values": [{"value": 13.0, "step": null, "ts": 1691670591.5647128}]}, "version": 251}
{"obj": {"type": "LogStrings", "path": ["monitoring", "650272de", "stderr"], "values": [{"value": "^", "step": null, "ts": 1691670591.6500843}]}, "version": 252}
{"obj": {"type": "LogFloats", "path": ["monitoring", "650272de", "memory"], "values": [{"value": 8.930984497070312, "step": null, "ts": 1691670591.5647128}]}, "version": 253}
{"obj": {"type": "LogStrings", "path": ["monitoring", "650272de", "stderr"], "values": [{"value": "^", "step": null, "ts": 1691670591.7189808}]}, "version": 254}
{"obj": {"type": "LogFloats", "path": ["monitoring", "650272de", "gpu_memory"], "values": [{"value": 0.0001220703125, "step": null, "ts": 1691670591.5647128}]}, "version": 255}
{"obj": {"type": "LogStrings", "path": ["monitoring", "650272de", "stderr"], "values": [{"value": "\n", "step": null, "ts": 1691670591.787393}]}, "version": 256}
{"obj": {"type": "LogStrings", "path": ["monitoring", "650272de", "stderr"], "values": [{"value": "", "step": null, "ts": 1691670591.8484595}]}, "version": 257}
{"obj": {"type": "LogStrings", "path": ["monitoring", "650272de", "stderr"], "values": [{"value": "  File \"/anaconda/envs/behrt_cpu/lib/python3.11/site-packages/lightning/pytorch/trainer/connectors/accelerator_connector.py\", line 366, in _choose_gpu_accelerator_backend\n", "step": null, "ts": 1691670591.906542}]}, "version": 258}
{"obj": {"type": "LogStrings", "path": ["monitoring", "650272de", "stderr"], "values": [{"value": "", "step": null, "ts": 1691670591.9233239}]}, "version": 259}
{"obj": {"type": "LogStrings", "path": ["monitoring", "650272de", "stderr"], "values": [{"value": "    ", "step": null, "ts": 1691670591.9550323}]}, "version": 260}
{"obj": {"type": "LogStrings", "path": ["monitoring", "650272de", "stderr"], "values": [{"value": "raise MisconfigurationException(\"No supported gpu backend found!\")", "step": null, "ts": 1691670592.0405622}]}, "version": 261}
{"obj": {"type": "LogStrings", "path": ["monitoring", "650272de", "stderr"], "values": [{"value": "\n", "step": null, "ts": 1691670592.1197178}]}, "version": 262}
{"obj": {"type": "LogStrings", "path": ["monitoring", "650272de", "stderr"], "values": [{"value": "", "step": null, "ts": 1691670592.1364565}]}, "version": 263}
{"obj": {"type": "LogStrings", "path": ["monitoring", "650272de", "stderr"], "values": [{"value": "lightning.fabric.utilities.exceptions", "step": null, "ts": 1691670592.182286}]}, "version": 264}
{"obj": {"type": "LogStrings", "path": ["monitoring", "650272de", "stderr"], "values": [{"value": ".", "step": null, "ts": 1691670592.2395198}]}, "version": 265}
{"obj": {"type": "LogStrings", "path": ["monitoring", "650272de", "stderr"], "values": [{"value": "MisconfigurationException", "step": null, "ts": 1691670592.3093383}]}, "version": 266}
{"obj": {"type": "LogStrings", "path": ["monitoring", "650272de", "stderr"], "values": [{"value": ": ", "step": null, "ts": 1691670592.3284712}]}, "version": 267}
{"obj": {"type": "LogStrings", "path": ["monitoring", "650272de", "stderr"], "values": [{"value": "No supported gpu backend found!", "step": null, "ts": 1691670592.497061}]}, "version": 268}
{"obj": {"type": "LogStrings", "path": ["monitoring", "650272de", "stderr"], "values": [{"value": "\n", "step": null, "ts": 1691670592.51593}]}, "version": 269}
