{"obj": {"type": "AssignString", "path": ["sys", "name"], "value": "MLM_model"}, "version": 1}
{"obj": {"type": "AssignString", "path": ["sys", "description"], "value": ""}, "version": 2}
{"obj": {"type": "AssignString", "path": ["monitoring", "e65c0f1b", "hostname"], "value": "mikkelnc6s"}, "version": 3}
{"obj": {"type": "AssignString", "path": ["sys", "hostname"], "value": "mikkelnc6s"}, "version": 4}
{"obj": {"type": "AssignString", "path": ["monitoring", "e65c0f1b", "pid"], "value": "22618"}, "version": 5}
{"obj": {"type": "AssignString", "path": ["monitoring", "e65c0f1b", "tid"], "value": "140625382156096"}, "version": 6}
{"obj": {"type": "AssignBool", "path": ["sys", "failed"], "value": false}, "version": 7}
{"obj": {"type": "ClearStringLog", "path": ["monitoring", "e65c0f1b", "stdout"]}, "version": 8}
{"obj": {"type": "ClearStringLog", "path": ["monitoring", "e65c0f1b", "stderr"]}, "version": 9}
{"obj": {"type": "AssignString", "path": ["source_code", "entrypoint"], "value": "executeBehrtMLM.py"}, "version": 10}
{"obj": {"type": "UploadFileSet", "path": ["source_code", "files"], "file_globs": ["/mnt/batch/tasks/shared/LS_root/mounts/clusters/mikkelnc6s/code/Users/mikkel.sinkjaer/transformerEHR/task/executeBehrtMLM.py"], "reset": "False"}, "version": 11}
{"obj": {"type": "ConfigFloatSeries", "path": ["monitoring", "e65c0f1b", "cpu"], "min": 0.0, "max": 100.0, "unit": "%"}, "version": 12}
{"obj": {"type": "ClearFloatLog", "path": ["monitoring", "e65c0f1b", "cpu"]}, "version": 13}
{"obj": {"type": "ConfigFloatSeries", "path": ["monitoring", "e65c0f1b", "memory"], "min": 0.0, "max": 110.04589080810547, "unit": "GB"}, "version": 14}
{"obj": {"type": "ClearFloatLog", "path": ["monitoring", "e65c0f1b", "memory"]}, "version": 15}
{"obj": {"type": "ConfigFloatSeries", "path": ["monitoring", "e65c0f1b", "gpu"], "min": 0.0, "max": 100.0, "unit": "%"}, "version": 16}
{"obj": {"type": "ClearFloatLog", "path": ["monitoring", "e65c0f1b", "gpu"]}, "version": 17}
{"obj": {"type": "ConfigFloatSeries", "path": ["monitoring", "e65c0f1b", "gpu_memory"], "min": 0.0, "max": 15.78173828125, "unit": "GB"}, "version": 18}
{"obj": {"type": "ClearFloatLog", "path": ["monitoring", "e65c0f1b", "gpu_memory"]}, "version": 19}
{"obj": {"type": "AssignString", "path": ["source_code", "integrations", "pytorch-lightning"], "value": "2.0.6"}, "version": 20}
{"obj": {"type": "LogFloats", "path": ["monitoring", "e65c0f1b", "cpu"], "values": [{"value": 15.4, "step": null, "ts": 1691669669.2178986}]}, "version": 21}
{"obj": {"type": "AssignInt", "path": ["training", "hyperparams", "vocab_size"], "value": 68}, "version": 22}
{"obj": {"type": "AssignInt", "path": ["training", "hyperparams", "hidden_size"], "value": 288}, "version": 23}
{"obj": {"type": "AssignInt", "path": ["training", "hyperparams", "seg_vocab_size"], "value": 2}, "version": 24}
{"obj": {"type": "AssignInt", "path": ["training", "hyperparams", "date_vocab_size"], "value": 8400}, "version": 25}
{"obj": {"type": "AssignInt", "path": ["training", "hyperparams", "age_vocab_size"], "value": 144}, "version": 26}
{"obj": {"type": "AssignInt", "path": ["training", "hyperparams", "max_position_embedding"], "value": 512}, "version": 27}
{"obj": {"type": "AssignFloat", "path": ["training", "hyperparams", "hidden_dropout_prob"], "value": 0.1}, "version": 28}
{"obj": {"type": "AssignInt", "path": ["training", "hyperparams", "num_hidden_layers"], "value": 6}, "version": 29}
{"obj": {"type": "AssignInt", "path": ["training", "hyperparams", "num_attention_heads"], "value": 12}, "version": 30}
{"obj": {"type": "AssignFloat", "path": ["training", "hyperparams", "attention_probs_dropout_prob"], "value": 0.1}, "version": 31}
{"obj": {"type": "AssignInt", "path": ["training", "hyperparams", "intermediate_size"], "value": 512}, "version": 32}
{"obj": {"type": "AssignString", "path": ["training", "hyperparams", "hidden_act"], "value": "gelu"}, "version": 33}
{"obj": {"type": "AssignFloat", "path": ["training", "hyperparams", "initializer_range"], "value": 0.02}, "version": 34}
{"obj": {"type": "AssignFloat", "path": ["training", "hyperparams", "optim_param", "lr"], "value": 2e-05}, "version": 35}
{"obj": {"type": "AssignFloat", "path": ["training", "hyperparams", "optim_param", "warmup_proportion"], "value": 0.1}, "version": 36}
{"obj": {"type": "AssignFloat", "path": ["training", "hyperparams", "optim_param", "weight_decay"], "value": 0.01}, "version": 37}
{"obj": {"type": "LogFloats", "path": ["monitoring", "e65c0f1b", "memory"], "values": [{"value": 8.893928527832031, "step": null, "ts": 1691669669.2178986}]}, "version": 38}
{"obj": {"type": "LogFloats", "path": ["monitoring", "e65c0f1b", "gpu_memory"], "values": [{"value": 0.0001220703125, "step": null, "ts": 1691669669.2178986}]}, "version": 39}
{"obj": {"type": "LogStrings", "path": ["monitoring", "e65c0f1b", "traceback"], "values": [{"value": "An uncaught exception occurred while run was active on worker mikkelnc6s.", "step": null, "ts": 1691669674.1607175}, {"value": "Marking run as failed", "step": null, "ts": 1691669674.1607175}, {"value": "Traceback:", "step": null, "ts": 1691669674.1607175}, {"value": "  File \"/mnt/batch/tasks/shared/LS_root/mounts/clusters/mikkelnc6s/code/Users/mikkel.sinkjaer/transformerEHR/task/executeBehrtMLM.py\", line 145, in <module>\n    trainer = pl.Trainer(\n              ^^^^^^^^^^^\n", "step": null, "ts": 1691669674.1607175}, {"value": "  File \"/anaconda/envs/behrt_cpu/lib/python3.11/site-packages/lightning/pytorch/utilities/argparse.py\", line 69, in insert_env_defaults\n    return fn(self, **kwargs)\n           ^^^^^^^^^^^^^^^^^^\n", "step": null, "ts": 1691669674.1607175}, {"value": "Trainer.__init__() got an unexpected keyword argument 'gpu'", "step": null, "ts": 1691669674.1607175}]}, "version": 40}
{"obj": {"type": "AssignBool", "path": ["sys", "failed"], "value": true}, "version": 41}
{"obj": {"type": "LogStrings", "path": ["monitoring", "e65c0f1b", "stderr"], "values": [{"value": "", "step": null, "ts": 1691669674.22874}]}, "version": 42}
{"obj": {"type": "LogStrings", "path": ["monitoring", "e65c0f1b", "stdout"], "values": [{"value": "Shutting down background jobs, please wait a moment...\n", "step": null, "ts": 1691669674.2582655}]}, "version": 43}
{"obj": {"type": "LogStrings", "path": ["monitoring", "e65c0f1b", "stderr"], "values": [{"value": "Traceback (most recent call last):\n", "step": null, "ts": 1691669674.3212457}]}, "version": 44}
{"obj": {"type": "LogStrings", "path": ["monitoring", "e65c0f1b", "stderr"], "values": [{"value": "", "step": null, "ts": 1691669674.3718944}]}, "version": 45}
{"obj": {"type": "LogStrings", "path": ["monitoring", "e65c0f1b", "stderr"], "values": [{"value": "  File \"/mnt/batch/tasks/shared/LS_root/mounts/clusters/mikkelnc6s/code/Users/mikkel.sinkjaer/transformerEHR/task/executeBehrtMLM.py\", line 145, in <module>\n", "step": null, "ts": 1691669674.4324474}]}, "version": 46}
{"obj": {"type": "LogStrings", "path": ["monitoring", "e65c0f1b", "stderr"], "values": [{"value": "", "step": null, "ts": 1691669674.5048938}]}, "version": 47}
{"obj": {"type": "LogStrings", "path": ["monitoring", "e65c0f1b", "stderr"], "values": [{"value": "    ", "step": null, "ts": 1691669674.5704222}]}, "version": 48}
{"obj": {"type": "LogStrings", "path": ["monitoring", "e65c0f1b", "stderr"], "values": [{"value": "trainer = pl.Trainer(", "step": null, "ts": 1691669674.6137753}]}, "version": 49}
{"obj": {"type": "LogStrings", "path": ["monitoring", "e65c0f1b", "stderr"], "values": [{"value": "\n", "step": null, "ts": 1691669674.6332915}]}, "version": 50}
{"obj": {"type": "LogStrings", "path": ["monitoring", "e65c0f1b", "stderr"], "values": [{"value": "", "step": null, "ts": 1691669674.6998188}]}, "version": 51}
{"obj": {"type": "LogStrings", "path": ["monitoring", "e65c0f1b", "stderr"], "values": [{"value": " ", "step": null, "ts": 1691669674.7479837}]}, "version": 52}
{"obj": {"type": "LogStrings", "path": ["monitoring", "e65c0f1b", "stderr"], "values": [{"value": " ", "step": null, "ts": 1691669674.804511}]}, "version": 53}
{"obj": {"type": "LogStrings", "path": ["monitoring", "e65c0f1b", "stderr"], "values": [{"value": " ", "step": null, "ts": 1691669674.8710966}]}, "version": 54}
{"obj": {"type": "LogStrings", "path": ["monitoring", "e65c0f1b", "stderr"], "values": [{"value": " ", "step": null, "ts": 1691669674.9023516}]}, "version": 55}
{"obj": {"type": "LogStrings", "path": ["monitoring", "e65c0f1b", "stderr"], "values": [{"value": " ", "step": null, "ts": 1691669674.9502308}]}, "version": 56}
{"obj": {"type": "LogStrings", "path": ["monitoring", "e65c0f1b", "stderr"], "values": [{"value": " ", "step": null, "ts": 1691669674.995537}]}, "version": 57}
{"obj": {"type": "LogStrings", "path": ["monitoring", "e65c0f1b", "stderr"], "values": [{"value": " ", "step": null, "ts": 1691669675.0344331}]}, "version": 58}
{"obj": {"type": "LogStrings", "path": ["monitoring", "e65c0f1b", "stderr"], "values": [{"value": " ", "step": null, "ts": 1691669675.0549495}]}, "version": 59}
{"obj": {"type": "LogStrings", "path": ["monitoring", "e65c0f1b", "stderr"], "values": [{"value": " ", "step": null, "ts": 1691669675.0747426}]}, "version": 60}
{"obj": {"type": "LogStrings", "path": ["monitoring", "e65c0f1b", "stderr"], "values": [{"value": " ", "step": null, "ts": 1691669675.1690178}]}, "version": 61}
{"obj": {"type": "LogStrings", "path": ["monitoring", "e65c0f1b", "stderr"], "values": [{"value": " ", "step": null, "ts": 1691669675.2239933}]}, "version": 62}
{"obj": {"type": "LogStrings", "path": ["monitoring", "e65c0f1b", "stderr"], "values": [{"value": " ", "step": null, "ts": 1691669675.259374}]}, "version": 63}
{"obj": {"type": "LogStrings", "path": ["monitoring", "e65c0f1b", "stderr"], "values": [{"value": " ", "step": null, "ts": 1691669675.3555562}]}, "version": 64}
{"obj": {"type": "LogStrings", "path": ["monitoring", "e65c0f1b", "stderr"], "values": [{"value": " ", "step": null, "ts": 1691669675.4553869}]}, "version": 65}
{"obj": {"type": "LogStrings", "path": ["monitoring", "e65c0f1b", "stderr"], "values": [{"value": "^", "step": null, "ts": 1691669675.5393755}]}, "version": 66}
{"obj": {"type": "LogStrings", "path": ["monitoring", "e65c0f1b", "stderr"], "values": [{"value": "^", "step": null, "ts": 1691669675.5824695}]}, "version": 67}
{"obj": {"type": "LogStrings", "path": ["monitoring", "e65c0f1b", "stderr"], "values": [{"value": "^", "step": null, "ts": 1691669675.6203945}]}, "version": 68}
{"obj": {"type": "LogStrings", "path": ["monitoring", "e65c0f1b", "stderr"], "values": [{"value": "^", "step": null, "ts": 1691669675.653293}]}, "version": 69}
{"obj": {"type": "LogStrings", "path": ["monitoring", "e65c0f1b", "stderr"], "values": [{"value": "^", "step": null, "ts": 1691669675.7972853}]}, "version": 70}
{"obj": {"type": "LogStrings", "path": ["monitoring", "e65c0f1b", "stderr"], "values": [{"value": "^", "step": null, "ts": 1691669675.81969}]}, "version": 71}
{"obj": {"type": "LogStrings", "path": ["monitoring", "e65c0f1b", "stderr"], "values": [{"value": "^", "step": null, "ts": 1691669675.8845763}]}, "version": 72}
{"obj": {"type": "LogStrings", "path": ["monitoring", "e65c0f1b", "stderr"], "values": [{"value": "^", "step": null, "ts": 1691669675.9393353}]}, "version": 73}
{"obj": {"type": "LogStrings", "path": ["monitoring", "e65c0f1b", "stderr"], "values": [{"value": "^", "step": null, "ts": 1691669675.9795938}]}, "version": 74}
{"obj": {"type": "LogStrings", "path": ["monitoring", "e65c0f1b", "stderr"], "values": [{"value": "^", "step": null, "ts": 1691669675.9988575}]}, "version": 75}
{"obj": {"type": "LogStrings", "path": ["monitoring", "e65c0f1b", "stderr"], "values": [{"value": "^", "step": null, "ts": 1691669676.0803633}]}, "version": 76}
{"obj": {"type": "LogStrings", "path": ["monitoring", "e65c0f1b", "stderr"], "values": [{"value": "\n", "step": null, "ts": 1691669676.2303329}]}, "version": 77}
{"obj": {"type": "LogStrings", "path": ["monitoring", "e65c0f1b", "stderr"], "values": [{"value": "", "step": null, "ts": 1691669676.2573454}]}, "version": 78}
{"obj": {"type": "LogStrings", "path": ["monitoring", "e65c0f1b", "stderr"], "values": [{"value": "  File \"/anaconda/envs/behrt_cpu/lib/python3.11/site-packages/lightning/pytorch/utilities/argparse.py\", line 69, in insert_env_defaults\n", "step": null, "ts": 1691669676.3174338}]}, "version": 79}
{"obj": {"type": "LogStrings", "path": ["monitoring", "e65c0f1b", "stderr"], "values": [{"value": "", "step": null, "ts": 1691669676.362463}]}, "version": 80}
{"obj": {"type": "LogStrings", "path": ["monitoring", "e65c0f1b", "stderr"], "values": [{"value": "    ", "step": null, "ts": 1691669676.4769738}]}, "version": 81}
{"obj": {"type": "LogStrings", "path": ["monitoring", "e65c0f1b", "stderr"], "values": [{"value": "return fn(self, **kwargs)", "step": null, "ts": 1691669676.4940643}]}, "version": 82}
{"obj": {"type": "LogStrings", "path": ["monitoring", "e65c0f1b", "stderr"], "values": [{"value": "\n", "step": null, "ts": 1691669676.5596116}]}, "version": 83}
{"obj": {"type": "LogStrings", "path": ["monitoring", "e65c0f1b", "stderr"], "values": [{"value": "", "step": null, "ts": 1691669676.6338205}]}, "version": 84}
{"obj": {"type": "LogStrings", "path": ["monitoring", "e65c0f1b", "stderr"], "values": [{"value": " ", "step": null, "ts": 1691669676.6865447}]}, "version": 85}
{"obj": {"type": "LogStrings", "path": ["monitoring", "e65c0f1b", "stderr"], "values": [{"value": " ", "step": null, "ts": 1691669676.711467}]}, "version": 86}
{"obj": {"type": "LogStrings", "path": ["monitoring", "e65c0f1b", "stderr"], "values": [{"value": " ", "step": null, "ts": 1691669676.7755432}]}, "version": 87}
{"obj": {"type": "LogStrings", "path": ["monitoring", "e65c0f1b", "stderr"], "values": [{"value": " ", "step": null, "ts": 1691669676.7929943}]}, "version": 88}
{"obj": {"type": "LogStrings", "path": ["monitoring", "e65c0f1b", "stderr"], "values": [{"value": " ", "step": null, "ts": 1691669676.8116732}]}, "version": 89}
{"obj": {"type": "LogStrings", "path": ["monitoring", "e65c0f1b", "stderr"], "values": [{"value": " ", "step": null, "ts": 1691669676.8276758}]}, "version": 90}
{"obj": {"type": "LogStrings", "path": ["monitoring", "e65c0f1b", "stderr"], "values": [{"value": " ", "step": null, "ts": 1691669676.8683512}]}, "version": 91}
{"obj": {"type": "LogStrings", "path": ["monitoring", "e65c0f1b", "stderr"], "values": [{"value": " ", "step": null, "ts": 1691669676.8857777}]}, "version": 92}
{"obj": {"type": "LogStrings", "path": ["monitoring", "e65c0f1b", "stderr"], "values": [{"value": " ", "step": null, "ts": 1691669676.9042294}]}, "version": 93}
{"obj": {"type": "LogStrings", "path": ["monitoring", "e65c0f1b", "stderr"], "values": [{"value": " ", "step": null, "ts": 1691669676.9205313}]}, "version": 94}
{"obj": {"type": "LogStrings", "path": ["monitoring", "e65c0f1b", "stderr"], "values": [{"value": " ", "step": null, "ts": 1691669676.935807}]}, "version": 95}
{"obj": {"type": "LogStrings", "path": ["monitoring", "e65c0f1b", "stderr"], "values": [{"value": "^", "step": null, "ts": 1691669677.0117068}]}, "version": 96}
{"obj": {"type": "LogStrings", "path": ["monitoring", "e65c0f1b", "stderr"], "values": [{"value": "^", "step": null, "ts": 1691669677.0283287}]}, "version": 97}
{"obj": {"type": "LogStrings", "path": ["monitoring", "e65c0f1b", "stderr"], "values": [{"value": "^", "step": null, "ts": 1691669677.0589478}]}, "version": 98}
{"obj": {"type": "LogStrings", "path": ["monitoring", "e65c0f1b", "stderr"], "values": [{"value": "^", "step": null, "ts": 1691669677.1063075}]}, "version": 99}
{"obj": {"type": "LogStrings", "path": ["monitoring", "e65c0f1b", "stderr"], "values": [{"value": "^", "step": null, "ts": 1691669677.1551523}]}, "version": 100}
{"obj": {"type": "LogStrings", "path": ["monitoring", "e65c0f1b", "stderr"], "values": [{"value": "^", "step": null, "ts": 1691669677.187132}]}, "version": 101}
{"obj": {"type": "LogStrings", "path": ["monitoring", "e65c0f1b", "stderr"], "values": [{"value": "^", "step": null, "ts": 1691669677.2300646}]}, "version": 102}
{"obj": {"type": "LogStrings", "path": ["monitoring", "e65c0f1b", "stderr"], "values": [{"value": "^", "step": null, "ts": 1691669677.2539556}]}, "version": 103}
{"obj": {"type": "LogStrings", "path": ["monitoring", "e65c0f1b", "stderr"], "values": [{"value": "^", "step": null, "ts": 1691669677.285303}]}, "version": 104}
{"obj": {"type": "LogStrings", "path": ["monitoring", "e65c0f1b", "stderr"], "values": [{"value": "^", "step": null, "ts": 1691669677.3558924}]}, "version": 105}
{"obj": {"type": "LogStrings", "path": ["monitoring", "e65c0f1b", "stderr"], "values": [{"value": "^", "step": null, "ts": 1691669677.3776824}]}, "version": 106}
{"obj": {"type": "LogStrings", "path": ["monitoring", "e65c0f1b", "stderr"], "values": [{"value": "^", "step": null, "ts": 1691669677.3962197}]}, "version": 107}
{"obj": {"type": "LogStrings", "path": ["monitoring", "e65c0f1b", "stderr"], "values": [{"value": "^", "step": null, "ts": 1691669677.4131763}]}, "version": 108}
{"obj": {"type": "LogStrings", "path": ["monitoring", "e65c0f1b", "stderr"], "values": [{"value": "^", "step": null, "ts": 1691669677.433068}]}, "version": 109}
{"obj": {"type": "LogStrings", "path": ["monitoring", "e65c0f1b", "stderr"], "values": [{"value": "^", "step": null, "ts": 1691669677.4873638}]}, "version": 110}
{"obj": {"type": "LogStrings", "path": ["monitoring", "e65c0f1b", "stderr"], "values": [{"value": "^", "step": null, "ts": 1691669677.5066767}]}, "version": 111}
{"obj": {"type": "LogStrings", "path": ["monitoring", "e65c0f1b", "stderr"], "values": [{"value": "^", "step": null, "ts": 1691669677.59094}]}, "version": 112}
{"obj": {"type": "LogStrings", "path": ["monitoring", "e65c0f1b", "stderr"], "values": [{"value": "^", "step": null, "ts": 1691669677.606531}]}, "version": 113}
{"obj": {"type": "LogStrings", "path": ["monitoring", "e65c0f1b", "stderr"], "values": [{"value": "\n", "step": null, "ts": 1691669677.6296659}]}, "version": 114}
{"obj": {"type": "LogStrings", "path": ["monitoring", "e65c0f1b", "stderr"], "values": [{"value": "", "step": null, "ts": 1691669677.6750014}]}, "version": 115}
{"obj": {"type": "LogStrings", "path": ["monitoring", "e65c0f1b", "stderr"], "values": [{"value": "TypeError", "step": null, "ts": 1691669677.7358313}]}, "version": 116}
{"obj": {"type": "LogStrings", "path": ["monitoring", "e65c0f1b", "stderr"], "values": [{"value": ": ", "step": null, "ts": 1691669677.7563431}]}, "version": 117}
{"obj": {"type": "LogStrings", "path": ["monitoring", "e65c0f1b", "stderr"], "values": [{"value": "Trainer.__init__() got an unexpected keyword argument 'gpu'", "step": null, "ts": 1691669677.7946863}]}, "version": 118}
{"obj": {"type": "LogStrings", "path": ["monitoring", "e65c0f1b", "stderr"], "values": [{"value": "\n", "step": null, "ts": 1691669677.8129787}]}, "version": 119}
