{"obj": {"type": "AssignString", "path": ["sys", "name"], "value": "MLM_model"}, "version": 1}
{"obj": {"type": "AssignString", "path": ["sys", "description"], "value": ""}, "version": 2}
{"obj": {"type": "AssignString", "path": ["monitoring", "732a2908", "hostname"], "value": "mikkel4c14"}, "version": 3}
{"obj": {"type": "AssignString", "path": ["sys", "hostname"], "value": "mikkel4c14"}, "version": 4}
{"obj": {"type": "AssignString", "path": ["monitoring", "732a2908", "pid"], "value": "47723"}, "version": 5}
{"obj": {"type": "AssignString", "path": ["monitoring", "732a2908", "tid"], "value": "140483186046784"}, "version": 6}
{"obj": {"type": "AssignBool", "path": ["sys", "failed"], "value": false}, "version": 7}
{"obj": {"type": "ClearStringLog", "path": ["monitoring", "732a2908", "stdout"]}, "version": 8}
{"obj": {"type": "ClearStringLog", "path": ["monitoring", "732a2908", "stderr"]}, "version": 9}
{"obj": {"type": "AssignString", "path": ["source_code", "entrypoint"], "value": "executeBehrtMLM.py"}, "version": 10}
{"obj": {"type": "UploadFileSet", "path": ["source_code", "files"], "file_globs": ["/mnt/batch/tasks/shared/LS_root/mounts/clusters/mikkel4c14/code/Users/mikkel.sinkjaer/transformerEHR/task/executeBehrtMLM.py"], "reset": "False"}, "version": 11}
{"obj": {"type": "UploadFile", "path": ["source_code", "diff"], "ext": "patch", "file_path": null, "tmp_file_name": "source_code_diff-1691665955.389676-2023-08-10_11.12.35.389676.patch", "clean_after_upload": false}, "version": 12}
{"obj": {"type": "UploadFile", "path": ["source_code", "upstream_diff_None"], "ext": "patch", "file_path": null, "tmp_file_name": "source_code_upstream_diff_None-1691665955.479781-2023-08-10_11.12.35.479781.patch", "clean_after_upload": false}, "version": 13}
{"obj": {"type": "LogStrings", "path": ["monitoring", "732a2908", "stderr"], "values": [{"value": "Info (NVML): Driver Not Loaded. GPU usage metrics may not be reported. For more information, see https://docs.neptune.ai/help/nvml_error/\n", "step": null, "ts": 1691665955.7904596}]}, "version": 14}
{"obj": {"type": "ConfigFloatSeries", "path": ["monitoring", "732a2908", "cpu"], "min": 0.0, "max": 100.0, "unit": "%"}, "version": 15}
{"obj": {"type": "ClearFloatLog", "path": ["monitoring", "732a2908", "cpu"]}, "version": 16}
{"obj": {"type": "ConfigFloatSeries", "path": ["monitoring", "732a2908", "memory"], "min": 0.0, "max": 13.659683227539062, "unit": "GB"}, "version": 17}
{"obj": {"type": "ClearFloatLog", "path": ["monitoring", "732a2908", "memory"]}, "version": 18}
{"obj": {"type": "AssignString", "path": ["source_code", "integrations", "pytorch-lightning"], "value": "2.0.6"}, "version": 19}
{"obj": {"type": "LogFloats", "path": ["monitoring", "732a2908", "cpu"], "values": [{"value": 20.6, "step": null, "ts": 1691665956.0549366}]}, "version": 20}
{"obj": {"type": "AssignInt", "path": ["training", "hyperparams", "vocab_size"], "value": 68}, "version": 21}
{"obj": {"type": "AssignInt", "path": ["training", "hyperparams", "hidden_size"], "value": 288}, "version": 22}
{"obj": {"type": "AssignInt", "path": ["training", "hyperparams", "seg_vocab_size"], "value": 2}, "version": 23}
{"obj": {"type": "AssignInt", "path": ["training", "hyperparams", "date_vocab_size"], "value": 8400}, "version": 24}
{"obj": {"type": "AssignInt", "path": ["training", "hyperparams", "age_vocab_size"], "value": 144}, "version": 25}
{"obj": {"type": "AssignInt", "path": ["training", "hyperparams", "max_position_embedding"], "value": 512}, "version": 26}
{"obj": {"type": "AssignFloat", "path": ["training", "hyperparams", "hidden_dropout_prob"], "value": 0.1}, "version": 27}
{"obj": {"type": "AssignInt", "path": ["training", "hyperparams", "num_hidden_layers"], "value": 6}, "version": 28}
{"obj": {"type": "AssignInt", "path": ["training", "hyperparams", "num_attention_heads"], "value": 12}, "version": 29}
{"obj": {"type": "AssignFloat", "path": ["training", "hyperparams", "attention_probs_dropout_prob"], "value": 0.1}, "version": 30}
{"obj": {"type": "AssignInt", "path": ["training", "hyperparams", "intermediate_size"], "value": 512}, "version": 31}
{"obj": {"type": "AssignString", "path": ["training", "hyperparams", "hidden_act"], "value": "gelu"}, "version": 32}
{"obj": {"type": "AssignFloat", "path": ["training", "hyperparams", "initializer_range"], "value": 0.02}, "version": 33}
{"obj": {"type": "AssignFloat", "path": ["training", "hyperparams", "optim_param", "lr"], "value": 2e-05}, "version": 34}
{"obj": {"type": "AssignFloat", "path": ["training", "hyperparams", "optim_param", "warmup_proportion"], "value": 0.1}, "version": 35}
{"obj": {"type": "AssignFloat", "path": ["training", "hyperparams", "optim_param", "weight_decay"], "value": 0.01}, "version": 36}
{"obj": {"type": "LogFloats", "path": ["monitoring", "732a2908", "memory"], "values": [{"value": 8.067398071289062, "step": null, "ts": 1691665956.0549366}]}, "version": 37}
{"obj": {"type": "AssignString", "path": ["training", "status"], "value": "failed"}, "version": 38}
{"obj": {"type": "LogStrings", "path": ["monitoring", "732a2908", "traceback"], "values": [{"value": "An uncaught exception occurred while run was active on worker mikkel4c14.", "step": null, "ts": 1691665961.6673546}, {"value": "Marking run as failed", "step": null, "ts": 1691665961.6673546}, {"value": "Traceback:", "step": null, "ts": 1691665961.6673546}, {"value": "  File \"/mnt/batch/tasks/shared/LS_root/mounts/clusters/mikkel4c14/code/Users/mikkel.sinkjaer/transformerEHR/task/executeBehrtMLM.py\", line 154, in <module>\n    trainer.fit(model=task, train_dataloaders=trainload, val_dataloaders=valload)\n", "step": null, "ts": 1691665961.6673546}, {"value": "  File \"/anaconda/envs/behrt_cpu/lib/python3.11/site-packages/lightning/pytorch/trainer/trainer.py\", line 529, in fit\n    call._call_and_handle_interrupt(\n", "step": null, "ts": 1691665961.6673546}, {"value": "  File \"/anaconda/envs/behrt_cpu/lib/python3.11/site-packages/lightning/pytorch/trainer/call.py\", line 42, in _call_and_handle_interrupt\n    return trainer_fn(*args, **kwargs)\n           ^^^^^^^^^^^^^^^^^^^^^^^^^^^\n", "step": null, "ts": 1691665961.6673546}, {"value": "  File \"/anaconda/envs/behrt_cpu/lib/python3.11/site-packages/lightning/pytorch/trainer/trainer.py\", line 568, in _fit_impl\n    self._run(model, ckpt_path=ckpt_path)\n", "step": null, "ts": 1691665961.6673546}, {"value": "  File \"/anaconda/envs/behrt_cpu/lib/python3.11/site-packages/lightning/pytorch/trainer/trainer.py\", line 949, in _run\n    self.strategy.setup(self)\n", "step": null, "ts": 1691665961.6673546}, {"value": "  File \"/anaconda/envs/behrt_cpu/lib/python3.11/site-packages/lightning/pytorch/strategies/single_device.py\", line 75, in setup\n    super().setup(trainer)\n", "step": null, "ts": 1691665961.6673546}, {"value": "  File \"/anaconda/envs/behrt_cpu/lib/python3.11/site-packages/lightning/pytorch/strategies/strategy.py\", line 149, in setup\n    self.setup_optimizers(trainer)\n", "step": null, "ts": 1691665961.6673546}]}, "version": 39}
{"obj": {"type": "LogStrings", "path": ["monitoring", "732a2908", "traceback"], "values": [{"value": "  File \"/anaconda/envs/behrt_cpu/lib/python3.11/site-packages/lightning/pytorch/strategies/strategy.py\", line 139, in setup_optimizers\n    self.optimizers, self.lr_scheduler_configs = _init_optimizers_and_lr_schedulers(self.lightning_module)\n                                                 ^^^^^^^^^^^^^^^^^^^^^^^^^^^^^^^^^^^^^^^^^^^^^^^^^^^^^^^^^\n", "step": null, "ts": 1691665961.6673546}, {"value": "  File \"/anaconda/envs/behrt_cpu/lib/python3.11/site-packages/lightning/pytorch/core/optimizer.py\", line 168, in _init_optimizers_and_lr_schedulers\n    optim_conf = call._call_lightning_module_hook(model.trainer, \"configure_optimizers\", pl_module=model)\n                 ^^^^^^^^^^^^^^^^^^^^^^^^^^^^^^^^^^^^^^^^^^^^^^^^^^^^^^^^^^^^^^^^^^^^^^^^^^^^^^^^^^^^^^^^\n", "step": null, "ts": 1691665961.6673546}, {"value": "  File \"/anaconda/envs/behrt_cpu/lib/python3.11/site-packages/lightning/pytorch/trainer/call.py\", line 144, in _call_lightning_module_hook\n    output = fn(*args, **kwargs)\n             ^^^^^^^^^^^^^^^^^^^\n", "step": null, "ts": 1691665961.6673546}, {"value": "  File \"/mnt/batch/tasks/shared/LS_root/mounts/clusters/mikkel4c14/code/Users/mikkel.sinkjaer/transformerEHR/task/../model/behrt.py\", line 292, in configure_optimizers\n    optimizer = torch.optim.Adam(self.parameters(), lr=self.config.optim_params.lr,weight_decay=self.config.optim_params.weight_decay)\n                                                       ^^^^^^^^^^^^^^^^^^^^^^^^\n", "step": null, "ts": 1691665961.6673546}, {"value": "'BertConfig' object has no attribute 'optim_params'", "step": null, "ts": 1691665961.6673546}]}, "version": 40}
{"obj": {"type": "AssignBool", "path": ["sys", "failed"], "value": true}, "version": 41}
{"obj": {"type": "LogStrings", "path": ["monitoring", "732a2908", "stderr"], "values": [{"value": "", "step": null, "ts": 1691665961.8537912}]}, "version": 42}
{"obj": {"type": "LogStrings", "path": ["monitoring", "732a2908", "stdout"], "values": [{"value": "Shutting down background jobs, please wait a moment...\n", "step": null, "ts": 1691665961.9010248}]}, "version": 43}
{"obj": {"type": "LogStrings", "path": ["monitoring", "732a2908", "stderr"], "values": [{"value": "Traceback (most recent call last):\n", "step": null, "ts": 1691665961.9213262}]}, "version": 44}
{"obj": {"type": "LogStrings", "path": ["monitoring", "732a2908", "stderr"], "values": [{"value": "", "step": null, "ts": 1691665961.945428}]}, "version": 45}
{"obj": {"type": "LogStrings", "path": ["monitoring", "732a2908", "stderr"], "values": [{"value": "  File \"/mnt/batch/tasks/shared/LS_root/mounts/clusters/mikkel4c14/code/Users/mikkel.sinkjaer/transformerEHR/task/executeBehrtMLM.py\", line 154, in <module>\n", "step": null, "ts": 1691665961.9848554}]}, "version": 46}
{"obj": {"type": "LogStrings", "path": ["monitoring", "732a2908", "stderr"], "values": [{"value": "", "step": null, "ts": 1691665962.0127153}]}, "version": 47}
{"obj": {"type": "LogStrings", "path": ["monitoring", "732a2908", "stderr"], "values": [{"value": "    ", "step": null, "ts": 1691665962.0468905}]}, "version": 48}
{"obj": {"type": "LogStrings", "path": ["monitoring", "732a2908", "stderr"], "values": [{"value": "trainer.fit(model=task, train_dataloaders=trainload, val_dataloaders=valload)", "step": null, "ts": 1691665962.0916018}]}, "version": 49}
{"obj": {"type": "LogStrings", "path": ["monitoring", "732a2908", "stderr"], "values": [{"value": "\n", "step": null, "ts": 1691665962.1174374}]}, "version": 50}
{"obj": {"type": "LogStrings", "path": ["monitoring", "732a2908", "stderr"], "values": [{"value": "", "step": null, "ts": 1691665962.1383562}]}, "version": 51}
{"obj": {"type": "LogStrings", "path": ["monitoring", "732a2908", "stderr"], "values": [{"value": "  File \"/anaconda/envs/behrt_cpu/lib/python3.11/site-packages/lightning/pytorch/trainer/trainer.py\", line 529, in fit\n", "step": null, "ts": 1691665962.1773746}]}, "version": 52}
{"obj": {"type": "LogStrings", "path": ["monitoring", "732a2908", "stderr"], "values": [{"value": "", "step": null, "ts": 1691665962.221618}]}, "version": 53}
{"obj": {"type": "LogStrings", "path": ["monitoring", "732a2908", "stderr"], "values": [{"value": "    ", "step": null, "ts": 1691665962.2874188}]}, "version": 54}
{"obj": {"type": "LogStrings", "path": ["monitoring", "732a2908", "stderr"], "values": [{"value": "call._call_and_handle_interrupt(", "step": null, "ts": 1691665962.3390226}]}, "version": 55}
{"obj": {"type": "LogStrings", "path": ["monitoring", "732a2908", "stderr"], "values": [{"value": "\n", "step": null, "ts": 1691665962.3728983}]}, "version": 56}
{"obj": {"type": "LogStrings", "path": ["monitoring", "732a2908", "stderr"], "values": [{"value": "", "step": null, "ts": 1691665962.3931384}]}, "version": 57}
{"obj": {"type": "LogStrings", "path": ["monitoring", "732a2908", "stderr"], "values": [{"value": "  File \"/anaconda/envs/behrt_cpu/lib/python3.11/site-packages/lightning/pytorch/trainer/call.py\", line 42, in _call_and_handle_interrupt\n", "step": null, "ts": 1691665962.4630723}]}, "version": 58}
{"obj": {"type": "LogStrings", "path": ["monitoring", "732a2908", "stderr"], "values": [{"value": "", "step": null, "ts": 1691665962.4880147}]}, "version": 59}
{"obj": {"type": "LogStrings", "path": ["monitoring", "732a2908", "stderr"], "values": [{"value": "    ", "step": null, "ts": 1691665962.5102808}]}, "version": 60}
{"obj": {"type": "LogStrings", "path": ["monitoring", "732a2908", "stderr"], "values": [{"value": "return trainer_fn(*args, **kwargs)", "step": null, "ts": 1691665962.5586557}]}, "version": 61}
{"obj": {"type": "LogStrings", "path": ["monitoring", "732a2908", "stderr"], "values": [{"value": "\n", "step": null, "ts": 1691665962.5828583}]}, "version": 62}
{"obj": {"type": "LogStrings", "path": ["monitoring", "732a2908", "stderr"], "values": [{"value": "", "step": null, "ts": 1691665962.6047792}]}, "version": 63}
{"obj": {"type": "LogStrings", "path": ["monitoring", "732a2908", "stderr"], "values": [{"value": " ", "step": null, "ts": 1691665962.630579}]}, "version": 64}
{"obj": {"type": "LogStrings", "path": ["monitoring", "732a2908", "stderr"], "values": [{"value": " ", "step": null, "ts": 1691665962.6519718}]}, "version": 65}
{"obj": {"type": "LogStrings", "path": ["monitoring", "732a2908", "stderr"], "values": [{"value": " ", "step": null, "ts": 1691665962.7054584}]}, "version": 66}
{"obj": {"type": "LogStrings", "path": ["monitoring", "732a2908", "stderr"], "values": [{"value": " ", "step": null, "ts": 1691665962.7373264}]}, "version": 67}
{"obj": {"type": "LogStrings", "path": ["monitoring", "732a2908", "stderr"], "values": [{"value": " ", "step": null, "ts": 1691665962.782925}]}, "version": 68}
{"obj": {"type": "LogStrings", "path": ["monitoring", "732a2908", "stderr"], "values": [{"value": " ", "step": null, "ts": 1691665962.8025188}]}, "version": 69}
{"obj": {"type": "LogStrings", "path": ["monitoring", "732a2908", "stderr"], "values": [{"value": " ", "step": null, "ts": 1691665962.82958}]}, "version": 70}
{"obj": {"type": "LogStrings", "path": ["monitoring", "732a2908", "stderr"], "values": [{"value": " ", "step": null, "ts": 1691665962.9066298}]}, "version": 71}
{"obj": {"type": "LogStrings", "path": ["monitoring", "732a2908", "stderr"], "values": [{"value": " ", "step": null, "ts": 1691665962.9286478}]}, "version": 72}
{"obj": {"type": "LogStrings", "path": ["monitoring", "732a2908", "stderr"], "values": [{"value": " ", "step": null, "ts": 1691665962.9907858}]}, "version": 73}
{"obj": {"type": "LogStrings", "path": ["monitoring", "732a2908", "stderr"], "values": [{"value": " ", "step": null, "ts": 1691665963.0356972}]}, "version": 74}
{"obj": {"type": "LogStrings", "path": ["monitoring", "732a2908", "stderr"], "values": [{"value": "^", "step": null, "ts": 1691665963.0739446}]}, "version": 75}
{"obj": {"type": "LogStrings", "path": ["monitoring", "732a2908", "stderr"], "values": [{"value": "^", "step": null, "ts": 1691665963.1234388}]}, "version": 76}
{"obj": {"type": "LogStrings", "path": ["monitoring", "732a2908", "stderr"], "values": [{"value": "^", "step": null, "ts": 1691665963.1660624}]}, "version": 77}
{"obj": {"type": "LogStrings", "path": ["monitoring", "732a2908", "stderr"], "values": [{"value": "^", "step": null, "ts": 1691665963.1954548}]}, "version": 78}
{"obj": {"type": "LogStrings", "path": ["monitoring", "732a2908", "stderr"], "values": [{"value": "^", "step": null, "ts": 1691665963.2300115}]}, "version": 79}
{"obj": {"type": "LogStrings", "path": ["monitoring", "732a2908", "stderr"], "values": [{"value": "^", "step": null, "ts": 1691665963.2735004}]}, "version": 80}
{"obj": {"type": "LogStrings", "path": ["monitoring", "732a2908", "stderr"], "values": [{"value": "^", "step": null, "ts": 1691665963.318277}]}, "version": 81}
{"obj": {"type": "LogStrings", "path": ["monitoring", "732a2908", "stderr"], "values": [{"value": "^", "step": null, "ts": 1691665963.3574238}]}, "version": 82}
{"obj": {"type": "LogStrings", "path": ["monitoring", "732a2908", "stderr"], "values": [{"value": "^", "step": null, "ts": 1691665963.427329}]}, "version": 83}
{"obj": {"type": "LogStrings", "path": ["monitoring", "732a2908", "stderr"], "values": [{"value": "^", "step": null, "ts": 1691665963.4493542}]}, "version": 84}
{"obj": {"type": "LogStrings", "path": ["monitoring", "732a2908", "stderr"], "values": [{"value": "^", "step": null, "ts": 1691665963.485515}]}, "version": 85}
{"obj": {"type": "LogStrings", "path": ["monitoring", "732a2908", "stderr"], "values": [{"value": "^", "step": null, "ts": 1691665963.5466437}]}, "version": 86}
{"obj": {"type": "LogStrings", "path": ["monitoring", "732a2908", "stderr"], "values": [{"value": "^", "step": null, "ts": 1691665963.6132348}]}, "version": 87}
{"obj": {"type": "LogStrings", "path": ["monitoring", "732a2908", "stderr"], "values": [{"value": "^", "step": null, "ts": 1691665963.6537457}]}, "version": 88}
{"obj": {"type": "LogStrings", "path": ["monitoring", "732a2908", "stderr"], "values": [{"value": "^", "step": null, "ts": 1691665963.6915262}]}, "version": 89}
{"obj": {"type": "LogStrings", "path": ["monitoring", "732a2908", "stderr"], "values": [{"value": "^", "step": null, "ts": 1691665963.7624}]}, "version": 90}
{"obj": {"type": "LogStrings", "path": ["monitoring", "732a2908", "stderr"], "values": [{"value": "^", "step": null, "ts": 1691665963.7946422}]}, "version": 91}
{"obj": {"type": "LogStrings", "path": ["monitoring", "732a2908", "stderr"], "values": [{"value": "^", "step": null, "ts": 1691665963.816327}]}, "version": 92}
{"obj": {"type": "LogStrings", "path": ["monitoring", "732a2908", "stderr"], "values": [{"value": "^", "step": null, "ts": 1691665963.8441048}]}, "version": 93}
{"obj": {"type": "LogStrings", "path": ["monitoring", "732a2908", "stderr"], "values": [{"value": "^", "step": null, "ts": 1691665963.8649933}]}, "version": 94}
{"obj": {"type": "LogStrings", "path": ["monitoring", "732a2908", "stderr"], "values": [{"value": "^", "step": null, "ts": 1691665963.8938553}]}, "version": 95}
{"obj": {"type": "LogStrings", "path": ["monitoring", "732a2908", "stderr"], "values": [{"value": "^", "step": null, "ts": 1691665963.9139998}]}, "version": 96}
{"obj": {"type": "LogStrings", "path": ["monitoring", "732a2908", "stderr"], "values": [{"value": "^", "step": null, "ts": 1691665963.9665058}]}, "version": 97}
{"obj": {"type": "LogStrings", "path": ["monitoring", "732a2908", "stderr"], "values": [{"value": "^", "step": null, "ts": 1691665964.0136552}]}, "version": 98}
{"obj": {"type": "LogStrings", "path": ["monitoring", "732a2908", "stderr"], "values": [{"value": "^", "step": null, "ts": 1691665964.0430114}]}, "version": 99}
{"obj": {"type": "LogStrings", "path": ["monitoring", "732a2908", "stderr"], "values": [{"value": "^", "step": null, "ts": 1691665964.1218405}]}, "version": 100}
{"obj": {"type": "LogStrings", "path": ["monitoring", "732a2908", "stderr"], "values": [{"value": "^", "step": null, "ts": 1691665964.1805496}]}, "version": 101}
{"obj": {"type": "LogStrings", "path": ["monitoring", "732a2908", "stderr"], "values": [{"value": "\n", "step": null, "ts": 1691665964.2048564}]}, "version": 102}
{"obj": {"type": "LogStrings", "path": ["monitoring", "732a2908", "stderr"], "values": [{"value": "", "step": null, "ts": 1691665964.2524347}]}, "version": 103}
{"obj": {"type": "LogStrings", "path": ["monitoring", "732a2908", "stderr"], "values": [{"value": "  File \"/anaconda/envs/behrt_cpu/lib/python3.11/site-packages/lightning/pytorch/trainer/trainer.py\", line 568, in _fit_impl\n", "step": null, "ts": 1691665964.2862325}]}, "version": 104}
{"obj": {"type": "LogStrings", "path": ["monitoring", "732a2908", "stderr"], "values": [{"value": "", "step": null, "ts": 1691665964.3589818}]}, "version": 105}
{"obj": {"type": "LogStrings", "path": ["monitoring", "732a2908", "stderr"], "values": [{"value": "    ", "step": null, "ts": 1691665964.3945851}]}, "version": 106}
{"obj": {"type": "LogStrings", "path": ["monitoring", "732a2908", "stderr"], "values": [{"value": "self._run(model, ckpt_path=ckpt_path)", "step": null, "ts": 1691665964.816905}]}, "version": 107}
{"obj": {"type": "LogStrings", "path": ["monitoring", "732a2908", "stderr"], "values": [{"value": "\n", "step": null, "ts": 1691665964.8688934}]}, "version": 108}
{"obj": {"type": "LogStrings", "path": ["monitoring", "732a2908", "stderr"], "values": [{"value": "", "step": null, "ts": 1691665964.9127219}]}, "version": 109}
{"obj": {"type": "LogStrings", "path": ["monitoring", "732a2908", "stderr"], "values": [{"value": "  File \"/anaconda/envs/behrt_cpu/lib/python3.11/site-packages/lightning/pytorch/trainer/trainer.py\", line 949, in _run\n", "step": null, "ts": 1691665964.9629984}]}, "version": 110}
{"obj": {"type": "LogStrings", "path": ["monitoring", "732a2908", "stderr"], "values": [{"value": "", "step": null, "ts": 1691665965.0202484}]}, "version": 111}
{"obj": {"type": "LogStrings", "path": ["monitoring", "732a2908", "stderr"], "values": [{"value": "    ", "step": null, "ts": 1691665965.2172384}]}, "version": 112}
{"obj": {"type": "LogStrings", "path": ["monitoring", "732a2908", "stderr"], "values": [{"value": "self.strategy.setup(self)", "step": null, "ts": 1691665965.2392888}]}, "version": 113}
{"obj": {"type": "LogStrings", "path": ["monitoring", "732a2908", "stderr"], "values": [{"value": "\n", "step": null, "ts": 1691665965.263439}]}, "version": 114}
{"obj": {"type": "LogStrings", "path": ["monitoring", "732a2908", "stderr"], "values": [{"value": "", "step": null, "ts": 1691665965.3231003}]}, "version": 115}
{"obj": {"type": "LogStrings", "path": ["monitoring", "732a2908", "stderr"], "values": [{"value": "  File \"/anaconda/envs/behrt_cpu/lib/python3.11/site-packages/lightning/pytorch/strategies/single_device.py\", line 75, in setup\n", "step": null, "ts": 1691665965.4108465}]}, "version": 116}
{"obj": {"type": "LogStrings", "path": ["monitoring", "732a2908", "stderr"], "values": [{"value": "", "step": null, "ts": 1691665965.440116}]}, "version": 117}
{"obj": {"type": "LogStrings", "path": ["monitoring", "732a2908", "stderr"], "values": [{"value": "    ", "step": null, "ts": 1691665965.4769027}]}, "version": 118}
{"obj": {"type": "LogStrings", "path": ["monitoring", "732a2908", "stderr"], "values": [{"value": "super().setup(trainer)", "step": null, "ts": 1691665965.5945184}]}, "version": 119}
{"obj": {"type": "LogStrings", "path": ["monitoring", "732a2908", "stderr"], "values": [{"value": "\n", "step": null, "ts": 1691665965.687426}]}, "version": 120}
{"obj": {"type": "LogStrings", "path": ["monitoring", "732a2908", "stderr"], "values": [{"value": "", "step": null, "ts": 1691665965.7131176}]}, "version": 121}
{"obj": {"type": "LogStrings", "path": ["monitoring", "732a2908", "stderr"], "values": [{"value": "  File \"/anaconda/envs/behrt_cpu/lib/python3.11/site-packages/lightning/pytorch/strategies/strategy.py\", line 149, in setup\n", "step": null, "ts": 1691665965.7412226}]}, "version": 122}
{"obj": {"type": "LogStrings", "path": ["monitoring", "732a2908", "stderr"], "values": [{"value": "", "step": null, "ts": 1691665965.7643507}]}, "version": 123}
{"obj": {"type": "LogStrings", "path": ["monitoring", "732a2908", "stderr"], "values": [{"value": "    ", "step": null, "ts": 1691665965.788244}]}, "version": 124}
{"obj": {"type": "LogStrings", "path": ["monitoring", "732a2908", "stderr"], "values": [{"value": "self.setup_optimizers(trainer)", "step": null, "ts": 1691665965.811579}]}, "version": 125}
{"obj": {"type": "LogStrings", "path": ["monitoring", "732a2908", "stderr"], "values": [{"value": "\n", "step": null, "ts": 1691665965.8449101}]}, "version": 126}
{"obj": {"type": "LogStrings", "path": ["monitoring", "732a2908", "stderr"], "values": [{"value": "", "step": null, "ts": 1691665965.9526405}]}, "version": 127}
{"obj": {"type": "LogStrings", "path": ["monitoring", "732a2908", "stderr"], "values": [{"value": "  File \"/anaconda/envs/behrt_cpu/lib/python3.11/site-packages/lightning/pytorch/strategies/strategy.py\", line 139, in setup_optimizers\n", "step": null, "ts": 1691665966.0018454}]}, "version": 128}
{"obj": {"type": "LogStrings", "path": ["monitoring", "732a2908", "stderr"], "values": [{"value": "", "step": null, "ts": 1691665966.0350711}]}, "version": 129}
{"obj": {"type": "LogStrings", "path": ["monitoring", "732a2908", "stderr"], "values": [{"value": "    ", "step": null, "ts": 1691665966.0724084}]}, "version": 130}
{"obj": {"type": "LogStrings", "path": ["monitoring", "732a2908", "stderr"], "values": [{"value": "self.optimizers, self.lr_scheduler_configs = _init_optimizers_and_lr_schedulers(self.lightning_module)", "step": null, "ts": 1691665966.1221037}]}, "version": 131}
{"obj": {"type": "LogStrings", "path": ["monitoring", "732a2908", "stderr"], "values": [{"value": "\n", "step": null, "ts": 1691665966.1568618}]}, "version": 132}
{"obj": {"type": "LogStrings", "path": ["monitoring", "732a2908", "stderr"], "values": [{"value": "", "step": null, "ts": 1691665966.1967106}]}, "version": 133}
{"obj": {"type": "LogStrings", "path": ["monitoring", "732a2908", "stderr"], "values": [{"value": " ", "step": null, "ts": 1691665966.2409425}]}, "version": 134}
{"obj": {"type": "LogStrings", "path": ["monitoring", "732a2908", "stderr"], "values": [{"value": " ", "step": null, "ts": 1691665966.2685342}]}, "version": 135}
{"obj": {"type": "LogStrings", "path": ["monitoring", "732a2908", "stderr"], "values": [{"value": " ", "step": null, "ts": 1691665966.2993536}]}, "version": 136}
{"obj": {"type": "LogStrings", "path": ["monitoring", "732a2908", "stderr"], "values": [{"value": " ", "step": null, "ts": 1691665966.323288}]}, "version": 137}
{"obj": {"type": "LogStrings", "path": ["monitoring", "732a2908", "stderr"], "values": [{"value": " ", "step": null, "ts": 1691665966.3468902}]}, "version": 138}
{"obj": {"type": "LogStrings", "path": ["monitoring", "732a2908", "stderr"], "values": [{"value": " ", "step": null, "ts": 1691665966.3973587}]}, "version": 139}
{"obj": {"type": "LogStrings", "path": ["monitoring", "732a2908", "stderr"], "values": [{"value": " ", "step": null, "ts": 1691665966.4849856}]}, "version": 140}
{"obj": {"type": "LogStrings", "path": ["monitoring", "732a2908", "stderr"], "values": [{"value": " ", "step": null, "ts": 1691665966.5084512}]}, "version": 141}
{"obj": {"type": "LogStrings", "path": ["monitoring", "732a2908", "stderr"], "values": [{"value": " ", "step": null, "ts": 1691665966.5332446}]}, "version": 142}
{"obj": {"type": "LogStrings", "path": ["monitoring", "732a2908", "stderr"], "values": [{"value": " ", "step": null, "ts": 1691665966.5858455}]}, "version": 143}
{"obj": {"type": "LogStrings", "path": ["monitoring", "732a2908", "stderr"], "values": [{"value": " ", "step": null, "ts": 1691665966.6073816}]}, "version": 144}
{"obj": {"type": "LogStrings", "path": ["monitoring", "732a2908", "stderr"], "values": [{"value": " ", "step": null, "ts": 1691665966.6344066}]}, "version": 145}
{"obj": {"type": "LogStrings", "path": ["monitoring", "732a2908", "stderr"], "values": [{"value": " ", "step": null, "ts": 1691665966.6879432}]}, "version": 146}
{"obj": {"type": "LogStrings", "path": ["monitoring", "732a2908", "stderr"], "values": [{"value": " ", "step": null, "ts": 1691665966.709796}]}, "version": 147}
{"obj": {"type": "LogStrings", "path": ["monitoring", "732a2908", "stderr"], "values": [{"value": " ", "step": null, "ts": 1691665966.7291958}]}, "version": 148}
{"obj": {"type": "LogStrings", "path": ["monitoring", "732a2908", "stderr"], "values": [{"value": " ", "step": null, "ts": 1691665966.7866983}]}, "version": 149}
{"obj": {"type": "LogStrings", "path": ["monitoring", "732a2908", "stderr"], "values": [{"value": " ", "step": null, "ts": 1691665966.8131123}]}, "version": 150}
{"obj": {"type": "LogStrings", "path": ["monitoring", "732a2908", "stderr"], "values": [{"value": " ", "step": null, "ts": 1691665966.9036996}]}, "version": 151}
{"obj": {"type": "LogStrings", "path": ["monitoring", "732a2908", "stderr"], "values": [{"value": " ", "step": null, "ts": 1691665967.0355513}]}, "version": 152}
{"obj": {"type": "LogStrings", "path": ["monitoring", "732a2908", "stderr"], "values": [{"value": " ", "step": null, "ts": 1691665967.139149}]}, "version": 153}
{"obj": {"type": "LogStrings", "path": ["monitoring", "732a2908", "stderr"], "values": [{"value": " ", "step": null, "ts": 1691665967.2093608}]}, "version": 154}
{"obj": {"type": "LogStrings", "path": ["monitoring", "732a2908", "stderr"], "values": [{"value": " ", "step": null, "ts": 1691665967.234022}]}, "version": 155}
{"obj": {"type": "LogStrings", "path": ["monitoring", "732a2908", "stderr"], "values": [{"value": " ", "step": null, "ts": 1691665967.2559679}]}, "version": 156}
{"obj": {"type": "LogStrings", "path": ["monitoring", "732a2908", "stderr"], "values": [{"value": " ", "step": null, "ts": 1691665967.3421464}]}, "version": 157}
{"obj": {"type": "LogStrings", "path": ["monitoring", "732a2908", "stderr"], "values": [{"value": " ", "step": null, "ts": 1691665967.371102}]}, "version": 158}
{"obj": {"type": "LogStrings", "path": ["monitoring", "732a2908", "stderr"], "values": [{"value": " ", "step": null, "ts": 1691665967.4288704}]}, "version": 159}
{"obj": {"type": "LogStrings", "path": ["monitoring", "732a2908", "stderr"], "values": [{"value": " ", "step": null, "ts": 1691665967.508969}]}, "version": 160}
{"obj": {"type": "LogStrings", "path": ["monitoring", "732a2908", "stderr"], "values": [{"value": " ", "step": null, "ts": 1691665967.5412204}]}, "version": 161}
{"obj": {"type": "LogStrings", "path": ["monitoring", "732a2908", "stderr"], "values": [{"value": " ", "step": null, "ts": 1691665967.5978553}]}, "version": 162}
{"obj": {"type": "LogStrings", "path": ["monitoring", "732a2908", "stderr"], "values": [{"value": " ", "step": null, "ts": 1691665967.6493018}]}, "version": 163}
{"obj": {"type": "LogStrings", "path": ["monitoring", "732a2908", "stderr"], "values": [{"value": " ", "step": null, "ts": 1691665967.6735728}]}, "version": 164}
{"obj": {"type": "LogStrings", "path": ["monitoring", "732a2908", "stderr"], "values": [{"value": " ", "step": null, "ts": 1691665967.6934283}]}, "version": 165}
{"obj": {"type": "LogStrings", "path": ["monitoring", "732a2908", "stderr"], "values": [{"value": " ", "step": null, "ts": 1691665967.7170022}]}, "version": 166}
{"obj": {"type": "LogStrings", "path": ["monitoring", "732a2908", "stderr"], "values": [{"value": " ", "step": null, "ts": 1691665967.738413}]}, "version": 167}
{"obj": {"type": "LogStrings", "path": ["monitoring", "732a2908", "stderr"], "values": [{"value": " ", "step": null, "ts": 1691665967.8214695}]}, "version": 168}
{"obj": {"type": "LogStrings", "path": ["monitoring", "732a2908", "stderr"], "values": [{"value": " ", "step": null, "ts": 1691665967.881993}]}, "version": 169}
{"obj": {"type": "LogStrings", "path": ["monitoring", "732a2908", "stderr"], "values": [{"value": " ", "step": null, "ts": 1691665967.9139755}]}, "version": 170}
{"obj": {"type": "LogStrings", "path": ["monitoring", "732a2908", "stderr"], "values": [{"value": " ", "step": null, "ts": 1691665967.9343963}]}, "version": 171}
{"obj": {"type": "LogStrings", "path": ["monitoring", "732a2908", "stderr"], "values": [{"value": " ", "step": null, "ts": 1691665967.9546728}]}, "version": 172}
{"obj": {"type": "LogStrings", "path": ["monitoring", "732a2908", "stderr"], "values": [{"value": " ", "step": null, "ts": 1691665968.0010333}]}, "version": 173}
{"obj": {"type": "LogStrings", "path": ["monitoring", "732a2908", "stderr"], "values": [{"value": " ", "step": null, "ts": 1691665968.0611365}]}, "version": 174}
{"obj": {"type": "LogStrings", "path": ["monitoring", "732a2908", "stderr"], "values": [{"value": " ", "step": null, "ts": 1691665968.108965}]}, "version": 175}
{"obj": {"type": "LogStrings", "path": ["monitoring", "732a2908", "stderr"], "values": [{"value": " ", "step": null, "ts": 1691665968.1288884}]}, "version": 176}
{"obj": {"type": "LogStrings", "path": ["monitoring", "732a2908", "stderr"], "values": [{"value": " ", "step": null, "ts": 1691665968.1697056}]}, "version": 177}
{"obj": {"type": "LogStrings", "path": ["monitoring", "732a2908", "stderr"], "values": [{"value": " ", "step": null, "ts": 1691665968.1905894}]}, "version": 178}
{"obj": {"type": "LogStrings", "path": ["monitoring", "732a2908", "stderr"], "values": [{"value": " ", "step": null, "ts": 1691665968.2998822}]}, "version": 179}
{"obj": {"type": "LogStrings", "path": ["monitoring", "732a2908", "stderr"], "values": [{"value": " ", "step": null, "ts": 1691665968.3840878}]}, "version": 180}
{"obj": {"type": "LogStrings", "path": ["monitoring", "732a2908", "stderr"], "values": [{"value": " ", "step": null, "ts": 1691665968.4667573}]}, "version": 181}
{"obj": {"type": "LogStrings", "path": ["monitoring", "732a2908", "stderr"], "values": [{"value": " ", "step": null, "ts": 1691665968.4889758}]}, "version": 182}
{"obj": {"type": "LogStrings", "path": ["monitoring", "732a2908", "stderr"], "values": [{"value": "^", "step": null, "ts": 1691665968.532619}]}, "version": 183}
{"obj": {"type": "LogStrings", "path": ["monitoring", "732a2908", "stderr"], "values": [{"value": "^", "step": null, "ts": 1691665968.554776}]}, "version": 184}
{"obj": {"type": "LogStrings", "path": ["monitoring", "732a2908", "stderr"], "values": [{"value": "^", "step": null, "ts": 1691665968.6438646}]}, "version": 185}
{"obj": {"type": "LogStrings", "path": ["monitoring", "732a2908", "stderr"], "values": [{"value": "^", "step": null, "ts": 1691665968.6953912}]}, "version": 186}
{"obj": {"type": "LogStrings", "path": ["monitoring", "732a2908", "stderr"], "values": [{"value": "^", "step": null, "ts": 1691665968.7420712}]}, "version": 187}
{"obj": {"type": "LogStrings", "path": ["monitoring", "732a2908", "stderr"], "values": [{"value": "^", "step": null, "ts": 1691665968.875705}]}, "version": 188}
{"obj": {"type": "LogStrings", "path": ["monitoring", "732a2908", "stderr"], "values": [{"value": "^", "step": null, "ts": 1691665968.8985653}]}, "version": 189}
{"obj": {"type": "LogStrings", "path": ["monitoring", "732a2908", "stderr"], "values": [{"value": "^", "step": null, "ts": 1691665968.9440768}]}, "version": 190}
{"obj": {"type": "LogStrings", "path": ["monitoring", "732a2908", "stderr"], "values": [{"value": "^", "step": null, "ts": 1691665968.9794948}]}, "version": 191}
{"obj": {"type": "LogStrings", "path": ["monitoring", "732a2908", "stderr"], "values": [{"value": "^", "step": null, "ts": 1691665969.0023494}]}, "version": 192}
{"obj": {"type": "LogStrings", "path": ["monitoring", "732a2908", "stderr"], "values": [{"value": "^", "step": null, "ts": 1691665969.0302968}]}, "version": 193}
{"obj": {"type": "LogStrings", "path": ["monitoring", "732a2908", "stderr"], "values": [{"value": "^", "step": null, "ts": 1691665969.0573027}]}, "version": 194}
{"obj": {"type": "LogStrings", "path": ["monitoring", "732a2908", "stderr"], "values": [{"value": "^", "step": null, "ts": 1691665969.106673}]}, "version": 195}
{"obj": {"type": "LogStrings", "path": ["monitoring", "732a2908", "stderr"], "values": [{"value": "^", "step": null, "ts": 1691665969.1367044}]}, "version": 196}
{"obj": {"type": "LogStrings", "path": ["monitoring", "732a2908", "stderr"], "values": [{"value": "^", "step": null, "ts": 1691665969.1589253}]}, "version": 197}
{"obj": {"type": "LogStrings", "path": ["monitoring", "732a2908", "stderr"], "values": [{"value": "^", "step": null, "ts": 1691665969.2024043}]}, "version": 198}
{"obj": {"type": "LogStrings", "path": ["monitoring", "732a2908", "stderr"], "values": [{"value": "^", "step": null, "ts": 1691665969.223806}]}, "version": 199}
{"obj": {"type": "LogStrings", "path": ["monitoring", "732a2908", "stderr"], "values": [{"value": "^", "step": null, "ts": 1691665969.245903}]}, "version": 200}
{"obj": {"type": "LogStrings", "path": ["monitoring", "732a2908", "stderr"], "values": [{"value": "^", "step": null, "ts": 1691665969.2666202}]}, "version": 201}
{"obj": {"type": "LogStrings", "path": ["monitoring", "732a2908", "stderr"], "values": [{"value": "^", "step": null, "ts": 1691665969.322008}]}, "version": 202}
{"obj": {"type": "LogStrings", "path": ["monitoring", "732a2908", "stderr"], "values": [{"value": "^", "step": null, "ts": 1691665969.3497639}]}, "version": 203}
{"obj": {"type": "LogStrings", "path": ["monitoring", "732a2908", "stderr"], "values": [{"value": "^", "step": null, "ts": 1691665969.3955252}]}, "version": 204}
{"obj": {"type": "LogStrings", "path": ["monitoring", "732a2908", "stderr"], "values": [{"value": "^", "step": null, "ts": 1691665969.419489}]}, "version": 205}
{"obj": {"type": "LogStrings", "path": ["monitoring", "732a2908", "stderr"], "values": [{"value": "^", "step": null, "ts": 1691665969.4771976}]}, "version": 206}
{"obj": {"type": "LogStrings", "path": ["monitoring", "732a2908", "stderr"], "values": [{"value": "^", "step": null, "ts": 1691665969.49647}]}, "version": 207}
{"obj": {"type": "LogStrings", "path": ["monitoring", "732a2908", "stderr"], "values": [{"value": "^", "step": null, "ts": 1691665969.522824}]}, "version": 208}
{"obj": {"type": "LogStrings", "path": ["monitoring", "732a2908", "stderr"], "values": [{"value": "^", "step": null, "ts": 1691665969.544531}]}, "version": 209}
{"obj": {"type": "LogStrings", "path": ["monitoring", "732a2908", "stderr"], "values": [{"value": "^", "step": null, "ts": 1691665969.6109552}]}, "version": 210}
{"obj": {"type": "LogStrings", "path": ["monitoring", "732a2908", "stderr"], "values": [{"value": "^", "step": null, "ts": 1691665969.6471658}]}, "version": 211}
{"obj": {"type": "LogStrings", "path": ["monitoring", "732a2908", "stderr"], "values": [{"value": "^", "step": null, "ts": 1691665969.693686}]}, "version": 212}
{"obj": {"type": "LogStrings", "path": ["monitoring", "732a2908", "stderr"], "values": [{"value": "^", "step": null, "ts": 1691665969.7135217}]}, "version": 213}
{"obj": {"type": "LogStrings", "path": ["monitoring", "732a2908", "stderr"], "values": [{"value": "^", "step": null, "ts": 1691665969.7605872}]}, "version": 214}
{"obj": {"type": "LogStrings", "path": ["monitoring", "732a2908", "stderr"], "values": [{"value": "^", "step": null, "ts": 1691665969.7816725}]}, "version": 215}
{"obj": {"type": "LogStrings", "path": ["monitoring", "732a2908", "stderr"], "values": [{"value": "^", "step": null, "ts": 1691665969.8027642}]}, "version": 216}
{"obj": {"type": "LogStrings", "path": ["monitoring", "732a2908", "stderr"], "values": [{"value": "^", "step": null, "ts": 1691665969.828788}]}, "version": 217}
{"obj": {"type": "LogStrings", "path": ["monitoring", "732a2908", "stderr"], "values": [{"value": "^", "step": null, "ts": 1691665969.8546093}]}, "version": 218}
{"obj": {"type": "LogStrings", "path": ["monitoring", "732a2908", "stderr"], "values": [{"value": "^", "step": null, "ts": 1691665969.8845472}]}, "version": 219}
{"obj": {"type": "LogStrings", "path": ["monitoring", "732a2908", "stderr"], "values": [{"value": "^", "step": null, "ts": 1691665969.9331253}]}, "version": 220}
{"obj": {"type": "LogStrings", "path": ["monitoring", "732a2908", "stderr"], "values": [{"value": "^", "step": null, "ts": 1691665970.0269396}]}, "version": 221}
{"obj": {"type": "LogStrings", "path": ["monitoring", "732a2908", "stderr"], "values": [{"value": "^", "step": null, "ts": 1691665970.0889971}]}, "version": 222}
{"obj": {"type": "LogStrings", "path": ["monitoring", "732a2908", "stderr"], "values": [{"value": "^", "step": null, "ts": 1691665970.1376421}]}, "version": 223}
{"obj": {"type": "LogStrings", "path": ["monitoring", "732a2908", "stderr"], "values": [{"value": "^", "step": null, "ts": 1691665970.1742914}]}, "version": 224}
{"obj": {"type": "LogStrings", "path": ["monitoring", "732a2908", "stderr"], "values": [{"value": "^", "step": null, "ts": 1691665970.1983378}]}, "version": 225}
{"obj": {"type": "LogStrings", "path": ["monitoring", "732a2908", "stderr"], "values": [{"value": "^", "step": null, "ts": 1691665970.2643158}]}, "version": 226}
{"obj": {"type": "LogStrings", "path": ["monitoring", "732a2908", "stderr"], "values": [{"value": "^", "step": null, "ts": 1691665970.297962}]}, "version": 227}
{"obj": {"type": "LogStrings", "path": ["monitoring", "732a2908", "stderr"], "values": [{"value": "^", "step": null, "ts": 1691665970.3187559}]}, "version": 228}
{"obj": {"type": "LogStrings", "path": ["monitoring", "732a2908", "stderr"], "values": [{"value": "^", "step": null, "ts": 1691665970.3723342}]}, "version": 229}
{"obj": {"type": "LogStrings", "path": ["monitoring", "732a2908", "stderr"], "values": [{"value": "^", "step": null, "ts": 1691665970.4215653}]}, "version": 230}
{"obj": {"type": "LogStrings", "path": ["monitoring", "732a2908", "stderr"], "values": [{"value": "^", "step": null, "ts": 1691665970.4471235}]}, "version": 231}
{"obj": {"type": "LogStrings", "path": ["monitoring", "732a2908", "stderr"], "values": [{"value": "^", "step": null, "ts": 1691665970.4843934}]}, "version": 232}
{"obj": {"type": "LogStrings", "path": ["monitoring", "732a2908", "stderr"], "values": [{"value": "^", "step": null, "ts": 1691665970.5082743}]}, "version": 233}
{"obj": {"type": "LogStrings", "path": ["monitoring", "732a2908", "stderr"], "values": [{"value": "^", "step": null, "ts": 1691665970.5556986}]}, "version": 234}
{"obj": {"type": "LogStrings", "path": ["monitoring", "732a2908", "stderr"], "values": [{"value": "^", "step": null, "ts": 1691665970.6069725}]}, "version": 235}
{"obj": {"type": "LogStrings", "path": ["monitoring", "732a2908", "stderr"], "values": [{"value": "^", "step": null, "ts": 1691665970.685479}]}, "version": 236}
{"obj": {"type": "LogStrings", "path": ["monitoring", "732a2908", "stderr"], "values": [{"value": "^", "step": null, "ts": 1691665970.7067704}]}, "version": 237}
{"obj": {"type": "LogStrings", "path": ["monitoring", "732a2908", "stderr"], "values": [{"value": "^", "step": null, "ts": 1691665970.7292097}]}, "version": 238}
{"obj": {"type": "LogStrings", "path": ["monitoring", "732a2908", "stderr"], "values": [{"value": "^", "step": null, "ts": 1691665970.751675}]}, "version": 239}
{"obj": {"type": "LogStrings", "path": ["monitoring", "732a2908", "stderr"], "values": [{"value": "\n", "step": null, "ts": 1691665970.7780027}]}, "version": 240}
{"obj": {"type": "LogStrings", "path": ["monitoring", "732a2908", "stderr"], "values": [{"value": "", "step": null, "ts": 1691665970.8690286}]}, "version": 241}
{"obj": {"type": "LogStrings", "path": ["monitoring", "732a2908", "stderr"], "values": [{"value": "  File \"/anaconda/envs/behrt_cpu/lib/python3.11/site-packages/lightning/pytorch/core/optimizer.py\", line 168, in _init_optimizers_and_lr_schedulers\n", "step": null, "ts": 1691665970.8972602}]}, "version": 242}
{"obj": {"type": "LogStrings", "path": ["monitoring", "732a2908", "stderr"], "values": [{"value": "", "step": null, "ts": 1691665970.9209151}]}, "version": 243}
{"obj": {"type": "LogStrings", "path": ["monitoring", "732a2908", "stderr"], "values": [{"value": "    ", "step": null, "ts": 1691665970.961696}]}, "version": 244}
{"obj": {"type": "LogFloats", "path": ["monitoring", "732a2908", "cpu"], "values": [{"value": 15.9, "step": null, "ts": 1691665970.9675198}]}, "version": 245}
{"obj": {"type": "LogStrings", "path": ["monitoring", "732a2908", "stderr"], "values": [{"value": "optim_conf = call._call_lightning_module_hook(model.trainer, \"configure_optimizers\", pl_module=model)", "step": null, "ts": 1691665971.093125}]}, "version": 246}
{"obj": {"type": "LogFloats", "path": ["monitoring", "732a2908", "memory"], "values": [{"value": 8.098258972167969, "step": null, "ts": 1691665970.9675198}]}, "version": 247}
{"obj": {"type": "LogStrings", "path": ["monitoring", "732a2908", "stderr"], "values": [{"value": "\n", "step": null, "ts": 1691665971.2000618}]}, "version": 248}
{"obj": {"type": "LogStrings", "path": ["monitoring", "732a2908", "stderr"], "values": [{"value": "", "step": null, "ts": 1691665971.2820091}]}, "version": 249}
{"obj": {"type": "LogStrings", "path": ["monitoring", "732a2908", "stderr"], "values": [{"value": " ", "step": null, "ts": 1691665971.338393}]}, "version": 250}
{"obj": {"type": "LogStrings", "path": ["monitoring", "732a2908", "stderr"], "values": [{"value": " ", "step": null, "ts": 1691665971.3830106}]}, "version": 251}
{"obj": {"type": "LogStrings", "path": ["monitoring", "732a2908", "stderr"], "values": [{"value": " ", "step": null, "ts": 1691665971.403093}]}, "version": 252}
{"obj": {"type": "LogStrings", "path": ["monitoring", "732a2908", "stderr"], "values": [{"value": " ", "step": null, "ts": 1691665971.425426}]}, "version": 253}
{"obj": {"type": "LogStrings", "path": ["monitoring", "732a2908", "stderr"], "values": [{"value": " ", "step": null, "ts": 1691665971.4458916}]}, "version": 254}
{"obj": {"type": "LogStrings", "path": ["monitoring", "732a2908", "stderr"], "values": [{"value": " ", "step": null, "ts": 1691665971.4670498}]}, "version": 255}
{"obj": {"type": "LogStrings", "path": ["monitoring", "732a2908", "stderr"], "values": [{"value": " ", "step": null, "ts": 1691665971.5176418}]}, "version": 256}
{"obj": {"type": "LogStrings", "path": ["monitoring", "732a2908", "stderr"], "values": [{"value": " ", "step": null, "ts": 1691665971.5394132}]}, "version": 257}
{"obj": {"type": "LogStrings", "path": ["monitoring", "732a2908", "stderr"], "values": [{"value": " ", "step": null, "ts": 1691665971.5619175}]}, "version": 258}
{"obj": {"type": "LogStrings", "path": ["monitoring", "732a2908", "stderr"], "values": [{"value": " ", "step": null, "ts": 1691665971.5846531}]}, "version": 259}
{"obj": {"type": "LogStrings", "path": ["monitoring", "732a2908", "stderr"], "values": [{"value": " ", "step": null, "ts": 1691665971.605028}]}, "version": 260}
{"obj": {"type": "LogStrings", "path": ["monitoring", "732a2908", "stderr"], "values": [{"value": " ", "step": null, "ts": 1691665971.658852}]}, "version": 261}
{"obj": {"type": "LogStrings", "path": ["monitoring", "732a2908", "stderr"], "values": [{"value": " ", "step": null, "ts": 1691665971.6830158}]}, "version": 262}
{"obj": {"type": "LogStrings", "path": ["monitoring", "732a2908", "stderr"], "values": [{"value": " ", "step": null, "ts": 1691665971.727902}]}, "version": 263}
{"obj": {"type": "LogStrings", "path": ["monitoring", "732a2908", "stderr"], "values": [{"value": " ", "step": null, "ts": 1691665971.790967}]}, "version": 264}
{"obj": {"type": "LogStrings", "path": ["monitoring", "732a2908", "stderr"], "values": [{"value": " ", "step": null, "ts": 1691665971.837782}]}, "version": 265}
{"obj": {"type": "LogStrings", "path": ["monitoring", "732a2908", "stderr"], "values": [{"value": " ", "step": null, "ts": 1691665971.8626242}]}, "version": 266}
{"obj": {"type": "LogStrings", "path": ["monitoring", "732a2908", "stderr"], "values": [{"value": "^", "step": null, "ts": 1691665971.8841708}]}, "version": 267}
{"obj": {"type": "LogStrings", "path": ["monitoring", "732a2908", "stderr"], "values": [{"value": "^", "step": null, "ts": 1691665971.9305542}]}, "version": 268}
{"obj": {"type": "LogStrings", "path": ["monitoring", "732a2908", "stderr"], "values": [{"value": "^", "step": null, "ts": 1691665971.9571579}]}, "version": 269}
{"obj": {"type": "LogStrings", "path": ["monitoring", "732a2908", "stderr"], "values": [{"value": "^", "step": null, "ts": 1691665971.9837146}]}, "version": 270}
{"obj": {"type": "LogStrings", "path": ["monitoring", "732a2908", "stderr"], "values": [{"value": "^", "step": null, "ts": 1691665972.003329}]}, "version": 271}
{"obj": {"type": "LogStrings", "path": ["monitoring", "732a2908", "stderr"], "values": [{"value": "^", "step": null, "ts": 1691665972.0554228}]}, "version": 272}
{"obj": {"type": "LogStrings", "path": ["monitoring", "732a2908", "stderr"], "values": [{"value": "^", "step": null, "ts": 1691665972.088133}]}, "version": 273}
{"obj": {"type": "LogStrings", "path": ["monitoring", "732a2908", "stderr"], "values": [{"value": "^", "step": null, "ts": 1691665972.1369212}]}, "version": 274}
{"obj": {"type": "LogStrings", "path": ["monitoring", "732a2908", "stderr"], "values": [{"value": "^", "step": null, "ts": 1691665972.1767824}]}, "version": 275}
{"obj": {"type": "LogStrings", "path": ["monitoring", "732a2908", "stderr"], "values": [{"value": "^", "step": null, "ts": 1691665972.2061746}]}, "version": 276}
{"obj": {"type": "LogStrings", "path": ["monitoring", "732a2908", "stderr"], "values": [{"value": "^", "step": null, "ts": 1691665972.275175}]}, "version": 277}
{"obj": {"type": "LogStrings", "path": ["monitoring", "732a2908", "stderr"], "values": [{"value": "^", "step": null, "ts": 1691665972.324367}]}, "version": 278}
{"obj": {"type": "LogStrings", "path": ["monitoring", "732a2908", "stderr"], "values": [{"value": "^", "step": null, "ts": 1691665972.3730106}]}, "version": 279}
{"obj": {"type": "LogStrings", "path": ["monitoring", "732a2908", "stderr"], "values": [{"value": "^", "step": null, "ts": 1691665972.4248576}]}, "version": 280}
{"obj": {"type": "LogStrings", "path": ["monitoring", "732a2908", "stderr"], "values": [{"value": "^", "step": null, "ts": 1691665972.4657335}]}, "version": 281}
{"obj": {"type": "LogStrings", "path": ["monitoring", "732a2908", "stderr"], "values": [{"value": "^", "step": null, "ts": 1691665972.4849377}]}, "version": 282}
{"obj": {"type": "LogStrings", "path": ["monitoring", "732a2908", "stderr"], "values": [{"value": "^", "step": null, "ts": 1691665972.516623}]}, "version": 283}
{"obj": {"type": "LogStrings", "path": ["monitoring", "732a2908", "stderr"], "values": [{"value": "^", "step": null, "ts": 1691665972.543906}]}, "version": 284}
{"obj": {"type": "LogStrings", "path": ["monitoring", "732a2908", "stderr"], "values": [{"value": "^", "step": null, "ts": 1691665972.5653882}]}, "version": 285}
{"obj": {"type": "LogStrings", "path": ["monitoring", "732a2908", "stderr"], "values": [{"value": "^", "step": null, "ts": 1691665972.6003008}]}, "version": 286}
{"obj": {"type": "LogStrings", "path": ["monitoring", "732a2908", "stderr"], "values": [{"value": "^", "step": null, "ts": 1691665972.6225646}]}, "version": 287}
{"obj": {"type": "LogStrings", "path": ["monitoring", "732a2908", "stderr"], "values": [{"value": "^", "step": null, "ts": 1691665972.6672826}]}, "version": 288}
{"obj": {"type": "LogStrings", "path": ["monitoring", "732a2908", "stderr"], "values": [{"value": "^", "step": null, "ts": 1691665972.7430122}]}, "version": 289}
{"obj": {"type": "LogStrings", "path": ["monitoring", "732a2908", "stderr"], "values": [{"value": "^", "step": null, "ts": 1691665972.7637234}]}, "version": 290}
{"obj": {"type": "LogStrings", "path": ["monitoring", "732a2908", "stderr"], "values": [{"value": "^", "step": null, "ts": 1691665972.8138995}]}, "version": 291}
{"obj": {"type": "LogStrings", "path": ["monitoring", "732a2908", "stderr"], "values": [{"value": "^", "step": null, "ts": 1691665972.8973343}]}, "version": 292}
{"obj": {"type": "LogStrings", "path": ["monitoring", "732a2908", "stderr"], "values": [{"value": "^", "step": null, "ts": 1691665973.0054474}]}, "version": 293}
{"obj": {"type": "LogStrings", "path": ["monitoring", "732a2908", "stderr"], "values": [{"value": "^", "step": null, "ts": 1691665973.054917}]}, "version": 294}
{"obj": {"type": "LogStrings", "path": ["monitoring", "732a2908", "stderr"], "values": [{"value": "^", "step": null, "ts": 1691665973.082393}]}, "version": 295}
{"obj": {"type": "LogStrings", "path": ["monitoring", "732a2908", "stderr"], "values": [{"value": "^", "step": null, "ts": 1691665973.134118}]}, "version": 296}
{"obj": {"type": "LogStrings", "path": ["monitoring", "732a2908", "stderr"], "values": [{"value": "^", "step": null, "ts": 1691665973.2362556}]}, "version": 297}
{"obj": {"type": "LogStrings", "path": ["monitoring", "732a2908", "stderr"], "values": [{"value": "^", "step": null, "ts": 1691665973.300807}]}, "version": 298}
{"obj": {"type": "LogStrings", "path": ["monitoring", "732a2908", "stderr"], "values": [{"value": "^", "step": null, "ts": 1691665973.3249497}]}, "version": 299}
{"obj": {"type": "LogStrings", "path": ["monitoring", "732a2908", "stderr"], "values": [{"value": "^", "step": null, "ts": 1691665973.3593786}]}, "version": 300}
{"obj": {"type": "LogStrings", "path": ["monitoring", "732a2908", "stderr"], "values": [{"value": "^", "step": null, "ts": 1691665973.4171312}]}, "version": 301}
{"obj": {"type": "LogStrings", "path": ["monitoring", "732a2908", "stderr"], "values": [{"value": "^", "step": null, "ts": 1691665973.472049}]}, "version": 302}
{"obj": {"type": "LogStrings", "path": ["monitoring", "732a2908", "stderr"], "values": [{"value": "^", "step": null, "ts": 1691665973.4924424}]}, "version": 303}
{"obj": {"type": "LogStrings", "path": ["monitoring", "732a2908", "stderr"], "values": [{"value": "^", "step": null, "ts": 1691665973.531766}]}, "version": 304}
{"obj": {"type": "LogStrings", "path": ["monitoring", "732a2908", "stderr"], "values": [{"value": "^", "step": null, "ts": 1691665973.5637357}]}, "version": 305}
{"obj": {"type": "LogStrings", "path": ["monitoring", "732a2908", "stderr"], "values": [{"value": "^", "step": null, "ts": 1691665973.6357908}]}, "version": 306}
{"obj": {"type": "LogStrings", "path": ["monitoring", "732a2908", "stderr"], "values": [{"value": "^", "step": null, "ts": 1691665973.655323}]}, "version": 307}
{"obj": {"type": "LogStrings", "path": ["monitoring", "732a2908", "stderr"], "values": [{"value": "^", "step": null, "ts": 1691665973.6767104}]}, "version": 308}
{"obj": {"type": "LogStrings", "path": ["monitoring", "732a2908", "stderr"], "values": [{"value": "^", "step": null, "ts": 1691665973.7051914}]}, "version": 309}
{"obj": {"type": "LogStrings", "path": ["monitoring", "732a2908", "stderr"], "values": [{"value": "^", "step": null, "ts": 1691665973.809676}]}, "version": 310}
{"obj": {"type": "LogStrings", "path": ["monitoring", "732a2908", "stderr"], "values": [{"value": "^", "step": null, "ts": 1691665973.8316705}]}, "version": 311}
{"obj": {"type": "LogStrings", "path": ["monitoring", "732a2908", "stderr"], "values": [{"value": "^", "step": null, "ts": 1691665973.8525825}]}, "version": 312}
{"obj": {"type": "LogStrings", "path": ["monitoring", "732a2908", "stderr"], "values": [{"value": "^", "step": null, "ts": 1691665973.8777208}]}, "version": 313}
{"obj": {"type": "LogStrings", "path": ["monitoring", "732a2908", "stderr"], "values": [{"value": "^", "step": null, "ts": 1691665973.9234092}]}, "version": 314}
{"obj": {"type": "LogStrings", "path": ["monitoring", "732a2908", "stderr"], "values": [{"value": "^", "step": null, "ts": 1691665973.9485261}]}, "version": 315}
{"obj": {"type": "LogStrings", "path": ["monitoring", "732a2908", "stderr"], "values": [{"value": "^", "step": null, "ts": 1691665974.004852}]}, "version": 316}
{"obj": {"type": "LogStrings", "path": ["monitoring", "732a2908", "stderr"], "values": [{"value": "^", "step": null, "ts": 1691665974.0274234}]}, "version": 317}
{"obj": {"type": "LogStrings", "path": ["monitoring", "732a2908", "stderr"], "values": [{"value": "^", "step": null, "ts": 1691665974.0883405}]}, "version": 318}
{"obj": {"type": "LogStrings", "path": ["monitoring", "732a2908", "stderr"], "values": [{"value": "^", "step": null, "ts": 1691665974.131139}]}, "version": 319}
{"obj": {"type": "LogStrings", "path": ["monitoring", "732a2908", "stderr"], "values": [{"value": "^", "step": null, "ts": 1691665974.1899276}]}, "version": 320}
{"obj": {"type": "LogStrings", "path": ["monitoring", "732a2908", "stderr"], "values": [{"value": "^", "step": null, "ts": 1691665974.2393181}]}, "version": 321}
{"obj": {"type": "LogStrings", "path": ["monitoring", "732a2908", "stderr"], "values": [{"value": "^", "step": null, "ts": 1691665974.2871966}]}, "version": 322}
{"obj": {"type": "LogStrings", "path": ["monitoring", "732a2908", "stderr"], "values": [{"value": "^", "step": null, "ts": 1691665974.3232138}]}, "version": 323}
{"obj": {"type": "LogStrings", "path": ["monitoring", "732a2908", "stderr"], "values": [{"value": "^", "step": null, "ts": 1691665974.374863}]}, "version": 324}
{"obj": {"type": "LogStrings", "path": ["monitoring", "732a2908", "stderr"], "values": [{"value": "^", "step": null, "ts": 1691665974.399108}]}, "version": 325}
{"obj": {"type": "LogStrings", "path": ["monitoring", "732a2908", "stderr"], "values": [{"value": "^", "step": null, "ts": 1691665974.5636358}]}, "version": 326}
{"obj": {"type": "LogStrings", "path": ["monitoring", "732a2908", "stderr"], "values": [{"value": "^", "step": null, "ts": 1691665974.5874565}]}, "version": 327}
{"obj": {"type": "LogStrings", "path": ["monitoring", "732a2908", "stderr"], "values": [{"value": "^", "step": null, "ts": 1691665974.6081886}]}, "version": 328}
{"obj": {"type": "LogStrings", "path": ["monitoring", "732a2908", "stderr"], "values": [{"value": "^", "step": null, "ts": 1691665974.6373394}]}, "version": 329}
{"obj": {"type": "LogStrings", "path": ["monitoring", "732a2908", "stderr"], "values": [{"value": "^", "step": null, "ts": 1691665974.687788}]}, "version": 330}
{"obj": {"type": "LogStrings", "path": ["monitoring", "732a2908", "stderr"], "values": [{"value": "^", "step": null, "ts": 1691665974.708177}]}, "version": 331}
{"obj": {"type": "LogStrings", "path": ["monitoring", "732a2908", "stderr"], "values": [{"value": "^", "step": null, "ts": 1691665974.76782}]}, "version": 332}
{"obj": {"type": "LogStrings", "path": ["monitoring", "732a2908", "stderr"], "values": [{"value": "^", "step": null, "ts": 1691665974.794942}]}, "version": 333}
{"obj": {"type": "LogStrings", "path": ["monitoring", "732a2908", "stderr"], "values": [{"value": "^", "step": null, "ts": 1691665974.816413}]}, "version": 334}
{"obj": {"type": "LogStrings", "path": ["monitoring", "732a2908", "stderr"], "values": [{"value": "^", "step": null, "ts": 1691665974.8403}]}, "version": 335}
{"obj": {"type": "LogStrings", "path": ["monitoring", "732a2908", "stderr"], "values": [{"value": "^", "step": null, "ts": 1691665974.9050019}]}, "version": 336}
{"obj": {"type": "LogStrings", "path": ["monitoring", "732a2908", "stderr"], "values": [{"value": "^", "step": null, "ts": 1691665975.018044}]}, "version": 337}
{"obj": {"type": "LogStrings", "path": ["monitoring", "732a2908", "stderr"], "values": [{"value": "^", "step": null, "ts": 1691665975.0692356}]}, "version": 338}
{"obj": {"type": "LogStrings", "path": ["monitoring", "732a2908", "stderr"], "values": [{"value": "^", "step": null, "ts": 1691665975.0998602}]}, "version": 339}
{"obj": {"type": "LogStrings", "path": ["monitoring", "732a2908", "stderr"], "values": [{"value": "^", "step": null, "ts": 1691665975.1444783}]}, "version": 340}
{"obj": {"type": "LogStrings", "path": ["monitoring", "732a2908", "stderr"], "values": [{"value": "^", "step": null, "ts": 1691665975.1978333}]}, "version": 341}
{"obj": {"type": "LogStrings", "path": ["monitoring", "732a2908", "stderr"], "values": [{"value": "^", "step": null, "ts": 1691665975.250489}]}, "version": 342}
{"obj": {"type": "LogStrings", "path": ["monitoring", "732a2908", "stderr"], "values": [{"value": "^", "step": null, "ts": 1691665975.278278}]}, "version": 343}
{"obj": {"type": "LogStrings", "path": ["monitoring", "732a2908", "stderr"], "values": [{"value": "^", "step": null, "ts": 1691665975.314871}]}, "version": 344}
{"obj": {"type": "LogStrings", "path": ["monitoring", "732a2908", "stderr"], "values": [{"value": "^", "step": null, "ts": 1691665975.3723714}]}, "version": 345}
{"obj": {"type": "LogStrings", "path": ["monitoring", "732a2908", "stderr"], "values": [{"value": "^", "step": null, "ts": 1691665975.3945296}]}, "version": 346}
{"obj": {"type": "LogStrings", "path": ["monitoring", "732a2908", "stderr"], "values": [{"value": "^", "step": null, "ts": 1691665975.4607317}]}, "version": 347}
{"obj": {"type": "LogStrings", "path": ["monitoring", "732a2908", "stderr"], "values": [{"value": "^", "step": null, "ts": 1691665975.4883664}]}, "version": 348}
{"obj": {"type": "LogStrings", "path": ["monitoring", "732a2908", "stderr"], "values": [{"value": "^", "step": null, "ts": 1691665975.5096655}]}, "version": 349}
{"obj": {"type": "LogStrings", "path": ["monitoring", "732a2908", "stderr"], "values": [{"value": "^", "step": null, "ts": 1691665975.5529177}]}, "version": 350}
{"obj": {"type": "LogStrings", "path": ["monitoring", "732a2908", "stderr"], "values": [{"value": "^", "step": null, "ts": 1691665975.5779676}]}, "version": 351}
{"obj": {"type": "LogStrings", "path": ["monitoring", "732a2908", "stderr"], "values": [{"value": "^", "step": null, "ts": 1691665975.632452}]}, "version": 352}
{"obj": {"type": "LogStrings", "path": ["monitoring", "732a2908", "stderr"], "values": [{"value": "^", "step": null, "ts": 1691665975.6745412}]}, "version": 353}
{"obj": {"type": "LogStrings", "path": ["monitoring", "732a2908", "stderr"], "values": [{"value": "^", "step": null, "ts": 1691665975.742252}]}, "version": 354}
{"obj": {"type": "LogStrings", "path": ["monitoring", "732a2908", "stderr"], "values": [{"value": "\n", "step": null, "ts": 1691665975.800804}]}, "version": 355}
{"obj": {"type": "LogStrings", "path": ["monitoring", "732a2908", "stderr"], "values": [{"value": "", "step": null, "ts": 1691665975.8442209}]}, "version": 356}
{"obj": {"type": "LogStrings", "path": ["monitoring", "732a2908", "stderr"], "values": [{"value": "  File \"/anaconda/envs/behrt_cpu/lib/python3.11/site-packages/lightning/pytorch/trainer/call.py\", line 144, in _call_lightning_module_hook\n", "step": null, "ts": 1691665975.8838575}]}, "version": 357}
{"obj": {"type": "LogStrings", "path": ["monitoring", "732a2908", "stderr"], "values": [{"value": "", "step": null, "ts": 1691665975.931519}]}, "version": 358}
{"obj": {"type": "LogStrings", "path": ["monitoring", "732a2908", "stderr"], "values": [{"value": "    ", "step": null, "ts": 1691665975.9887028}]}, "version": 359}
{"obj": {"type": "LogStrings", "path": ["monitoring", "732a2908", "stderr"], "values": [{"value": "output = fn(*args, **kwargs)", "step": null, "ts": 1691665976.0171843}]}, "version": 360}
{"obj": {"type": "LogStrings", "path": ["monitoring", "732a2908", "stderr"], "values": [{"value": "\n", "step": null, "ts": 1691665976.0806577}]}, "version": 361}
{"obj": {"type": "LogStrings", "path": ["monitoring", "732a2908", "stderr"], "values": [{"value": "", "step": null, "ts": 1691665976.1029727}]}, "version": 362}
{"obj": {"type": "LogStrings", "path": ["monitoring", "732a2908", "stderr"], "values": [{"value": " ", "step": null, "ts": 1691665976.1295059}]}, "version": 363}
{"obj": {"type": "LogStrings", "path": ["monitoring", "732a2908", "stderr"], "values": [{"value": " ", "step": null, "ts": 1691665976.1723745}]}, "version": 364}
{"obj": {"type": "LogStrings", "path": ["monitoring", "732a2908", "stderr"], "values": [{"value": " ", "step": null, "ts": 1691665976.2353897}]}, "version": 365}
{"obj": {"type": "LogStrings", "path": ["monitoring", "732a2908", "stderr"], "values": [{"value": " ", "step": null, "ts": 1691665976.2717743}]}, "version": 366}
{"obj": {"type": "LogStrings", "path": ["monitoring", "732a2908", "stderr"], "values": [{"value": " ", "step": null, "ts": 1691665976.2921705}]}, "version": 367}
{"obj": {"type": "LogStrings", "path": ["monitoring", "732a2908", "stderr"], "values": [{"value": " ", "step": null, "ts": 1691665976.3414683}]}, "version": 368}
{"obj": {"type": "LogStrings", "path": ["monitoring", "732a2908", "stderr"], "values": [{"value": " ", "step": null, "ts": 1691665976.3985481}]}, "version": 369}
{"obj": {"type": "LogStrings", "path": ["monitoring", "732a2908", "stderr"], "values": [{"value": " ", "step": null, "ts": 1691665976.437531}]}, "version": 370}
{"obj": {"type": "LogStrings", "path": ["monitoring", "732a2908", "stderr"], "values": [{"value": " ", "step": null, "ts": 1691665976.513971}]}, "version": 371}
{"obj": {"type": "LogStrings", "path": ["monitoring", "732a2908", "stderr"], "values": [{"value": " ", "step": null, "ts": 1691665976.6709304}]}, "version": 372}
{"obj": {"type": "LogStrings", "path": ["monitoring", "732a2908", "stderr"], "values": [{"value": " ", "step": null, "ts": 1691665976.7276957}]}, "version": 373}
{"obj": {"type": "LogStrings", "path": ["monitoring", "732a2908", "stderr"], "values": [{"value": " ", "step": null, "ts": 1691665976.7628033}]}, "version": 374}
{"obj": {"type": "LogStrings", "path": ["monitoring", "732a2908", "stderr"], "values": [{"value": " ", "step": null, "ts": 1691665976.8129826}]}, "version": 375}
{"obj": {"type": "LogStrings", "path": ["monitoring", "732a2908", "stderr"], "values": [{"value": "^", "step": null, "ts": 1691665976.871788}]}, "version": 376}
{"obj": {"type": "LogStrings", "path": ["monitoring", "732a2908", "stderr"], "values": [{"value": "^", "step": null, "ts": 1691665976.9680796}]}, "version": 377}
{"obj": {"type": "LogStrings", "path": ["monitoring", "732a2908", "stderr"], "values": [{"value": "^", "step": null, "ts": 1691665977.08042}]}, "version": 378}
{"obj": {"type": "LogStrings", "path": ["monitoring", "732a2908", "stderr"], "values": [{"value": "^", "step": null, "ts": 1691665977.1373963}]}, "version": 379}
{"obj": {"type": "LogStrings", "path": ["monitoring", "732a2908", "stderr"], "values": [{"value": "^", "step": null, "ts": 1691665977.181034}]}, "version": 380}
{"obj": {"type": "LogStrings", "path": ["monitoring", "732a2908", "stderr"], "values": [{"value": "^", "step": null, "ts": 1691665977.2342165}]}, "version": 381}
{"obj": {"type": "LogStrings", "path": ["monitoring", "732a2908", "stderr"], "values": [{"value": "^", "step": null, "ts": 1691665977.2714493}]}, "version": 382}
{"obj": {"type": "LogStrings", "path": ["monitoring", "732a2908", "stderr"], "values": [{"value": "^", "step": null, "ts": 1691665977.2985198}]}, "version": 383}
{"obj": {"type": "LogStrings", "path": ["monitoring", "732a2908", "stderr"], "values": [{"value": "^", "step": null, "ts": 1691665977.3527882}]}, "version": 384}
{"obj": {"type": "LogStrings", "path": ["monitoring", "732a2908", "stderr"], "values": [{"value": "^", "step": null, "ts": 1691665977.4016762}]}, "version": 385}
{"obj": {"type": "LogStrings", "path": ["monitoring", "732a2908", "stderr"], "values": [{"value": "^", "step": null, "ts": 1691665977.4291751}]}, "version": 386}
{"obj": {"type": "LogStrings", "path": ["monitoring", "732a2908", "stderr"], "values": [{"value": "^", "step": null, "ts": 1691665977.5204759}]}, "version": 387}
{"obj": {"type": "LogStrings", "path": ["monitoring", "732a2908", "stderr"], "values": [{"value": "^", "step": null, "ts": 1691665977.5455234}]}, "version": 388}
{"obj": {"type": "LogStrings", "path": ["monitoring", "732a2908", "stderr"], "values": [{"value": "^", "step": null, "ts": 1691665977.566565}]}, "version": 389}
{"obj": {"type": "LogStrings", "path": ["monitoring", "732a2908", "stderr"], "values": [{"value": "^", "step": null, "ts": 1691665977.6265786}]}, "version": 390}
{"obj": {"type": "LogStrings", "path": ["monitoring", "732a2908", "stderr"], "values": [{"value": "^", "step": null, "ts": 1691665977.6771374}]}, "version": 391}
{"obj": {"type": "LogStrings", "path": ["monitoring", "732a2908", "stderr"], "values": [{"value": "^", "step": null, "ts": 1691665977.7720795}]}, "version": 392}
{"obj": {"type": "LogStrings", "path": ["monitoring", "732a2908", "stderr"], "values": [{"value": "^", "step": null, "ts": 1691665977.8291154}]}, "version": 393}
{"obj": {"type": "LogStrings", "path": ["monitoring", "732a2908", "stderr"], "values": [{"value": "^", "step": null, "ts": 1691665977.9291635}]}, "version": 394}
{"obj": {"type": "LogStrings", "path": ["monitoring", "732a2908", "stderr"], "values": [{"value": "\n", "step": null, "ts": 1691665977.9700203}]}, "version": 395}
{"obj": {"type": "LogStrings", "path": ["monitoring", "732a2908", "stderr"], "values": [{"value": "", "step": null, "ts": 1691665978.027103}]}, "version": 396}
{"obj": {"type": "LogStrings", "path": ["monitoring", "732a2908", "stderr"], "values": [{"value": "  File \"/mnt/batch/tasks/shared/LS_root/mounts/clusters/mikkel4c14/code/Users/mikkel.sinkjaer/transformerEHR/task/../model/behrt.py\", line 292, in configure_optimizers\n", "step": null, "ts": 1691665978.0537744}]}, "version": 397}
{"obj": {"type": "LogStrings", "path": ["monitoring", "732a2908", "stderr"], "values": [{"value": "", "step": null, "ts": 1691665978.0969033}]}, "version": 398}
{"obj": {"type": "LogStrings", "path": ["monitoring", "732a2908", "stderr"], "values": [{"value": "    ", "step": null, "ts": 1691665978.1272936}]}, "version": 399}
{"obj": {"type": "LogStrings", "path": ["monitoring", "732a2908", "stderr"], "values": [{"value": "optimizer = torch.optim.Adam(self.parameters(), lr=self.config.optim_params.lr,weight_decay=self.config.optim_params.weight_decay)", "step": null, "ts": 1691665978.148391}]}, "version": 400}
{"obj": {"type": "LogStrings", "path": ["monitoring", "732a2908", "stderr"], "values": [{"value": "\n", "step": null, "ts": 1691665978.1985393}]}, "version": 401}
{"obj": {"type": "LogStrings", "path": ["monitoring", "732a2908", "stderr"], "values": [{"value": "", "step": null, "ts": 1691665978.2798457}]}, "version": 402}
{"obj": {"type": "LogStrings", "path": ["monitoring", "732a2908", "stderr"], "values": [{"value": " ", "step": null, "ts": 1691665978.3234494}]}, "version": 403}
{"obj": {"type": "LogStrings", "path": ["monitoring", "732a2908", "stderr"], "values": [{"value": " ", "step": null, "ts": 1691665978.3466802}]}, "version": 404}
{"obj": {"type": "LogStrings", "path": ["monitoring", "732a2908", "stderr"], "values": [{"value": " ", "step": null, "ts": 1691665978.3858514}]}, "version": 405}
{"obj": {"type": "LogStrings", "path": ["monitoring", "732a2908", "stderr"], "values": [{"value": " ", "step": null, "ts": 1691665978.452512}]}, "version": 406}
{"obj": {"type": "LogStrings", "path": ["monitoring", "732a2908", "stderr"], "values": [{"value": " ", "step": null, "ts": 1691665978.474112}]}, "version": 407}
{"obj": {"type": "LogStrings", "path": ["monitoring", "732a2908", "stderr"], "values": [{"value": " ", "step": null, "ts": 1691665978.4936607}]}, "version": 408}
{"obj": {"type": "LogStrings", "path": ["monitoring", "732a2908", "stderr"], "values": [{"value": " ", "step": null, "ts": 1691665978.5949965}]}, "version": 409}
{"obj": {"type": "LogStrings", "path": ["monitoring", "732a2908", "stderr"], "values": [{"value": " ", "step": null, "ts": 1691665978.6197798}]}, "version": 410}
{"obj": {"type": "LogStrings", "path": ["monitoring", "732a2908", "stderr"], "values": [{"value": " ", "step": null, "ts": 1691665978.640511}]}, "version": 411}
{"obj": {"type": "LogStrings", "path": ["monitoring", "732a2908", "stderr"], "values": [{"value": " ", "step": null, "ts": 1691665978.6630483}]}, "version": 412}
{"obj": {"type": "LogStrings", "path": ["monitoring", "732a2908", "stderr"], "values": [{"value": " ", "step": null, "ts": 1691665978.6837475}]}, "version": 413}
{"obj": {"type": "LogStrings", "path": ["monitoring", "732a2908", "stderr"], "values": [{"value": " ", "step": null, "ts": 1691665978.7078226}]}, "version": 414}
{"obj": {"type": "LogStrings", "path": ["monitoring", "732a2908", "stderr"], "values": [{"value": " ", "step": null, "ts": 1691665978.7314494}]}, "version": 415}
{"obj": {"type": "LogStrings", "path": ["monitoring", "732a2908", "stderr"], "values": [{"value": " ", "step": null, "ts": 1691665978.7505116}]}, "version": 416}
{"obj": {"type": "LogStrings", "path": ["monitoring", "732a2908", "stderr"], "values": [{"value": " ", "step": null, "ts": 1691665978.773589}]}, "version": 417}
{"obj": {"type": "LogStrings", "path": ["monitoring", "732a2908", "stderr"], "values": [{"value": " ", "step": null, "ts": 1691665978.7948868}]}, "version": 418}
{"obj": {"type": "LogStrings", "path": ["monitoring", "732a2908", "stderr"], "values": [{"value": " ", "step": null, "ts": 1691665978.8577974}]}, "version": 419}
{"obj": {"type": "LogStrings", "path": ["monitoring", "732a2908", "stderr"], "values": [{"value": " ", "step": null, "ts": 1691665978.8939366}]}, "version": 420}
{"obj": {"type": "LogStrings", "path": ["monitoring", "732a2908", "stderr"], "values": [{"value": " ", "step": null, "ts": 1691665978.9239445}]}, "version": 421}
{"obj": {"type": "LogStrings", "path": ["monitoring", "732a2908", "stderr"], "values": [{"value": " ", "step": null, "ts": 1691665978.9533772}]}, "version": 422}
{"obj": {"type": "LogStrings", "path": ["monitoring", "732a2908", "stderr"], "values": [{"value": " ", "step": null, "ts": 1691665978.9828768}]}, "version": 423}
{"obj": {"type": "LogStrings", "path": ["monitoring", "732a2908", "stderr"], "values": [{"value": " ", "step": null, "ts": 1691665979.0717733}]}, "version": 424}
{"obj": {"type": "LogStrings", "path": ["monitoring", "732a2908", "stderr"], "values": [{"value": " ", "step": null, "ts": 1691665979.1306226}]}, "version": 425}
{"obj": {"type": "LogStrings", "path": ["monitoring", "732a2908", "stderr"], "values": [{"value": " ", "step": null, "ts": 1691665979.1520061}]}, "version": 426}
{"obj": {"type": "LogStrings", "path": ["monitoring", "732a2908", "stderr"], "values": [{"value": " ", "step": null, "ts": 1691665979.2074814}]}, "version": 427}
{"obj": {"type": "LogStrings", "path": ["monitoring", "732a2908", "stderr"], "values": [{"value": " ", "step": null, "ts": 1691665979.253439}]}, "version": 428}
{"obj": {"type": "LogStrings", "path": ["monitoring", "732a2908", "stderr"], "values": [{"value": " ", "step": null, "ts": 1691665979.2806504}]}, "version": 429}
{"obj": {"type": "LogStrings", "path": ["monitoring", "732a2908", "stderr"], "values": [{"value": " ", "step": null, "ts": 1691665979.306594}]}, "version": 430}
{"obj": {"type": "LogStrings", "path": ["monitoring", "732a2908", "stderr"], "values": [{"value": " ", "step": null, "ts": 1691665979.3488333}]}, "version": 431}
{"obj": {"type": "LogStrings", "path": ["monitoring", "732a2908", "stderr"], "values": [{"value": " ", "step": null, "ts": 1691665979.370432}]}, "version": 432}
{"obj": {"type": "LogStrings", "path": ["monitoring", "732a2908", "stderr"], "values": [{"value": " ", "step": null, "ts": 1691665979.3982189}]}, "version": 433}
{"obj": {"type": "LogStrings", "path": ["monitoring", "732a2908", "stderr"], "values": [{"value": " ", "step": null, "ts": 1691665979.4289875}]}, "version": 434}
{"obj": {"type": "LogStrings", "path": ["monitoring", "732a2908", "stderr"], "values": [{"value": " ", "step": null, "ts": 1691665979.4523597}]}, "version": 435}
{"obj": {"type": "LogStrings", "path": ["monitoring", "732a2908", "stderr"], "values": [{"value": " ", "step": null, "ts": 1691665979.5092866}]}, "version": 436}
{"obj": {"type": "LogStrings", "path": ["monitoring", "732a2908", "stderr"], "values": [{"value": " ", "step": null, "ts": 1691665979.632991}]}, "version": 437}
{"obj": {"type": "LogStrings", "path": ["monitoring", "732a2908", "stderr"], "values": [{"value": " ", "step": null, "ts": 1691665979.6789274}]}, "version": 438}
{"obj": {"type": "LogStrings", "path": ["monitoring", "732a2908", "stderr"], "values": [{"value": " ", "step": null, "ts": 1691665979.7326267}]}, "version": 439}
{"obj": {"type": "LogStrings", "path": ["monitoring", "732a2908", "stderr"], "values": [{"value": " ", "step": null, "ts": 1691665979.7843876}]}, "version": 440}
{"obj": {"type": "LogStrings", "path": ["monitoring", "732a2908", "stderr"], "values": [{"value": " ", "step": null, "ts": 1691665979.8373473}]}, "version": 441}
{"obj": {"type": "LogStrings", "path": ["monitoring", "732a2908", "stderr"], "values": [{"value": " ", "step": null, "ts": 1691665979.8594787}]}, "version": 442}
{"obj": {"type": "LogStrings", "path": ["monitoring", "732a2908", "stderr"], "values": [{"value": " ", "step": null, "ts": 1691665979.8986008}]}, "version": 443}
{"obj": {"type": "LogStrings", "path": ["monitoring", "732a2908", "stderr"], "values": [{"value": " ", "step": null, "ts": 1691665979.9514387}]}, "version": 444}
{"obj": {"type": "LogStrings", "path": ["monitoring", "732a2908", "stderr"], "values": [{"value": " ", "step": null, "ts": 1691665979.998422}]}, "version": 445}
{"obj": {"type": "LogStrings", "path": ["monitoring", "732a2908", "stderr"], "values": [{"value": " ", "step": null, "ts": 1691665980.0490522}]}, "version": 446}
{"obj": {"type": "LogStrings", "path": ["monitoring", "732a2908", "stderr"], "values": [{"value": " ", "step": null, "ts": 1691665980.0865402}]}, "version": 447}
{"obj": {"type": "LogStrings", "path": ["monitoring", "732a2908", "stderr"], "values": [{"value": " ", "step": null, "ts": 1691665980.1488044}]}, "version": 448}
{"obj": {"type": "LogStrings", "path": ["monitoring", "732a2908", "stderr"], "values": [{"value": " ", "step": null, "ts": 1691665980.1755748}]}, "version": 449}
{"obj": {"type": "LogStrings", "path": ["monitoring", "732a2908", "stderr"], "values": [{"value": " ", "step": null, "ts": 1691665980.2267845}]}, "version": 450}
{"obj": {"type": "LogStrings", "path": ["monitoring", "732a2908", "stderr"], "values": [{"value": " ", "step": null, "ts": 1691665980.2619336}]}, "version": 451}
{"obj": {"type": "LogStrings", "path": ["monitoring", "732a2908", "stderr"], "values": [{"value": " ", "step": null, "ts": 1691665980.336987}]}, "version": 452}
{"obj": {"type": "LogStrings", "path": ["monitoring", "732a2908", "stderr"], "values": [{"value": " ", "step": null, "ts": 1691665980.5477486}]}, "version": 453}
{"obj": {"type": "LogStrings", "path": ["monitoring", "732a2908", "stderr"], "values": [{"value": " ", "step": null, "ts": 1691665980.5738335}]}, "version": 454}
{"obj": {"type": "LogStrings", "path": ["monitoring", "732a2908", "stderr"], "values": [{"value": " ", "step": null, "ts": 1691665980.5944183}]}, "version": 455}
{"obj": {"type": "LogStrings", "path": ["monitoring", "732a2908", "stderr"], "values": [{"value": " ", "step": null, "ts": 1691665980.6729438}]}, "version": 456}
{"obj": {"type": "LogStrings", "path": ["monitoring", "732a2908", "stderr"], "values": [{"value": " ", "step": null, "ts": 1691665980.7132692}]}, "version": 457}
{"obj": {"type": "LogStrings", "path": ["monitoring", "732a2908", "stderr"], "values": [{"value": "^", "step": null, "ts": 1691665980.7408352}]}, "version": 458}
{"obj": {"type": "LogStrings", "path": ["monitoring", "732a2908", "stderr"], "values": [{"value": "^", "step": null, "ts": 1691665980.812492}]}, "version": 459}
{"obj": {"type": "LogStrings", "path": ["monitoring", "732a2908", "stderr"], "values": [{"value": "^", "step": null, "ts": 1691665980.880155}]}, "version": 460}
{"obj": {"type": "LogStrings", "path": ["monitoring", "732a2908", "stderr"], "values": [{"value": "^", "step": null, "ts": 1691665981.0210063}]}, "version": 461}
{"obj": {"type": "LogStrings", "path": ["monitoring", "732a2908", "stderr"], "values": [{"value": "^", "step": null, "ts": 1691665981.0798328}]}, "version": 462}
{"obj": {"type": "LogStrings", "path": ["monitoring", "732a2908", "stderr"], "values": [{"value": "^", "step": null, "ts": 1691665981.173567}]}, "version": 463}
{"obj": {"type": "LogFloats", "path": ["monitoring", "732a2908", "cpu"], "values": [{"value": 6.4, "step": null, "ts": 1691665981.2001362}]}, "version": 464}
{"obj": {"type": "LogStrings", "path": ["monitoring", "732a2908", "stderr"], "values": [{"value": "^", "step": null, "ts": 1691665981.2944365}]}, "version": 465}
{"obj": {"type": "LogStrings", "path": ["monitoring", "732a2908", "stderr"], "values": [{"value": "^", "step": null, "ts": 1691665981.3712008}]}, "version": 466}
{"obj": {"type": "LogStrings", "path": ["monitoring", "732a2908", "stderr"], "values": [{"value": "^", "step": null, "ts": 1691665981.4467492}]}, "version": 467}
{"obj": {"type": "LogFloats", "path": ["monitoring", "732a2908", "memory"], "values": [{"value": 8.099910736083984, "step": null, "ts": 1691665981.2001362}]}, "version": 468}
{"obj": {"type": "LogStrings", "path": ["monitoring", "732a2908", "stderr"], "values": [{"value": "^", "step": null, "ts": 1691665981.613011}]}, "version": 469}
{"obj": {"type": "LogStrings", "path": ["monitoring", "732a2908", "stderr"], "values": [{"value": "^", "step": null, "ts": 1691665981.661668}]}, "version": 470}
{"obj": {"type": "LogStrings", "path": ["monitoring", "732a2908", "stderr"], "values": [{"value": "^", "step": null, "ts": 1691665981.7179222}]}, "version": 471}
{"obj": {"type": "LogStrings", "path": ["monitoring", "732a2908", "stderr"], "values": [{"value": "^", "step": null, "ts": 1691665981.7620196}]}, "version": 472}
{"obj": {"type": "LogStrings", "path": ["monitoring", "732a2908", "stderr"], "values": [{"value": "^", "step": null, "ts": 1691665981.806283}]}, "version": 473}
{"obj": {"type": "LogStrings", "path": ["monitoring", "732a2908", "stderr"], "values": [{"value": "^", "step": null, "ts": 1691665981.9051518}]}, "version": 474}
{"obj": {"type": "LogStrings", "path": ["monitoring", "732a2908", "stderr"], "values": [{"value": "^", "step": null, "ts": 1691665981.940028}]}, "version": 475}
{"obj": {"type": "LogStrings", "path": ["monitoring", "732a2908", "stderr"], "values": [{"value": "^", "step": null, "ts": 1691665981.9850216}]}, "version": 476}
{"obj": {"type": "LogStrings", "path": ["monitoring", "732a2908", "stderr"], "values": [{"value": "^", "step": null, "ts": 1691665982.0519714}]}, "version": 477}
{"obj": {"type": "LogStrings", "path": ["monitoring", "732a2908", "stderr"], "values": [{"value": "^", "step": null, "ts": 1691665982.089977}]}, "version": 478}
{"obj": {"type": "LogStrings", "path": ["monitoring", "732a2908", "stderr"], "values": [{"value": "^", "step": null, "ts": 1691665982.1227186}]}, "version": 479}
{"obj": {"type": "LogStrings", "path": ["monitoring", "732a2908", "stderr"], "values": [{"value": "^", "step": null, "ts": 1691665982.1783574}]}, "version": 480}
{"obj": {"type": "LogStrings", "path": ["monitoring", "732a2908", "stderr"], "values": [{"value": "^", "step": null, "ts": 1691665982.3225381}]}, "version": 481}
{"obj": {"type": "LogStrings", "path": ["monitoring", "732a2908", "stderr"], "values": [{"value": "^", "step": null, "ts": 1691665982.39687}]}, "version": 482}
{"obj": {"type": "LogStrings", "path": ["monitoring", "732a2908", "stderr"], "values": [{"value": "^", "step": null, "ts": 1691665982.4271665}]}, "version": 483}
{"obj": {"type": "LogStrings", "path": ["monitoring", "732a2908", "stderr"], "values": [{"value": "\n", "step": null, "ts": 1691665982.4640138}]}, "version": 484}
{"obj": {"type": "LogStrings", "path": ["monitoring", "732a2908", "stderr"], "values": [{"value": "", "step": null, "ts": 1691665982.5151024}]}, "version": 485}
{"obj": {"type": "LogStrings", "path": ["monitoring", "732a2908", "stderr"], "values": [{"value": "AttributeError", "step": null, "ts": 1691665982.5584517}]}, "version": 486}
{"obj": {"type": "LogStrings", "path": ["monitoring", "732a2908", "stderr"], "values": [{"value": ": ", "step": null, "ts": 1691665982.6201327}]}, "version": 487}
{"obj": {"type": "LogStrings", "path": ["monitoring", "732a2908", "stderr"], "values": [{"value": "'BertConfig' object has no attribute 'optim_params'", "step": null, "ts": 1691665982.6688268}]}, "version": 488}
{"obj": {"type": "LogStrings", "path": ["monitoring", "732a2908", "stderr"], "values": [{"value": ". Did you mean: '", "step": null, "ts": 1691665982.731996}]}, "version": 489}
{"obj": {"type": "LogStrings", "path": ["monitoring", "732a2908", "stderr"], "values": [{"value": "optim_param", "step": null, "ts": 1691665982.7928314}]}, "version": 490}
{"obj": {"type": "LogStrings", "path": ["monitoring", "732a2908", "stderr"], "values": [{"value": "'?", "step": null, "ts": 1691665982.8958294}]}, "version": 491}
{"obj": {"type": "LogStrings", "path": ["monitoring", "732a2908", "stderr"], "values": [{"value": "\n", "step": null, "ts": 1691665982.9863408}]}, "version": 492}
